This file contains any messages produced by compilers while
running configure, to aid debugging if configure makes a mistake.

It was created by configure, which was
generated by GNU Autoconf 2.57.  Invocation command line was

  $ ./configure CXXFLAGS=-g -O2 -w -std=c++11 CCFLAGS=-g -O2 -w --prefix=/home/jordan/dev/privateer/dependencies --enable-single --enable-float --enable-shared F77=gfortran

## --------- ##
## Platform. ##
## --------- ##

hostname = spectre
uname -m = x86_64
uname -r = 6.2.0-31-generic
uname -s = Linux
uname -v = #31~22.04.1-Ubuntu SMP PREEMPT_DYNAMIC Wed Aug 16 13:45:26 UTC 2

/usr/bin/uname -p = x86_64
/bin/uname -X     = unknown

/bin/arch              = x86_64
/usr/bin/arch -k       = unknown
/usr/convex/getsysinfo = unknown
hostinfo               = unknown
/bin/machine           = unknown
/usr/bin/oslevel       = unknown
/bin/universe          = unknown

PATH: /home/jordan/dev/privateer/pyenv/bin
PATH: /home/jordan/.nvm/versions/node/v18.17.0/bin
PATH: /home/jordan/miniconda3/condabin
PATH: /home/jordan/.local/bin
PATH: /home/jordan/.local/bin
PATH: /usr/local/sbin
PATH: /usr/local/bin
PATH: /usr/sbin
PATH: /usr/bin
PATH: /sbin
PATH: /bin
PATH: /usr/games
PATH: /usr/local/games
PATH: /snap/bin
PATH: /snap/bin
PATH: /home/jordan/.local/share/JetBrains/Toolbox/scripts
PATH: /home/jordan/.local/share/JetBrains/Toolbox/scripts


## ----------- ##
## Core tests. ##
## ----------- ##

configure:1500: checking for a BSD-compatible install
configure:1554: result: /usr/bin/install -c
configure:1565: checking whether build environment is sane
configure:1608: result: yes
configure:1641: checking for gawk
configure:1670: result: no
configure:1641: checking for mawk
configure:1657: found /usr/bin/mawk
configure:1667: result: mawk
configure:1677: checking whether make sets $(MAKE)
configure:1697: result: yes
configure:1965: checking type prefix for installed files
configure:1976: result: (none)
configure:2063: checking for vendor's cc to be used instead of gcc
configure:2067: checking for cc
configure:2093: result: /usr/bin/gcc
configure:2417: checking for C compiler version
configure:2420: /usr/bin/gcc --version </dev/null >&5
gcc (Ubuntu 11.4.0-1ubuntu1~22.04) 11.4.0
Copyright (C) 2021 Free Software Foundation, Inc.
This is free software; see the source for copying conditions.  There is NO
warranty; not even for MERCHANTABILITY or FITNESS FOR A PARTICULAR PURPOSE.

configure:2423: $? = 0
configure:2425: /usr/bin/gcc -v </dev/null >&5
Using built-in specs.
COLLECT_GCC=/usr/bin/gcc
COLLECT_LTO_WRAPPER=/usr/lib/gcc/x86_64-linux-gnu/11/lto-wrapper
OFFLOAD_TARGET_NAMES=nvptx-none:amdgcn-amdhsa
OFFLOAD_TARGET_DEFAULT=1
Target: x86_64-linux-gnu
Configured with: ../src/configure -v --with-pkgversion='Ubuntu 11.4.0-1ubuntu1~22.04' --with-bugurl=file:///usr/share/doc/gcc-11/README.Bugs --enable-languages=c,ada,c++,go,brig,d,fortran,objc,obj-c++,m2 --prefix=/usr --with-gcc-major-version-only --program-suffix=-11 --program-prefix=x86_64-linux-gnu- --enable-shared --enable-linker-build-id --libexecdir=/usr/lib --without-included-gettext --enable-threads=posix --libdir=/usr/lib --enable-nls --enable-bootstrap --enable-clocale=gnu --enable-libstdcxx-debug --enable-libstdcxx-time=yes --with-default-libstdcxx-abi=new --enable-gnu-unique-object --disable-vtable-verify --enable-plugin --enable-default-pie --with-system-zlib --enable-libphobos-checking=release --with-target-system-zlib=auto --enable-objc-gc=auto --enable-multiarch --disable-werror --enable-cet --with-arch-32=i686 --with-abi=m64 --with-multilib-list=m32,m64,mx32 --enable-multilib --with-tune=generic --enable-offload-targets=nvptx-none=/build/gcc-11-XeT9lY/gcc-11-11.4.0/debian/tmp-nvptx/usr,amdgcn-amdhsa=/build/gcc-11-XeT9lY/gcc-11-11.4.0/debian/tmp-gcn/usr --without-cuda-driver --enable-checking=release --build=x86_64-linux-gnu --host=x86_64-linux-gnu --target=x86_64-linux-gnu --with-build-config=bootstrap-lto-lean --enable-link-serialization=2
Thread model: posix
Supported LTO compression algorithms: zlib zstd
gcc version 11.4.0 (Ubuntu 11.4.0-1ubuntu1~22.04) 
configure:2428: $? = 0
configure:2430: /usr/bin/gcc -V </dev/null >&5
gcc: error: unrecognized command-line option '-V'
gcc: fatal error: no input files
compilation terminated.
configure:2433: $? = 1
configure:2457: checking for C compiler default output
configure:2460: /usr/bin/gcc  -I/home/jordan/dev/privateer/dependencies/include -L/home/jordan/dev/privateer/dependencies/lib -L/home/jordan/dev/privateer/dependencies/lib64 conftest.c  >&5
configure:2463: $? = 0
configure:2509: result: a.out
configure:2514: checking whether the C compiler works
configure:2520: ./a.out
configure:2523: $? = 0
configure:2540: result: yes
configure:2547: checking whether we are cross compiling
configure:2549: result: no
configure:2552: checking for suffix of executables
configure:2554: /usr/bin/gcc -o conftest  -I/home/jordan/dev/privateer/dependencies/include -L/home/jordan/dev/privateer/dependencies/lib -L/home/jordan/dev/privateer/dependencies/lib64 conftest.c  >&5
configure:2557: $? = 0
configure:2582: result: 
configure:2588: checking for suffix of object files
configure:2610: /usr/bin/gcc -c  -I/home/jordan/dev/privateer/dependencies/include conftest.c >&5
configure:2613: $? = 0
configure:2635: result: o
configure:2639: checking whether we are using the GNU C compiler
configure:2664: /usr/bin/gcc -c  -I/home/jordan/dev/privateer/dependencies/include conftest.c >&5
configure:2667: $? = 0
configure:2670: test -s conftest.o
configure:2673: $? = 0
configure:2686: result: yes
configure:2692: checking whether /usr/bin/gcc accepts -g
configure:2714: /usr/bin/gcc -c -g -I/home/jordan/dev/privateer/dependencies/include conftest.c >&5
configure:2717: $? = 0
configure:2720: test -s conftest.o
configure:2723: $? = 0
configure:2734: result: yes
configure:2751: checking for /usr/bin/gcc option to accept ANSI C
configure:2812: /usr/bin/gcc  -c -g -O2 -I/home/jordan/dev/privateer/dependencies/include conftest.c >&5
configure:2815: $? = 0
configure:2818: test -s conftest.o
configure:2821: $? = 0
configure:2839: result: none needed
configure:2857: /usr/bin/gcc -c -g -O2 -I/home/jordan/dev/privateer/dependencies/include conftest.c >&5
conftest.c:2:3: error: unknown type name 'choke'
    2 |   choke me
      |   ^~~~~
conftest.c:2:3: error: expected '=', ',', ';', 'asm' or '__attribute__' at end of input
configure:2860: $? = 1
configure: failed program was:
| #ifndef __cplusplus
|   choke me
| #endif
configure:2979: checking for style of include used by make
configure:3007: result: GNU
configure:3035: checking dependency style of /usr/bin/gcc
configure:3103: result: gcc3
configure:3122: checking whether we are using gcc 2.90 or later
configure:3136: /usr/bin/gcc -E conftest.c
configure:3139: $? = 0
configure:3147: result: yes
configure:3169: checking for a BSD-compatible install
configure:3223: result: /usr/bin/install -c
configure:3234: checking whether make sets $(MAKE)
configure:3254: result: yes
configure:3304: checking for ranlib
configure:3320: found /usr/bin/ranlib
configure:3331: result: ranlib
configure:3343: checking whether ln -s works
configure:3347: result: yes
configure:3404: checking build system type
configure:3422: result: x86_64-pc-linux-gnu
configure:3430: checking host system type
configure:3444: result: x86_64-pc-linux-gnu
configure:3474: checking for ld used by GCC
configure:3537: result: /usr/bin/ld
configure:3546: checking if the linker (/usr/bin/ld) is GNU ld
GNU ld (GNU Binutils for Ubuntu) 2.38
configure:3558: result: yes
configure:3563: checking for /usr/bin/ld option to reload object files
configure:3570: result: -r
configure:3575: checking for BSD-compatible nm
configure:3611: result: /usr/bin/nm -B
configure:3614: checking for a sed that does not truncate output
configure:3696: result: /usr/bin/sed
configure:3699: checking how to recognise dependent libraries
configure:3880: result: file_magic ELF [0-9][0-9]*-bit [LM]SB (shared object|dynamic lib )
configure:3893: checking command to parse /usr/bin/nm -B output
configure:3977: /usr/bin/gcc -c -g -O2 -I/home/jordan/dev/privateer/dependencies/include conftest.c >&5
configure:3980: $? = 0
configure:3984: /usr/bin/nm -B conftest.o \| sed -n -e 's/^.*[ 	]\([ABCDGISTW][ABCDGISTW]*\)[ 	][ 	]*\(\)\([_A-Za-z][_A-Za-z0-9]*\)$/\1 \2\3 \3/p' \> conftest.nm
configure:3987: $? = 0
configure:4039: /usr/bin/gcc -o conftest -g -O2 -I/home/jordan/dev/privateer/dependencies/include -L/home/jordan/dev/privateer/dependencies/lib -L/home/jordan/dev/privateer/dependencies/lib64 conftest.c conftstm.o >&5
configure:4042: $? = 0
configure:4086: result: ok
configure:4095: checking how to run the C preprocessor
configure:4131: /usr/bin/gcc -E -I/home/jordan/dev/privateer/dependencies/include conftest.c
configure:4137: $? = 0
configure:4169: /usr/bin/gcc -E -I/home/jordan/dev/privateer/dependencies/include conftest.c
configure:4171:10: fatal error: ac_nonexistent.h: No such file or directory
 4171 |   ac_status=$?
      |          ^~~~~             
compilation terminated.
configure:4175: $? = 1
configure: failed program was:
| #line 4160 "configure"
| /* confdefs.h.  */
| 
| #define PACKAGE_NAME ""
| #define PACKAGE_TARNAME ""
| #define PACKAGE_VERSION ""
| #define PACKAGE_STRING ""
| #define PACKAGE_BUGREPORT ""
| #define PACKAGE "fftw"
| #define VERSION "2.1.5"
| #define FFTW_ENABLE_FLOAT 1
| /* end confdefs.h.  */
| #include <ac_nonexistent.h>
configure:4213: result: /usr/bin/gcc -E
configure:4238: /usr/bin/gcc -E -I/home/jordan/dev/privateer/dependencies/include conftest.c
configure:4244: $? = 0
configure:4276: /usr/bin/gcc -E -I/home/jordan/dev/privateer/dependencies/include conftest.c
configure:4278:10: fatal error: ac_nonexistent.h: No such file or directory
 4278 |   ac_status=$?
      |          ^~~~~             
compilation terminated.
configure:4282: $? = 1
configure: failed program was:
| #line 4267 "configure"
| /* confdefs.h.  */
| 
| #define PACKAGE_NAME ""
| #define PACKAGE_TARNAME ""
| #define PACKAGE_VERSION ""
| #define PACKAGE_STRING ""
| #define PACKAGE_BUGREPORT ""
| #define PACKAGE "fftw"
| #define VERSION "2.1.5"
| #define FFTW_ENABLE_FLOAT 1
| /* end confdefs.h.  */
| #include <ac_nonexistent.h>
configure:4325: checking for egrep
configure:4335: result: grep -E
configure:4340: checking for ANSI C header files
configure:4366: /usr/bin/gcc -c -g -O2 -I/home/jordan/dev/privateer/dependencies/include conftest.c >&5
configure:4369: $? = 0
configure:4372: test -s conftest.o
configure:4375: $? = 0
configure:4467: /usr/bin/gcc -o conftest -g -O2 -I/home/jordan/dev/privateer/dependencies/include -L/home/jordan/dev/privateer/dependencies/lib -L/home/jordan/dev/privateer/dependencies/lib64 conftest.c  >&5
configure: In function 'main':
configure:4463:7: warning: implicit declaration of function 'exit' [-Wimplicit-function-declaration]
 4463 |   exit (0);
      |       ^~~~
configure:4447:1: note: include '<stdlib.h>' or provide a declaration of 'exit'
 4446 | #else
  +++ |+#include <stdlib.h>
 4447 | # define ISLOWER(c) \
configure:4463:7: warning: incompatible implicit declaration of built-in function 'exit' [-Wbuiltin-declaration-mismatch]
 4463 |   exit (0);
      |       ^~~~
configure:4463:7: note: include '<stdlib.h>' or provide a declaration of 'exit'
configure:4464:3: warning: incompatible implicit declaration of built-in function 'exit' [-Wbuiltin-declaration-mismatch]
 4464 | }
      |   ^   
configure:4464:3: note: include '<stdlib.h>' or provide a declaration of 'exit'
configure:4470: $? = 0
configure:4472: ./conftest
configure:4475: $? = 0
configure:4490: result: yes
configure:4514: checking for sys/types.h
configure:4531: /usr/bin/gcc -c -g -O2 -I/home/jordan/dev/privateer/dependencies/include conftest.c >&5
configure:4534: $? = 0
configure:4537: test -s conftest.o
configure:4540: $? = 0
configure:4551: result: yes
configure:4514: checking for sys/stat.h
configure:4531: /usr/bin/gcc -c -g -O2 -I/home/jordan/dev/privateer/dependencies/include conftest.c >&5
configure:4534: $? = 0
configure:4537: test -s conftest.o
configure:4540: $? = 0
configure:4551: result: yes
configure:4514: checking for stdlib.h
configure:4531: /usr/bin/gcc -c -g -O2 -I/home/jordan/dev/privateer/dependencies/include conftest.c >&5
configure:4534: $? = 0
configure:4537: test -s conftest.o
configure:4540: $? = 0
configure:4551: result: yes
configure:4514: checking for string.h
configure:4531: /usr/bin/gcc -c -g -O2 -I/home/jordan/dev/privateer/dependencies/include conftest.c >&5
configure:4534: $? = 0
configure:4537: test -s conftest.o
configure:4540: $? = 0
configure:4551: result: yes
configure:4514: checking for memory.h
configure:4531: /usr/bin/gcc -c -g -O2 -I/home/jordan/dev/privateer/dependencies/include conftest.c >&5
configure:4534: $? = 0
configure:4537: test -s conftest.o
configure:4540: $? = 0
configure:4551: result: yes
configure:4514: checking for strings.h
configure:4531: /usr/bin/gcc -c -g -O2 -I/home/jordan/dev/privateer/dependencies/include conftest.c >&5
configure:4534: $? = 0
configure:4537: test -s conftest.o
configure:4540: $? = 0
configure:4551: result: yes
configure:4514: checking for inttypes.h
configure:4531: /usr/bin/gcc -c -g -O2 -I/home/jordan/dev/privateer/dependencies/include conftest.c >&5
configure:4534: $? = 0
configure:4537: test -s conftest.o
configure:4540: $? = 0
configure:4551: result: yes
configure:4514: checking for stdint.h
configure:4531: /usr/bin/gcc -c -g -O2 -I/home/jordan/dev/privateer/dependencies/include conftest.c >&5
configure:4534: $? = 0
configure:4537: test -s conftest.o
configure:4540: $? = 0
configure:4551: result: yes
configure:4514: checking for unistd.h
configure:4531: /usr/bin/gcc -c -g -O2 -I/home/jordan/dev/privateer/dependencies/include conftest.c >&5
configure:4534: $? = 0
configure:4537: test -s conftest.o
configure:4540: $? = 0
configure:4551: result: yes
configure:4577: checking dlfcn.h usability
configure:4590: /usr/bin/gcc -c -g -O2 -I/home/jordan/dev/privateer/dependencies/include conftest.c >&5
configure:4593: $? = 0
configure:4596: test -s conftest.o
configure:4599: $? = 0
configure:4609: result: yes
configure:4613: checking dlfcn.h presence
configure:4624: /usr/bin/gcc -E -I/home/jordan/dev/privateer/dependencies/include conftest.c
configure:4630: $? = 0
configure:4649: result: yes
configure:4685: checking for dlfcn.h
configure:4692: result: yes
configure:4714: checking for file
configure:4769: result: /usr/bin/file
configure:4890: checking for ranlib
configure:4917: result: ranlib
configure:4970: checking for strip
configure:4986: found /usr/bin/strip
configure:4997: result: strip
configure:5207: checking for objdir
configure:5218: result: .libs
configure:5235: checking for /usr/bin/gcc option to produce PIC
configure:5381: result: -fPIC
configure:5385: checking if /usr/bin/gcc PIC flag -fPIC works
configure:5409: /usr/bin/gcc -c -g -O2 -fPIC -DPIC -I/home/jordan/dev/privateer/dependencies/include conftest.c >&5
configure:5412: $? = 0
configure:5415: test -s conftest.o
configure:5418: $? = 0
configure:5456: result: yes
configure:5472: checking if /usr/bin/gcc static flag -static works
configure:5497: /usr/bin/gcc -o conftest -g -O2 -I/home/jordan/dev/privateer/dependencies/include -L/home/jordan/dev/privateer/dependencies/lib -L/home/jordan/dev/privateer/dependencies/lib64 -static conftest.c  >&5
configure:5500: $? = 0
configure:5503: test -s conftest
configure:5506: $? = 0
configure:5522: result: yes
configure:5534: checking if /usr/bin/gcc supports -c -o file.o
configure:5554: /usr/bin/gcc -c -g -O2 -o out/conftest2.o -I/home/jordan/dev/privateer/dependencies/include conftest.c >&5
configure:5578: result: yes
configure:5583: checking if /usr/bin/gcc supports -c -o file.lo
configure:5611: /usr/bin/gcc -c -g -O2 -c -o conftest.lo -I/home/jordan/dev/privateer/dependencies/include conftest.c >&5
configure:5614: $? = 0
configure:5617: test -s conftest.lo
configure:5620: $? = 0
configure:5642: result: yes
configure:5673: checking if /usr/bin/gcc supports -fno-rtti -fno-exceptions
configure:5696: /usr/bin/gcc -c -g -O2 -fno-rtti -fno-exceptions -c conftest.c -I/home/jordan/dev/privateer/dependencies/include conftest.c >&5
cc1: warning: command-line option '-fno-rtti' is valid for C++/D/ObjC++ but not for C
cc1: warning: command-line option '-fno-rtti' is valid for C++/D/ObjC++ but not for C
configure:5699: $? = 0
configure:5702: test -s conftest.o
configure:5705: $? = 0
configure:5722: result: yes
configure:5733: checking whether the linker (/usr/bin/ld) supports shared libraries
configure:6428: result: yes
configure:6433: checking how to hardcode library paths into programs
configure:6457: result: immediate
configure:6462: checking whether stripping libraries is possible
configure:6467: result: yes
configure:6478: checking dynamic linker characteristics
configure:6885: result: GNU/Linux ld.so
configure:6890: checking if libtool supports shared libraries
configure:6892: result: yes
configure:6895: checking whether to build shared libraries
configure:6916: result: yes
configure:6919: checking whether to build static libraries
configure:6923: result: yes
configure:7613: checking whether -lc should be explicitly linked in
configure:7621: /usr/bin/gcc -c -g -O2 -I/home/jordan/dev/privateer/dependencies/include conftest.c >&5
configure:7624: $? = 0
configure:7638: /usr/bin/gcc -shared conftest.o  -v -Wl,-soname -Wl,conftest -o conftest 2\>\&1 \| grep  -lc  \>/dev/null 2\>\&1
configure:7641: $? = 0
configure:7654: result: no
configure:8229: checking for perl
configure:8245: found /usr/bin/perl
configure:8256: result: perl
configure:8359: checking for Fortran 77 compiler version
configure:8362: gfortran --version </dev/null >&5
GNU Fortran (Ubuntu 11.4.0-1ubuntu1~22.04) 11.4.0
Copyright (C) 2021 Free Software Foundation, Inc.
This is free software; see the source for copying conditions.  There is NO
warranty; not even for MERCHANTABILITY or FITNESS FOR A PARTICULAR PURPOSE.

configure:8365: $? = 0
configure:8367: gfortran -v </dev/null >&5
Using built-in specs.
COLLECT_GCC=gfortran
COLLECT_LTO_WRAPPER=/usr/lib/gcc/x86_64-linux-gnu/11/lto-wrapper
OFFLOAD_TARGET_NAMES=nvptx-none:amdgcn-amdhsa
OFFLOAD_TARGET_DEFAULT=1
Target: x86_64-linux-gnu
Configured with: ../src/configure -v --with-pkgversion='Ubuntu 11.4.0-1ubuntu1~22.04' --with-bugurl=file:///usr/share/doc/gcc-11/README.Bugs --enable-languages=c,ada,c++,go,brig,d,fortran,objc,obj-c++,m2 --prefix=/usr --with-gcc-major-version-only --program-suffix=-11 --program-prefix=x86_64-linux-gnu- --enable-shared --enable-linker-build-id --libexecdir=/usr/lib --without-included-gettext --enable-threads=posix --libdir=/usr/lib --enable-nls --enable-bootstrap --enable-clocale=gnu --enable-libstdcxx-debug --enable-libstdcxx-time=yes --with-default-libstdcxx-abi=new --enable-gnu-unique-object --disable-vtable-verify --enable-plugin --enable-default-pie --with-system-zlib --enable-libphobos-checking=release --with-target-system-zlib=auto --enable-objc-gc=auto --enable-multiarch --disable-werror --enable-cet --with-arch-32=i686 --with-abi=m64 --with-multilib-list=m32,m64,mx32 --enable-multilib --with-tune=generic --enable-offload-targets=nvptx-none=/build/gcc-11-XeT9lY/gcc-11-11.4.0/debian/tmp-nvptx/usr,amdgcn-amdhsa=/build/gcc-11-XeT9lY/gcc-11-11.4.0/debian/tmp-gcn/usr --without-cuda-driver --enable-checking=release --build=x86_64-linux-gnu --host=x86_64-linux-gnu --target=x86_64-linux-gnu --with-build-config=bootstrap-lto-lean --enable-link-serialization=2
Thread model: posix
Supported LTO compression algorithms: zlib zstd
gcc version 11.4.0 (Ubuntu 11.4.0-1ubuntu1~22.04) 
configure:8370: $? = 0
configure:8372: gfortran -V </dev/null >&5
gfortran: error: unrecognized command-line option '-V'
gfortran: fatal error: no input files
compilation terminated.
configure:8375: $? = 1
configure:8382: checking whether we are using the GNU Fortran 77 compiler
configure:8396: gfortran -c  conftest.F >&5
configure:8399: $? = 0
configure:8402: test -s conftest.o
configure:8405: $? = 0
configure:8418: result: yes
configure:8425: checking whether gfortran accepts -g
configure:8437: gfortran -c -g conftest.f >&5
configure:8440: $? = 0
configure:8443: test -s conftest.o
configure:8446: $? = 0
configure:8458: result: yes
configure:8491: checking how to get verbose linking output from gfortran
configure:8503: gfortran -c -g -O2 conftest.f >&5
configure:8506: $? = 0
configure:8509: test -s conftest.o
configure:8512: $? = 0
configure:8534: gfortran -o conftest -g -O2 -v -L/home/jordan/dev/privateer/dependencies/lib -L/home/jordan/dev/privateer/dependencies/lib64 conftest.f  >&5
Using built-in specs.
COLLECT_GCC=gfortran
COLLECT_LTO_WRAPPER=/usr/lib/gcc/x86_64-linux-gnu/11/lto-wrapper
OFFLOAD_TARGET_NAMES=nvptx-none:amdgcn-amdhsa
OFFLOAD_TARGET_DEFAULT=1
Target: x86_64-linux-gnu
Configured with: ../src/configure -v --with-pkgversion='Ubuntu 11.4.0-1ubuntu1~22.04' --with-bugurl=file:///usr/share/doc/gcc-11/README.Bugs --enable-languages=c,ada,c++,go,brig,d,fortran,objc,obj-c++,m2 --prefix=/usr --with-gcc-major-version-only --program-suffix=-11 --program-prefix=x86_64-linux-gnu- --enable-shared --enable-linker-build-id --libexecdir=/usr/lib --without-included-gettext --enable-threads=posix --libdir=/usr/lib --enable-nls --enable-bootstrap --enable-clocale=gnu --enable-libstdcxx-debug --enable-libstdcxx-time=yes --with-default-libstdcxx-abi=new --enable-gnu-unique-object --disable-vtable-verify --enable-plugin --enable-default-pie --with-system-zlib --enable-libphobos-checking=release --with-target-system-zlib=auto --enable-objc-gc=auto --enable-multiarch --disable-werror --enable-cet --with-arch-32=i686 --with-abi=m64 --with-multilib-list=m32,m64,mx32 --enable-multilib --with-tune=generic --enable-offload-targets=nvptx-none=/build/gcc-11-XeT9lY/gcc-11-11.4.0/debian/tmp-nvptx/usr,amdgcn-amdhsa=/build/gcc-11-XeT9lY/gcc-11-11.4.0/debian/tmp-gcn/usr --without-cuda-driver --enable-checking=release --build=x86_64-linux-gnu --host=x86_64-linux-gnu --target=x86_64-linux-gnu --with-build-config=bootstrap-lto-lean --enable-link-serialization=2
Thread model: posix
Supported LTO compression algorithms: zlib zstd
gcc version 11.4.0 (Ubuntu 11.4.0-1ubuntu1~22.04) 
COLLECT_GCC_OPTIONS='-o' 'conftest' '-g' '-O2' '-v' '-L/home/jordan/dev/privateer/dependencies/lib' '-L/home/jordan/dev/privateer/dependencies/lib64' '-shared-libgcc' '-mtune=generic' '-march=x86-64'
 /usr/lib/gcc/x86_64-linux-gnu/11/f951 conftest.f -ffixed-form -quiet -dumpbase conftest.f -dumpbase-ext .f -mtune=generic -march=x86-64 -g -O2 -version -fintrinsic-modules-path /usr/lib/gcc/x86_64-linux-gnu/11/finclude -fpre-include=/usr/include/finclude/math-vector-fortran.h -o /tmp/ccY3b3yy.s
GNU Fortran (Ubuntu 11.4.0-1ubuntu1~22.04) version 11.4.0 (x86_64-linux-gnu)
	compiled by GNU C version 11.4.0, GMP version 6.2.1, MPFR version 4.1.0, MPC version 1.2.1, isl version isl-0.24-GMP

GGC heuristics: --param ggc-min-expand=100 --param ggc-min-heapsize=131072
GNU Fortran2008 (Ubuntu 11.4.0-1ubuntu1~22.04) version 11.4.0 (x86_64-linux-gnu)
	compiled by GNU C version 11.4.0, GMP version 6.2.1, MPFR version 4.1.0, MPC version 1.2.1, isl version isl-0.24-GMP

GGC heuristics: --param ggc-min-expand=100 --param ggc-min-heapsize=131072
COLLECT_GCC_OPTIONS='-o' 'conftest' '-g' '-O2' '-v' '-L/home/jordan/dev/privateer/dependencies/lib' '-L/home/jordan/dev/privateer/dependencies/lib64' '-shared-libgcc' '-mtune=generic' '-march=x86-64'
 as -v --gdwarf-5 --64 -o /tmp/ccgwvHML.o /tmp/ccY3b3yy.s
GNU assembler version 2.38 (x86_64-linux-gnu) using BFD version (GNU Binutils for Ubuntu) 2.38
Reading specs from /usr/lib/gcc/x86_64-linux-gnu/11/libgfortran.spec
rename spec lib to liborig
COLLECT_GCC_OPTIONS='-o' 'conftest' '-g' '-O2' '-v' '-L/home/jordan/dev/privateer/dependencies/lib' '-L/home/jordan/dev/privateer/dependencies/lib64' '-shared-libgcc' '-mtune=generic' '-march=x86-64'
COMPILER_PATH=/usr/lib/gcc/x86_64-linux-gnu/11/:/usr/lib/gcc/x86_64-linux-gnu/11/:/usr/lib/gcc/x86_64-linux-gnu/:/usr/lib/gcc/x86_64-linux-gnu/11/:/usr/lib/gcc/x86_64-linux-gnu/
LIBRARY_PATH=/usr/lib/gcc/x86_64-linux-gnu/11/:/usr/lib/gcc/x86_64-linux-gnu/11/../../../x86_64-linux-gnu/:/usr/lib/gcc/x86_64-linux-gnu/11/../../../../lib/:/lib/x86_64-linux-gnu/:/lib/../lib/:/usr/lib/x86_64-linux-gnu/:/usr/lib/../lib/:/usr/lib/gcc/x86_64-linux-gnu/11/../../../:/lib/:/usr/lib/
COLLECT_GCC_OPTIONS='-o' 'conftest' '-g' '-O2' '-v' '-L/home/jordan/dev/privateer/dependencies/lib' '-L/home/jordan/dev/privateer/dependencies/lib64' '-shared-libgcc' '-mtune=generic' '-march=x86-64' '-dumpdir' 'conftest.'
 /usr/lib/gcc/x86_64-linux-gnu/11/collect2 -plugin /usr/lib/gcc/x86_64-linux-gnu/11/liblto_plugin.so -plugin-opt=/usr/lib/gcc/x86_64-linux-gnu/11/lto-wrapper -plugin-opt=-fresolution=/tmp/cckYuZZ7.res -plugin-opt=-pass-through=-lgcc_s -plugin-opt=-pass-through=-lgcc -plugin-opt=-pass-through=-lquadmath -plugin-opt=-pass-through=-lm -plugin-opt=-pass-through=-lgcc_s -plugin-opt=-pass-through=-lgcc -plugin-opt=-pass-through=-lc -plugin-opt=-pass-through=-lgcc_s -plugin-opt=-pass-through=-lgcc --build-id --eh-frame-hdr -m elf_x86_64 --hash-style=gnu --as-needed -dynamic-linker /lib64/ld-linux-x86-64.so.2 -pie -z now -z relro -o conftest /usr/lib/gcc/x86_64-linux-gnu/11/../../../x86_64-linux-gnu/Scrt1.o /usr/lib/gcc/x86_64-linux-gnu/11/../../../x86_64-linux-gnu/crti.o /usr/lib/gcc/x86_64-linux-gnu/11/crtbeginS.o -L/home/jordan/dev/privateer/dependencies/lib -L/home/jordan/dev/privateer/dependencies/lib64 -L/usr/lib/gcc/x86_64-linux-gnu/11 -L/usr/lib/gcc/x86_64-linux-gnu/11/../../../x86_64-linux-gnu -L/usr/lib/gcc/x86_64-linux-gnu/11/../../../../lib -L/lib/x86_64-linux-gnu -L/lib/../lib -L/usr/lib/x86_64-linux-gnu -L/usr/lib/../lib -L/usr/lib/gcc/x86_64-linux-gnu/11/../../.. /tmp/ccgwvHML.o -lgfortran -lm -lgcc_s -lgcc -lquadmath -lm -lgcc_s -lgcc -lc -lgcc_s -lgcc /usr/lib/gcc/x86_64-linux-gnu/11/crtendS.o /usr/lib/gcc/x86_64-linux-gnu/11/../../../x86_64-linux-gnu/crtn.o
COLLECT_GCC_OPTIONS='-o' 'conftest' '-g' '-O2' '-v' '-L/home/jordan/dev/privateer/dependencies/lib' '-L/home/jordan/dev/privateer/dependencies/lib64' '-shared-libgcc' '-mtune=generic' '-march=x86-64' '-dumpdir' 'conftest.'
configure:8586: result: -v
configure:8588: checking for Fortran 77 libraries
configure:8614: gfortran -o conftest -g -O2 -v -L/home/jordan/dev/privateer/dependencies/lib -L/home/jordan/dev/privateer/dependencies/lib64 conftest.f  >&5
Using built-in specs.
COLLECT_GCC=gfortran
COLLECT_LTO_WRAPPER=/usr/lib/gcc/x86_64-linux-gnu/11/lto-wrapper
OFFLOAD_TARGET_NAMES=nvptx-none:amdgcn-amdhsa
OFFLOAD_TARGET_DEFAULT=1
Target: x86_64-linux-gnu
Configured with: ../src/configure -v --with-pkgversion='Ubuntu 11.4.0-1ubuntu1~22.04' --with-bugurl=file:///usr/share/doc/gcc-11/README.Bugs --enable-languages=c,ada,c++,go,brig,d,fortran,objc,obj-c++,m2 --prefix=/usr --with-gcc-major-version-only --program-suffix=-11 --program-prefix=x86_64-linux-gnu- --enable-shared --enable-linker-build-id --libexecdir=/usr/lib --without-included-gettext --enable-threads=posix --libdir=/usr/lib --enable-nls --enable-bootstrap --enable-clocale=gnu --enable-libstdcxx-debug --enable-libstdcxx-time=yes --with-default-libstdcxx-abi=new --enable-gnu-unique-object --disable-vtable-verify --enable-plugin --enable-default-pie --with-system-zlib --enable-libphobos-checking=release --with-target-system-zlib=auto --enable-objc-gc=auto --enable-multiarch --disable-werror --enable-cet --with-arch-32=i686 --with-abi=m64 --with-multilib-list=m32,m64,mx32 --enable-multilib --with-tune=generic --enable-offload-targets=nvptx-none=/build/gcc-11-XeT9lY/gcc-11-11.4.0/debian/tmp-nvptx/usr,amdgcn-amdhsa=/build/gcc-11-XeT9lY/gcc-11-11.4.0/debian/tmp-gcn/usr --without-cuda-driver --enable-checking=release --build=x86_64-linux-gnu --host=x86_64-linux-gnu --target=x86_64-linux-gnu --with-build-config=bootstrap-lto-lean --enable-link-serialization=2
Thread model: posix
Supported LTO compression algorithms: zlib zstd
gcc version 11.4.0 (Ubuntu 11.4.0-1ubuntu1~22.04) 
COLLECT_GCC_OPTIONS='-o' 'conftest' '-g' '-O2' '-v' '-L/home/jordan/dev/privateer/dependencies/lib' '-L/home/jordan/dev/privateer/dependencies/lib64' '-shared-libgcc' '-mtune=generic' '-march=x86-64'
 /usr/lib/gcc/x86_64-linux-gnu/11/f951 conftest.f -ffixed-form -quiet -dumpbase conftest.f -dumpbase-ext .f -mtune=generic -march=x86-64 -g -O2 -version -fintrinsic-modules-path /usr/lib/gcc/x86_64-linux-gnu/11/finclude -fpre-include=/usr/include/finclude/math-vector-fortran.h -o /tmp/ccGn18hH.s
GNU Fortran (Ubuntu 11.4.0-1ubuntu1~22.04) version 11.4.0 (x86_64-linux-gnu)
	compiled by GNU C version 11.4.0, GMP version 6.2.1, MPFR version 4.1.0, MPC version 1.2.1, isl version isl-0.24-GMP

GGC heuristics: --param ggc-min-expand=100 --param ggc-min-heapsize=131072
GNU Fortran2008 (Ubuntu 11.4.0-1ubuntu1~22.04) version 11.4.0 (x86_64-linux-gnu)
	compiled by GNU C version 11.4.0, GMP version 6.2.1, MPFR version 4.1.0, MPC version 1.2.1, isl version isl-0.24-GMP

GGC heuristics: --param ggc-min-expand=100 --param ggc-min-heapsize=131072
COLLECT_GCC_OPTIONS='-o' 'conftest' '-g' '-O2' '-v' '-L/home/jordan/dev/privateer/dependencies/lib' '-L/home/jordan/dev/privateer/dependencies/lib64' '-shared-libgcc' '-mtune=generic' '-march=x86-64'
 as -v --gdwarf-5 --64 -o /tmp/ccMMuwW6.o /tmp/ccGn18hH.s
GNU assembler version 2.38 (x86_64-linux-gnu) using BFD version (GNU Binutils for Ubuntu) 2.38
Reading specs from /usr/lib/gcc/x86_64-linux-gnu/11/libgfortran.spec
rename spec lib to liborig
COLLECT_GCC_OPTIONS='-o' 'conftest' '-g' '-O2' '-v' '-L/home/jordan/dev/privateer/dependencies/lib' '-L/home/jordan/dev/privateer/dependencies/lib64' '-shared-libgcc' '-mtune=generic' '-march=x86-64'
COMPILER_PATH=/usr/lib/gcc/x86_64-linux-gnu/11/:/usr/lib/gcc/x86_64-linux-gnu/11/:/usr/lib/gcc/x86_64-linux-gnu/:/usr/lib/gcc/x86_64-linux-gnu/11/:/usr/lib/gcc/x86_64-linux-gnu/
LIBRARY_PATH=/usr/lib/gcc/x86_64-linux-gnu/11/:/usr/lib/gcc/x86_64-linux-gnu/11/../../../x86_64-linux-gnu/:/usr/lib/gcc/x86_64-linux-gnu/11/../../../../lib/:/lib/x86_64-linux-gnu/:/lib/../lib/:/usr/lib/x86_64-linux-gnu/:/usr/lib/../lib/:/usr/lib/gcc/x86_64-linux-gnu/11/../../../:/lib/:/usr/lib/
COLLECT_GCC_OPTIONS='-o' 'conftest' '-g' '-O2' '-v' '-L/home/jordan/dev/privateer/dependencies/lib' '-L/home/jordan/dev/privateer/dependencies/lib64' '-shared-libgcc' '-mtune=generic' '-march=x86-64' '-dumpdir' 'conftest.'
 /usr/lib/gcc/x86_64-linux-gnu/11/collect2 -plugin /usr/lib/gcc/x86_64-linux-gnu/11/liblto_plugin.so -plugin-opt=/usr/lib/gcc/x86_64-linux-gnu/11/lto-wrapper -plugin-opt=-fresolution=/tmp/ccZ859j6.res -plugin-opt=-pass-through=-lgcc_s -plugin-opt=-pass-through=-lgcc -plugin-opt=-pass-through=-lquadmath -plugin-opt=-pass-through=-lm -plugin-opt=-pass-through=-lgcc_s -plugin-opt=-pass-through=-lgcc -plugin-opt=-pass-through=-lc -plugin-opt=-pass-through=-lgcc_s -plugin-opt=-pass-through=-lgcc --build-id --eh-frame-hdr -m elf_x86_64 --hash-style=gnu --as-needed -dynamic-linker /lib64/ld-linux-x86-64.so.2 -pie -z now -z relro -o conftest /usr/lib/gcc/x86_64-linux-gnu/11/../../../x86_64-linux-gnu/Scrt1.o /usr/lib/gcc/x86_64-linux-gnu/11/../../../x86_64-linux-gnu/crti.o /usr/lib/gcc/x86_64-linux-gnu/11/crtbeginS.o -L/home/jordan/dev/privateer/dependencies/lib -L/home/jordan/dev/privateer/dependencies/lib64 -L/usr/lib/gcc/x86_64-linux-gnu/11 -L/usr/lib/gcc/x86_64-linux-gnu/11/../../../x86_64-linux-gnu -L/usr/lib/gcc/x86_64-linux-gnu/11/../../../../lib -L/lib/x86_64-linux-gnu -L/lib/../lib -L/usr/lib/x86_64-linux-gnu -L/usr/lib/../lib -L/usr/lib/gcc/x86_64-linux-gnu/11/../../.. /tmp/ccMMuwW6.o -lgfortran -lm -lgcc_s -lgcc -lquadmath -lm -lgcc_s -lgcc -lc -lgcc_s -lgcc /usr/lib/gcc/x86_64-linux-gnu/11/crtendS.o /usr/lib/gcc/x86_64-linux-gnu/11/../../../x86_64-linux-gnu/crtn.o
COLLECT_GCC_OPTIONS='-o' 'conftest' '-g' '-O2' '-v' '-L/home/jordan/dev/privateer/dependencies/lib' '-L/home/jordan/dev/privateer/dependencies/lib64' '-shared-libgcc' '-mtune=generic' '-march=x86-64' '-dumpdir' 'conftest.'
configure:8772: result:  -L/home/jordan/dev/privateer/dependencies/lib -L/home/jordan/dev/privateer/dependencies/lib64 -L/usr/lib/gcc/x86_64-linux-gnu/11 -L/usr/lib/gcc/x86_64-linux-gnu/11/../../../x86_64-linux-gnu -L/usr/lib/gcc/x86_64-linux-gnu/11/../../../../lib -L/lib/x86_64-linux-gnu -L/lib/../lib -L/usr/lib/x86_64-linux-gnu -L/usr/lib/../lib -L/usr/lib/gcc/x86_64-linux-gnu/11/../../.. -lgfortran -lm -lgcc_s -lquadmath
configure:8783: checking for dummy main to link with Fortran 77 libraries
configure:8820: /usr/bin/gcc -o conftest -g -O2 -I/home/jordan/dev/privateer/dependencies/include -L/home/jordan/dev/privateer/dependencies/lib -L/home/jordan/dev/privateer/dependencies/lib64 conftest.c   -L/home/jordan/dev/privateer/dependencies/lib -L/home/jordan/dev/privateer/dependencies/lib64 -L/usr/lib/gcc/x86_64-linux-gnu/11 -L/usr/lib/gcc/x86_64-linux-gnu/11/../../../x86_64-linux-gnu -L/usr/lib/gcc/x86_64-linux-gnu/11/../../../../lib -L/lib/x86_64-linux-gnu -L/lib/../lib -L/usr/lib/x86_64-linux-gnu -L/usr/lib/../lib -L/usr/lib/gcc/x86_64-linux-gnu/11/../../.. -lgfortran -lm -lgcc_s -lquadmath >&5
configure:8823: $? = 0
configure:8826: test -s conftest
configure:8829: $? = 0
configure:8894: result: none
configure:8915: checking for Fortran 77 name-mangling scheme
configure:8933: gfortran -c -g -O2 conftest.f >&5
configure:8936: $? = 0
configure:8939: test -s conftest.o
configure:8942: $? = 0
configure:8989: /usr/bin/gcc -o conftest -g -O2 -I/home/jordan/dev/privateer/dependencies/include -L/home/jordan/dev/privateer/dependencies/lib -L/home/jordan/dev/privateer/dependencies/lib64 conftest.c cf77_test.o   -L/home/jordan/dev/privateer/dependencies/lib -L/home/jordan/dev/privateer/dependencies/lib64 -L/usr/lib/gcc/x86_64-linux-gnu/11 -L/usr/lib/gcc/x86_64-linux-gnu/11/../../../x86_64-linux-gnu -L/usr/lib/gcc/x86_64-linux-gnu/11/../../../../lib -L/lib/x86_64-linux-gnu -L/lib/../lib -L/usr/lib/x86_64-linux-gnu -L/usr/lib/../lib -L/usr/lib/gcc/x86_64-linux-gnu/11/../../.. -lgfortran -lm -lgcc_s -lquadmath >&5
/usr/bin/ld: /tmp/ccBLzdKN.o: in function `main':
/home/jordan/dev/privateer/dependencies/fftw/fftw-2.1.5/configure:8998: undefined reference to `foobar'
collect2: error: ld returned 1 exit status
configure:8992: $? = 1
configure: failed program was:
| #line 8959 "configure"
| /* confdefs.h.  */
| 
| #define PACKAGE_NAME ""
| #define PACKAGE_TARNAME ""
| #define PACKAGE_VERSION ""
| #define PACKAGE_STRING ""
| #define PACKAGE_BUGREPORT ""
| #define PACKAGE "fftw"
| #define VERSION "2.1.5"
| #define FFTW_ENABLE_FLOAT 1
| #define STDC_HEADERS 1
| #define HAVE_SYS_TYPES_H 1
| #define HAVE_SYS_STAT_H 1
| #define HAVE_STDLIB_H 1
| #define HAVE_STRING_H 1
| #define HAVE_MEMORY_H 1
| #define HAVE_STRINGS_H 1
| #define HAVE_INTTYPES_H 1
| #define HAVE_STDINT_H 1
| #define HAVE_UNISTD_H 1
| #define HAVE_DLFCN_H 1
| /* end confdefs.h.  */
| 
| /* Override any gcc2 internal prototype to avoid an error.  */
| #ifdef __cplusplus
| extern "C"
| #endif
| /* We use char because int might match the return type of a gcc2
|    builtin and then its argument prototype would still apply.  */
| char foobar ();
| #ifdef F77_DUMMY_MAIN
| #  ifdef __cplusplus
|      extern "C"
| #  endif
|    int F77_DUMMY_MAIN() { return 1; }
| #endif
| int
| main ()
| {
| foobar ();
|   ;
|   return 0;
| }
configure:8989: /usr/bin/gcc -o conftest -g -O2 -I/home/jordan/dev/privateer/dependencies/include -L/home/jordan/dev/privateer/dependencies/lib -L/home/jordan/dev/privateer/dependencies/lib64 conftest.c cf77_test.o   -L/home/jordan/dev/privateer/dependencies/lib -L/home/jordan/dev/privateer/dependencies/lib64 -L/usr/lib/gcc/x86_64-linux-gnu/11 -L/usr/lib/gcc/x86_64-linux-gnu/11/../../../x86_64-linux-gnu -L/usr/lib/gcc/x86_64-linux-gnu/11/../../../../lib -L/lib/x86_64-linux-gnu -L/lib/../lib -L/usr/lib/x86_64-linux-gnu -L/usr/lib/../lib -L/usr/lib/gcc/x86_64-linux-gnu/11/../../.. -lgfortran -lm -lgcc_s -lquadmath >&5
configure:8992: $? = 0
configure:8995: test -s conftest
configure:8998: $? = 0
configure:9055: /usr/bin/gcc -o conftest -g -O2 -I/home/jordan/dev/privateer/dependencies/include -L/home/jordan/dev/privateer/dependencies/lib -L/home/jordan/dev/privateer/dependencies/lib64 conftest.c cf77_test.o   -L/home/jordan/dev/privateer/dependencies/lib -L/home/jordan/dev/privateer/dependencies/lib64 -L/usr/lib/gcc/x86_64-linux-gnu/11 -L/usr/lib/gcc/x86_64-linux-gnu/11/../../../x86_64-linux-gnu -L/usr/lib/gcc/x86_64-linux-gnu/11/../../../../lib -L/lib/x86_64-linux-gnu -L/lib/../lib -L/usr/lib/x86_64-linux-gnu -L/usr/lib/../lib -L/usr/lib/gcc/x86_64-linux-gnu/11/../../.. -lgfortran -lm -lgcc_s -lquadmath >&5
configure:9058: $? = 0
configure:9061: test -s conftest
configure:9064: $? = 0
configure:9118: result: lower case, underscore, no extra underscore
configure:9302: checking whether /usr/bin/gcc accepts -malign-double
configure:9316: result: yes
configure:9329: checking whether /usr/bin/gcc accepts -fstrict-aliasing
configure:9343: result: yes
configure:9740: checking whether /usr/bin/gcc accepts -O3 -fomit-frame-pointer -fno-schedule-insns -fschedule-insns2 -malign-double -fstrict-aliasing
configure:9754: result: yes
configure:9783: checking whether /usr/bin/gcc accepts -mpreferred-stack-boundary=4
configure:9797: result: yes
configure:9808: checking whether the stack is correctly aligned by gcc
configure:9834: /usr/bin/gcc -o conftest -O -malign-double -I/home/jordan/dev/privateer/dependencies/include -L/home/jordan/dev/privateer/dependencies/lib -L/home/jordan/dev/privateer/dependencies/lib64 conftest.c  >&5
configure:9837: $? = 0
configure:9839: ./conftest
configure:9842: $? = 0
configure:9856: result: yes
configure:9917: checking for sqrt in -lm
configure:9954: /usr/bin/gcc -o conftest -O3 -fomit-frame-pointer -fno-schedule-insns -fschedule-insns2 -malign-double -fstrict-aliasing -I/home/jordan/dev/privateer/dependencies/include -L/home/jordan/dev/privateer/dependencies/lib -L/home/jordan/dev/privateer/dependencies/lib64 conftest.c -lm   >&5
configure:9957:6: warning: conflicting types for built-in function 'sqrt'; expected 'double(double)' [-Wbuiltin-declaration-mismatch]
 9957 |   echo "$as_me:$LINENO: \$? = $ac_status" >&5
      |      ^~~~
configure:9924:1: note: 'sqrt' is declared in header '<math.h>'
 9923 | LIBS="-lm  $LIBS"
  +++ |+#include <math.h>
 9924 | cat >conftest.$ac_ext <<_ACEOF
configure:9957: $? = 0
configure:9960: test -s conftest
configure:9963: $? = 0
configure:9975: result: yes
configure:9987: checking for ANSI C header files
configure:10143: result: yes
configure:10170: checking sys/time.h usability
configure:10183: /usr/bin/gcc -c -O3 -fomit-frame-pointer -fno-schedule-insns -fschedule-insns2 -malign-double -fstrict-aliasing -I/home/jordan/dev/privateer/dependencies/include conftest.c >&5
configure:10186: $? = 0
configure:10189: test -s conftest.o
configure:10192: $? = 0
configure:10202: result: yes
configure:10206: checking sys/time.h presence
configure:10217: /usr/bin/gcc -E -I/home/jordan/dev/privateer/dependencies/include conftest.c
configure:10223: $? = 0
configure:10242: result: yes
configure:10278: checking for sys/time.h
configure:10285: result: yes
configure:10161: checking for unistd.h
configure:10166: result: yes
configure:10170: checking getopt.h usability
configure:10183: /usr/bin/gcc -c -O3 -fomit-frame-pointer -fno-schedule-insns -fschedule-insns2 -malign-double -fstrict-aliasing -I/home/jordan/dev/privateer/dependencies/include conftest.c >&5
configure:10186: $? = 0
configure:10189: test -s conftest.o
configure:10192: $? = 0
configure:10202: result: yes
configure:10206: checking getopt.h presence
configure:10217: /usr/bin/gcc -E -I/home/jordan/dev/privateer/dependencies/include conftest.c
configure:10223: $? = 0
configure:10242: result: yes
configure:10278: checking for getopt.h
configure:10285: result: yes
configure:10170: checking malloc.h usability
configure:10183: /usr/bin/gcc -c -O3 -fomit-frame-pointer -fno-schedule-insns -fschedule-insns2 -malign-double -fstrict-aliasing -I/home/jordan/dev/privateer/dependencies/include conftest.c >&5
configure:10186: $? = 0
configure:10189: test -s conftest.o
configure:10192: $? = 0
configure:10202: result: yes
configure:10206: checking malloc.h presence
configure:10217: /usr/bin/gcc -E -I/home/jordan/dev/privateer/dependencies/include conftest.c
configure:10223: $? = 0
configure:10242: result: yes
configure:10278: checking for malloc.h
configure:10285: result: yes
configure:10299: checking for an ANSI C-conforming const
configure:10373: /usr/bin/gcc -c -O3 -fomit-frame-pointer -fno-schedule-insns -fschedule-insns2 -malign-double -fstrict-aliasing -I/home/jordan/dev/privateer/dependencies/include conftest.c >&5
configure:10376: $? = 0
configure:10379: test -s conftest.o
configure:10382: $? = 0
configure:10393: result: yes
configure:10403: checking for size_t
configure:10434: /usr/bin/gcc -c -O3 -fomit-frame-pointer -fno-schedule-insns -fschedule-insns2 -malign-double -fstrict-aliasing -I/home/jordan/dev/privateer/dependencies/include conftest.c >&5
configure:10437: $? = 0
configure:10440: test -s conftest.o
configure:10443: $? = 0
configure:10454: result: yes
configure:10466: checking whether time.h and sys/time.h may both be included
configure:10498: /usr/bin/gcc -c -O3 -fomit-frame-pointer -fno-schedule-insns -fschedule-insns2 -malign-double -fstrict-aliasing -I/home/jordan/dev/privateer/dependencies/include conftest.c >&5
configure:10501: $? = 0
configure:10504: test -s conftest.o
configure:10507: $? = 0
configure:10518: result: yes
configure:10545: checking for working alloca.h
configure:10573: /usr/bin/gcc -o conftest -O3 -fomit-frame-pointer -fno-schedule-insns -fschedule-insns2 -malign-double -fstrict-aliasing -I/home/jordan/dev/privateer/dependencies/include -L/home/jordan/dev/privateer/dependencies/lib -L/home/jordan/dev/privateer/dependencies/lib64 conftest.c -lm  >&5
configure:10576: $? = 0
configure:10579: test -s conftest
configure:10582: $? = 0
configure:10593: result: yes
configure:10603: checking for alloca
configure:10651: /usr/bin/gcc -o conftest -O3 -fomit-frame-pointer -fno-schedule-insns -fschedule-insns2 -malign-double -fstrict-aliasing -I/home/jordan/dev/privateer/dependencies/include -L/home/jordan/dev/privateer/dependencies/lib -L/home/jordan/dev/privateer/dependencies/lib64 conftest.c -lm  >&5
configure:10654: $? = 0
configure:10657: test -s conftest
configure:10660: $? = 0
configure:10671: result: yes
configure:10896: checking for gettimeofday
configure:10960: /usr/bin/gcc -o conftest -O3 -fomit-frame-pointer -fno-schedule-insns -fschedule-insns2 -malign-double -fstrict-aliasing -I/home/jordan/dev/privateer/dependencies/include -L/home/jordan/dev/privateer/dependencies/lib -L/home/jordan/dev/privateer/dependencies/lib64 conftest.c -lm  >&5
configure:10963: $? = 0
configure:10966: test -s conftest
configure:10969: $? = 0
configure:10980: result: yes
configure:10994: checking for BSDgettimeofday
configure:11058: /usr/bin/gcc -o conftest -O3 -fomit-frame-pointer -fno-schedule-insns -fschedule-insns2 -malign-double -fstrict-aliasing -I/home/jordan/dev/privateer/dependencies/include -L/home/jordan/dev/privateer/dependencies/lib -L/home/jordan/dev/privateer/dependencies/lib64 conftest.c -lm  >&5
/usr/bin/ld: /tmp/ccyTZ9QU.o: in function `main':
conftest.c:(.text.startup+0x7): undefined reference to `BSDgettimeofday'
/usr/bin/ld: /tmp/ccyTZ9QU.o:(.data.rel+0x0): undefined reference to `BSDgettimeofday'
collect2: error: ld returned 1 exit status
configure:11061: $? = 1
configure: failed program was:
| #line 10999 "configure"
| /* confdefs.h.  */
| 
| #define PACKAGE_NAME ""
| #define PACKAGE_TARNAME ""
| #define PACKAGE_VERSION ""
| #define PACKAGE_STRING ""
| #define PACKAGE_BUGREPORT ""
| #define PACKAGE "fftw"
| #define VERSION "2.1.5"
| #define FFTW_ENABLE_FLOAT 1
| #define STDC_HEADERS 1
| #define HAVE_SYS_TYPES_H 1
| #define HAVE_SYS_STAT_H 1
| #define HAVE_STDLIB_H 1
| #define HAVE_STRING_H 1
| #define HAVE_MEMORY_H 1
| #define HAVE_STRINGS_H 1
| #define HAVE_INTTYPES_H 1
| #define HAVE_STDINT_H 1
| #define HAVE_UNISTD_H 1
| #define HAVE_DLFCN_H 1
| #define F77_FUNC(name,NAME) name ## _
| #define F77_FUNC_(name,NAME) name ## _
| #define FFTW_VERSION "2.1.5"
| #define FFTW_GCC_ALIGNS_STACK 1
| #define HAVE_LIBM 1
| #define STDC_HEADERS 1
| #define HAVE_SYS_TIME_H 1
| #define HAVE_UNISTD_H 1
| #define HAVE_GETOPT_H 1
| #define HAVE_MALLOC_H 1
| #define TIME_WITH_SYS_TIME 1
| #define HAVE_ALLOCA_H 1
| #define HAVE_ALLOCA 1
| #define HAVE_GETTIMEOFDAY 1
| /* end confdefs.h.  */
| /* Define BSDgettimeofday to an innocuous variant, in case <limits.h> declares BSDgettimeofday.
|    For example, HP-UX 11i <limits.h> declares gettimeofday.  */
| #define BSDgettimeofday innocuous_BSDgettimeofday
| 
| /* System header to define __stub macros and hopefully few prototypes,
|     which can conflict with char BSDgettimeofday (); below.
|     Prefer <limits.h> to <assert.h> if __STDC__ is defined, since
|     <limits.h> exists even on freestanding compilers.  */
| 
| #ifdef __STDC__
| # include <limits.h>
| #else
| # include <assert.h>
| #endif
| 
| #undef BSDgettimeofday
| 
| /* Override any gcc2 internal prototype to avoid an error.  */
| #ifdef __cplusplus
| extern "C"
| {
| #endif
| /* We use char because int might match the return type of a gcc2
|    builtin and then its argument prototype would still apply.  */
| char BSDgettimeofday ();
| /* The GNU C library defines this for functions which it implements
|     to always fail with ENOSYS.  Some functions are actually named
|     something starting with __ and the normal name is an alias.  */
| #if defined (__stub_BSDgettimeofday) || defined (__stub___BSDgettimeofday)
| choke me
| #else
| char (*f) () = BSDgettimeofday;
| #endif
| #ifdef __cplusplus
| }
| #endif
| 
| #ifdef F77_DUMMY_MAIN
| #  ifdef __cplusplus
|      extern "C"
| #  endif
|    int F77_DUMMY_MAIN() { return 1; }
| #endif
| int
| main ()
| {
| return f != BSDgettimeofday;
|   ;
|   return 0;
| }
configure:11078: result: no
configure:11092: checking for gethrtime
configure:11156: /usr/bin/gcc -o conftest -O3 -fomit-frame-pointer -fno-schedule-insns -fschedule-insns2 -malign-double -fstrict-aliasing -I/home/jordan/dev/privateer/dependencies/include -L/home/jordan/dev/privateer/dependencies/lib -L/home/jordan/dev/privateer/dependencies/lib64 conftest.c -lm  >&5
/usr/bin/ld: /tmp/ccfDc2eH.o: in function `main':
conftest.c:(.text.startup+0x7): undefined reference to `gethrtime'
/usr/bin/ld: /tmp/ccfDc2eH.o:(.data.rel+0x0): undefined reference to `gethrtime'
collect2: error: ld returned 1 exit status
configure:11159: $? = 1
configure: failed program was:
| #line 11097 "configure"
| /* confdefs.h.  */
| 
| #define PACKAGE_NAME ""
| #define PACKAGE_TARNAME ""
| #define PACKAGE_VERSION ""
| #define PACKAGE_STRING ""
| #define PACKAGE_BUGREPORT ""
| #define PACKAGE "fftw"
| #define VERSION "2.1.5"
| #define FFTW_ENABLE_FLOAT 1
| #define STDC_HEADERS 1
| #define HAVE_SYS_TYPES_H 1
| #define HAVE_SYS_STAT_H 1
| #define HAVE_STDLIB_H 1
| #define HAVE_STRING_H 1
| #define HAVE_MEMORY_H 1
| #define HAVE_STRINGS_H 1
| #define HAVE_INTTYPES_H 1
| #define HAVE_STDINT_H 1
| #define HAVE_UNISTD_H 1
| #define HAVE_DLFCN_H 1
| #define F77_FUNC(name,NAME) name ## _
| #define F77_FUNC_(name,NAME) name ## _
| #define FFTW_VERSION "2.1.5"
| #define FFTW_GCC_ALIGNS_STACK 1
| #define HAVE_LIBM 1
| #define STDC_HEADERS 1
| #define HAVE_SYS_TIME_H 1
| #define HAVE_UNISTD_H 1
| #define HAVE_GETOPT_H 1
| #define HAVE_MALLOC_H 1
| #define TIME_WITH_SYS_TIME 1
| #define HAVE_ALLOCA_H 1
| #define HAVE_ALLOCA 1
| #define HAVE_GETTIMEOFDAY 1
| /* end confdefs.h.  */
| /* Define gethrtime to an innocuous variant, in case <limits.h> declares gethrtime.
|    For example, HP-UX 11i <limits.h> declares gettimeofday.  */
| #define gethrtime innocuous_gethrtime
| 
| /* System header to define __stub macros and hopefully few prototypes,
|     which can conflict with char gethrtime (); below.
|     Prefer <limits.h> to <assert.h> if __STDC__ is defined, since
|     <limits.h> exists even on freestanding compilers.  */
| 
| #ifdef __STDC__
| # include <limits.h>
| #else
| # include <assert.h>
| #endif
| 
| #undef gethrtime
| 
| /* Override any gcc2 internal prototype to avoid an error.  */
| #ifdef __cplusplus
| extern "C"
| {
| #endif
| /* We use char because int might match the return type of a gcc2
|    builtin and then its argument prototype would still apply.  */
| char gethrtime ();
| /* The GNU C library defines this for functions which it implements
|     to always fail with ENOSYS.  Some functions are actually named
|     something starting with __ and the normal name is an alias.  */
| #if defined (__stub_gethrtime) || defined (__stub___gethrtime)
| choke me
| #else
| char (*f) () = gethrtime;
| #endif
| #ifdef __cplusplus
| }
| #endif
| 
| #ifdef F77_DUMMY_MAIN
| #  ifdef __cplusplus
|      extern "C"
| #  endif
|    int F77_DUMMY_MAIN() { return 1; }
| #endif
| int
| main ()
| {
| return f != gethrtime;
|   ;
|   return 0;
| }
configure:11176: result: no
configure:11190: checking for getopt
configure:11254: /usr/bin/gcc -o conftest -O3 -fomit-frame-pointer -fno-schedule-insns -fschedule-insns2 -malign-double -fstrict-aliasing -I/home/jordan/dev/privateer/dependencies/include -L/home/jordan/dev/privateer/dependencies/lib -L/home/jordan/dev/privateer/dependencies/lib64 conftest.c -lm  >&5
configure:11257: $? = 0
configure:11260: test -s conftest
configure:11263: $? = 0
configure:11274: result: yes
configure:11288: checking for getopt_long
configure:11352: /usr/bin/gcc -o conftest -O3 -fomit-frame-pointer -fno-schedule-insns -fschedule-insns2 -malign-double -fstrict-aliasing -I/home/jordan/dev/privateer/dependencies/include -L/home/jordan/dev/privateer/dependencies/lib -L/home/jordan/dev/privateer/dependencies/lib64 conftest.c -lm  >&5
configure:11355: $? = 0
configure:11358: test -s conftest
configure:11361: $? = 0
configure:11372: result: yes
configure:11383: checking for isnan
configure:11409: /usr/bin/gcc -o conftest -O3 -fomit-frame-pointer -fno-schedule-insns -fschedule-insns2 -malign-double -fstrict-aliasing -I/home/jordan/dev/privateer/dependencies/include -L/home/jordan/dev/privateer/dependencies/lib -L/home/jordan/dev/privateer/dependencies/lib64 conftest.c -lm  >&5
configure:11412: $? = 0
configure:11415: test -s conftest
configure:11418: $? = 0
configure:11434: result: yes
configure:11439: checking for hrtime_t
configure:11468: /usr/bin/gcc -o conftest -O3 -fomit-frame-pointer -fno-schedule-insns -fschedule-insns2 -malign-double -fstrict-aliasing -I/home/jordan/dev/privateer/dependencies/include -L/home/jordan/dev/privateer/dependencies/lib -L/home/jordan/dev/privateer/dependencies/lib64 conftest.c -lm  >&5
configure: In function 'main':
configure:11494:1: error: unknown type name 'hrtime_t'; did you mean 'time_t'?
11494 | echo "${ECHO_T}${ok}" >&6
      | ^~~~~~~~
      | time_t
configure:11471: $? = 1
configure: failed program was:
| #line 11441 "configure"
| /* confdefs.h.  */
| 
| #define PACKAGE_NAME ""
| #define PACKAGE_TARNAME ""
| #define PACKAGE_VERSION ""
| #define PACKAGE_STRING ""
| #define PACKAGE_BUGREPORT ""
| #define PACKAGE "fftw"
| #define VERSION "2.1.5"
| #define FFTW_ENABLE_FLOAT 1
| #define STDC_HEADERS 1
| #define HAVE_SYS_TYPES_H 1
| #define HAVE_SYS_STAT_H 1
| #define HAVE_STDLIB_H 1
| #define HAVE_STRING_H 1
| #define HAVE_MEMORY_H 1
| #define HAVE_STRINGS_H 1
| #define HAVE_INTTYPES_H 1
| #define HAVE_STDINT_H 1
| #define HAVE_UNISTD_H 1
| #define HAVE_DLFCN_H 1
| #define F77_FUNC(name,NAME) name ## _
| #define F77_FUNC_(name,NAME) name ## _
| #define FFTW_VERSION "2.1.5"
| #define FFTW_GCC_ALIGNS_STACK 1
| #define HAVE_LIBM 1
| #define STDC_HEADERS 1
| #define HAVE_SYS_TIME_H 1
| #define HAVE_UNISTD_H 1
| #define HAVE_GETOPT_H 1
| #define HAVE_MALLOC_H 1
| #define TIME_WITH_SYS_TIME 1
| #define HAVE_ALLOCA_H 1
| #define HAVE_ALLOCA 1
| #define HAVE_GETTIMEOFDAY 1
| #define HAVE_GETOPT 1
| #define HAVE_GETOPT_LONG 1
| #define HAVE_ISNAN 1
| /* end confdefs.h.  */
| 
| #ifdef HAVE_SYS_TIME_H
| #include <sys/time.h>
| #endif
| 
| #ifdef F77_DUMMY_MAIN
| #  ifdef __cplusplus
|      extern "C"
| #  endif
|    int F77_DUMMY_MAIN() { return 1; }
| #endif
| int
| main ()
| {
| hrtime_t foobar;
|   ;
|   return 0;
| }
configure:11493: result: no
configure:11496: checking for int
configure:11527: /usr/bin/gcc -c -O3 -fomit-frame-pointer -fno-schedule-insns -fschedule-insns2 -malign-double -fstrict-aliasing -I/home/jordan/dev/privateer/dependencies/include conftest.c >&5
configure:11530: $? = 0
configure:11533: test -s conftest.o
configure:11536: $? = 0
configure:11547: result: yes
configure:11550: checking size of int
configure:11861: /usr/bin/gcc -o conftest -O3 -fomit-frame-pointer -fno-schedule-insns -fschedule-insns2 -malign-double -fstrict-aliasing -I/home/jordan/dev/privateer/dependencies/include -L/home/jordan/dev/privateer/dependencies/lib -L/home/jordan/dev/privateer/dependencies/lib64 conftest.c -lm  >&5
configure:11864: $? = 0
configure:11866: ./conftest
configure:11869: $? = 0
configure:11892: result: 4
configure:11899: checking for long long
configure:11930: /usr/bin/gcc -c -O3 -fomit-frame-pointer -fno-schedule-insns -fschedule-insns2 -malign-double -fstrict-aliasing -I/home/jordan/dev/privateer/dependencies/include conftest.c >&5
configure:11933: $? = 0
configure:11936: test -s conftest.o
configure:11939: $? = 0
configure:11950: result: yes
configure:11953: checking size of long long
configure:12264: /usr/bin/gcc -o conftest -O3 -fomit-frame-pointer -fno-schedule-insns -fschedule-insns2 -malign-double -fstrict-aliasing -I/home/jordan/dev/privateer/dependencies/include -L/home/jordan/dev/privateer/dependencies/lib -L/home/jordan/dev/privateer/dependencies/lib64 conftest.c -lm  >&5
configure:12267: $? = 0
configure:12269: ./conftest
configure:12272: $? = 0
configure:12295: result: 8
configure:12320: checking whether /usr/bin/gcc accepts "-fkeep-programmers-inline"
configure:12334: result: no
configure:12346: checking whether /usr/bin/gcc accepts "-vomit-frame-pointer"
configure:12360: result: no
configure:14468: creating ./config.status

## ---------------------- ##
## Running config.status. ##
## ---------------------- ##

This file was extended by config.status, which was
generated by GNU Autoconf 2.57.  Invocation command line was

  CONFIG_FILES    = 
  CONFIG_HEADERS  = 
  CONFIG_LINKS    = 
  CONFIG_COMMANDS = 
  $ ./config.status 

on spectre

config.status:695: creating fftw/Makefile
config.status:695: creating tests/Makefile
config.status:695: creating rfftw/Makefile
config.status:695: creating doc/Makefile
config.status:695: creating Makefile
config.status:695: creating threads/Makefile
config.status:695: creating mpi/Makefile
config.status:695: creating fftw.spec
config.status:799: creating fftw/config.h
config.status:799: creating fftw/fftw.h
config.status:1077: executing depfiles commands

## ---------------- ##
## Cache variables. ##
## ---------------- ##

ac_cv_build=x86_64-pc-linux-gnu
ac_cv_build_alias=x86_64-pc-linux-gnu
ac_cv_c_compiler_gnu=yes
ac_cv_c_const=yes
ac_cv_env_CC_set=set
ac_cv_env_CC_value=/usr/bin/gcc
ac_cv_env_CFLAGS_set=
ac_cv_env_CFLAGS_value=
ac_cv_env_CPPFLAGS_set=set
ac_cv_env_CPPFLAGS_value=-I/home/jordan/dev/privateer/dependencies/include
ac_cv_env_CPP_set=
ac_cv_env_CPP_value=
ac_cv_env_F77_set=set
ac_cv_env_F77_value=gfortran
ac_cv_env_FFLAGS_set=
ac_cv_env_FFLAGS_value=
ac_cv_env_LDFLAGS_set=set
ac_cv_env_LDFLAGS_value='-L/home/jordan/dev/privateer/dependencies/lib -L/home/jordan/dev/privateer/dependencies/lib64'
ac_cv_env_build_alias_set=
ac_cv_env_build_alias_value=
ac_cv_env_host_alias_set=
ac_cv_env_host_alias_value=
ac_cv_env_target_alias_set=
ac_cv_env_target_alias_value=
ac_cv_exeext=
ac_cv_f77_compiler_gnu=yes
ac_cv_f77_dummy_main=none
ac_cv_f77_mangling='lower case, underscore, no extra underscore'
ac_cv_flibs=' -L/home/jordan/dev/privateer/dependencies/lib -L/home/jordan/dev/privateer/dependencies/lib64 -L/usr/lib/gcc/x86_64-linux-gnu/11 -L/usr/lib/gcc/x86_64-linux-gnu/11/../../../x86_64-linux-gnu -L/usr/lib/gcc/x86_64-linux-gnu/11/../../../../lib -L/lib/x86_64-linux-gnu -L/lib/../lib -L/usr/lib/x86_64-linux-gnu -L/usr/lib/../lib -L/usr/lib/gcc/x86_64-linux-gnu/11/../../.. -lgfortran -lm -lgcc_s -lquadmath'
ac_cv_func_BSDgettimeofday=no
ac_cv_func_alloca_works=yes
ac_cv_func_gethrtime=no
ac_cv_func_getopt=yes
ac_cv_func_getopt_long=yes
ac_cv_func_gettimeofday=yes
ac_cv_header_dlfcn_h=yes
ac_cv_header_getopt_h=yes
ac_cv_header_inttypes_h=yes
ac_cv_header_malloc_h=yes
ac_cv_header_memory_h=yes
ac_cv_header_stdc=yes
ac_cv_header_stdint_h=yes
ac_cv_header_stdlib_h=yes
ac_cv_header_string_h=yes
ac_cv_header_strings_h=yes
ac_cv_header_sys_stat_h=yes
ac_cv_header_sys_time_h=yes
ac_cv_header_sys_types_h=yes
ac_cv_header_time=yes
ac_cv_header_unistd_h=yes
ac_cv_host=x86_64-pc-linux-gnu
ac_cv_host_alias=x86_64-pc-linux-gnu
ac_cv_lib_m_sqrt=yes
ac_cv_objext=o
ac_cv_path_install='/usr/bin/install -c'
ac_cv_prog_AWK=mawk
ac_cv_prog_CC=/usr/bin/gcc
ac_cv_prog_CPP='/usr/bin/gcc -E'
ac_cv_prog_PERL=perl
ac_cv_prog_ac_ct_RANLIB=ranlib
ac_cv_prog_ac_ct_STRIP=strip
ac_cv_prog_cc_g=yes
ac_cv_prog_cc_stdc=
ac_cv_prog_egrep='grep -E'
ac_cv_prog_f77_g=yes
ac_cv_prog_f77_v=-v
ac_cv_prog_gcc_2_90=yes
ac_cv_prog_make_make_set=yes
ac_cv_sizeof_int=4
ac_cv_sizeof_long_long=8
ac_cv_type_int=yes
ac_cv_type_long_long=yes
ac_cv_type_size_t=yes
ac_cv_working_alloca_h=yes
am_cv_CC_dependencies_compiler_type=gcc3
lt_cv_archive_cmds_need_lc=no
lt_cv_compiler_c_o=yes
lt_cv_compiler_o_lo=yes
lt_cv_deplibs_check_method='file_magic ELF [0-9][0-9]*-bit [LM]SB (shared object|dynamic lib )'
lt_cv_file_magic_cmd='$MAGIC_CMD'
lt_cv_file_magic_test_file='/lib/libc.so* /lib/libc-*.so'
lt_cv_global_symbol_to_c_name_address='sed -n -e '\''s/^: \([^ ]*\) $/  {\"\1\", (lt_ptr) 0},/p'\'' -e '\''s/^[BCDEGRST] \([^ ]*\) \([^ ]*\)$/  {"\2", (lt_ptr) \&\2},/p'\'''
lt_cv_global_symbol_to_cdecl='sed -n -e '\''s/^. .* \(.*\)$/extern char \1;/p'\'''
lt_cv_ld_reload_flag=-r
lt_cv_path_LD=/usr/bin/ld
lt_cv_path_MAGIC_CMD=/usr/bin/file
lt_cv_path_NM='/usr/bin/nm -B'
lt_cv_path_SED=/usr/bin/sed
lt_cv_prog_cc_can_build_shared=yes
lt_cv_prog_cc_no_builtin=
lt_cv_prog_cc_pic=' -fPIC'
lt_cv_prog_cc_pic_works=yes
lt_cv_prog_cc_shlib=
lt_cv_prog_cc_static=-static
lt_cv_prog_cc_static_works=yes
lt_cv_prog_cc_wl=-Wl,
lt_cv_prog_gnu_ld=yes
lt_cv_sys_global_symbol_pipe='sed -n -e '\''s/^.*[ 	]\([ABCDGISTW][ABCDGISTW]*\)[ 	][ 	]*\(\)\([_A-Za-z][_A-Za-z0-9]*\)$/\1 \2\3 \3/p'\'''

## ----------------- ##
## Output variables. ##
## ----------------- ##

ACLOCAL='${SHELL} /home/jordan/dev/privateer/dependencies/fftw/fftw-2.1.5/missing --run aclocal-1.7'
ALLOCA=''
AMDEPBACKSLASH='\'
AMDEP_FALSE='#'
AMDEP_TRUE=''
AMTAR='${SHELL} /home/jordan/dev/privateer/dependencies/fftw/fftw-2.1.5/missing --run tar'
AUTOCONF='${SHELL} /home/jordan/dev/privateer/dependencies/fftw/fftw-2.1.5/missing --run autoconf'
AUTOHEADER='${SHELL} /home/jordan/dev/privateer/dependencies/fftw/fftw-2.1.5/missing --run autoheader'
AUTOMAKE='${SHELL} /home/jordan/dev/privateer/dependencies/fftw/fftw-2.1.5/missing --run automake-1.7'
AWK='mawk'
CC='/usr/bin/gcc'
CCDEPMODE='depmode=gcc3'
CFLAGS='-O3 -fomit-frame-pointer -fno-schedule-insns -fschedule-insns2 -malign-double -fstrict-aliasing'
CPP='/usr/bin/gcc -E'
CPPFLAGS='-I/home/jordan/dev/privateer/dependencies/include'
CYGPATH_W='echo'
DEFS='-DHAVE_CONFIG_H'
DEPDIR='.deps'
ECHO='echo'
ECHO_C=''
ECHO_N='-n'
ECHO_T=''
EGREP='grep -E'
EXEEXT=''
F77='gfortran'
FFLAGS='-g -O2'
FFTW_MPI_INCLUDELIST=''
FFTW_MPI_LIBLIST=''
FFTW_MPI_PROGLIST=''
FFTW_PREFIX1='xyz'
FFTW_PREFIX=''
FFTW_THREADS_INCLUDELIST=''
FFTW_THREADS_LIBLIST=''
FFTW_THREADS_PROGLIST=''
FLIBS=' -L/home/jordan/dev/privateer/dependencies/lib -L/home/jordan/dev/privateer/dependencies/lib64 -L/usr/lib/gcc/x86_64-linux-gnu/11 -L/usr/lib/gcc/x86_64-linux-gnu/11/../../../x86_64-linux-gnu -L/usr/lib/gcc/x86_64-linux-gnu/11/../../../../lib -L/lib/x86_64-linux-gnu -L/lib/../lib -L/usr/lib/x86_64-linux-gnu -L/usr/lib/../lib -L/usr/lib/gcc/x86_64-linux-gnu/11/../../.. -lgfortran -lm -lgcc_s -lquadmath'
INSTALL_DATA='${INSTALL} -m 644'
INSTALL_PROGRAM='${INSTALL}'
INSTALL_SCRIPT='${INSTALL}'
INSTALL_STRIP_PROGRAM='${SHELL} $(install_sh) -c -s'
LDFLAGS='-L/home/jordan/dev/privateer/dependencies/lib -L/home/jordan/dev/privateer/dependencies/lib64'
LIBOBJS=''
LIBS='-lm '
LIBTOOL='$(SHELL) $(top_builddir)/libtool'
LN_S='ln -s'
LTLIBOBJS=''
MAKEINFO='${SHELL} /home/jordan/dev/privateer/dependencies/fftw/fftw-2.1.5/missing --run makeinfo'
MPICC='/usr/bin/gcc'
MPILIBS=''
OBJEXT='o'
PACKAGE='fftw'
PACKAGE_BUGREPORT=''
PACKAGE_NAME=''
PACKAGE_STRING=''
PACKAGE_TARNAME=''
PACKAGE_VERSION=''
PATH_SEPARATOR=':'
PERL='perl'
PTHREAD_CC=''
PTHREAD_CFLAGS=''
PTHREAD_LIBS=''
RANLIB='ranlib'
SET_MAKE=''
SHARED_VERSION='2.0.7'
SHARED_VERSION_INFO='2:7:0'
SHELL='/bin/bash'
STRIP='strip'
THREADLIBS=''
VERSION='2.1.5'
ac_ct_CC=''
ac_ct_F77=''
ac_ct_RANLIB='ranlib'
ac_ct_STRIP='strip'
am__fastdepCC_FALSE='#'
am__fastdepCC_TRUE=''
am__include='include'
am__leading_dot='.'
am__quote=''
bindir='${exec_prefix}/bin'
build='x86_64-pc-linux-gnu'
build_alias=''
build_cpu='x86_64'
build_os='linux-gnu'
build_vendor='pc'
datadir='${prefix}/share'
exec_prefix='${prefix}'
host='x86_64-pc-linux-gnu'
host_alias=''
host_cpu='x86_64'
host_os='linux-gnu'
host_vendor='pc'
includedir='${prefix}/include'
infodir='${prefix}/info'
install_sh='/home/jordan/dev/privateer/dependencies/fftw/fftw-2.1.5/install-sh'
libdir='${exec_prefix}/lib'
libexecdir='${exec_prefix}/libexec'
localstatedir='${prefix}/var'
mandir='${prefix}/man'
oldincludedir='/usr/include'
prefix='/home/jordan/dev/privateer/dependencies'
program_transform_name='s,x,x,'
sbindir='${exec_prefix}/sbin'
sharedstatedir='${prefix}/com'
sysconfdir='${prefix}/etc'
target_alias=''

## ----------- ##
## confdefs.h. ##
## ----------- ##

#define F77_FUNC(name,NAME) name ## _
#define F77_FUNC_(name,NAME) name ## _
#define FFTW_ENABLE_FLOAT 1
#define FFTW_GCC_ALIGNS_STACK 1
#define FFTW_VERSION "2.1.5"
#define HAVE_ALLOCA 1
#define HAVE_ALLOCA_H 1
#define HAVE_DLFCN_H 1
#define HAVE_GETOPT 1
#define HAVE_GETOPT_H 1
#define HAVE_GETOPT_LONG 1
#define HAVE_GETTIMEOFDAY 1
#define HAVE_INTTYPES_H 1
#define HAVE_ISNAN 1
#define HAVE_LIBM 1
#define HAVE_MALLOC_H 1
#define HAVE_MEMORY_H 1
#define HAVE_STDINT_H 1
#define HAVE_STDLIB_H 1
#define HAVE_STRINGS_H 1
#define HAVE_STRING_H 1
#define HAVE_SYS_STAT_H 1
#define HAVE_SYS_TIME_H 1
#define HAVE_SYS_TYPES_H 1
#define HAVE_UNISTD_H 1
#define HAVE_UNISTD_H 1
#define PACKAGE "fftw"
#define PACKAGE_BUGREPORT ""
#define PACKAGE_NAME ""
#define PACKAGE_STRING ""
#define PACKAGE_TARNAME ""
#define PACKAGE_VERSION ""
#define SIZEOF_INT 4
#define SIZEOF_LONG_LONG 8
#define STDC_HEADERS 1
#define STDC_HEADERS 1
#define TIME_WITH_SYS_TIME 1
#define VERSION "2.1.5"

configure: exit 0
