This file contains any messages produced by compilers while
running configure, to aid debugging if configure makes a mistake.

It was created by ccp4srs configure 1.0.0, which was
generated by GNU Autoconf 2.69.  Invocation command line was

  $ ./configure CXXFLAGS=-g -O2 -w -std=c++11 CCFLAGS=-g -O2 -w --prefix=/home/jordan/dev/privateer/dependencies --disable-Werror --enable-silent-rules --enable-shared --disable-static

## --------- ##
## Platform. ##
## --------- ##

hostname = spectre
uname -m = x86_64
uname -r = 6.2.0-31-generic
uname -s = Linux
uname -v = #31~22.04.1-Ubuntu SMP PREEMPT_DYNAMIC Wed Aug 16 13:45:26 UTC 2

/usr/bin/uname -p = x86_64
/bin/uname -X     = unknown

/bin/arch              = x86_64
/usr/bin/arch -k       = unknown
/usr/convex/getsysinfo = unknown
/usr/bin/hostinfo      = unknown
/bin/machine           = unknown
/usr/bin/oslevel       = unknown
/bin/universe          = unknown

PATH: /home/jordan/dev/privateer/pyenv/bin
PATH: /home/jordan/.nvm/versions/node/v18.17.0/bin
PATH: /home/jordan/miniconda3/condabin
PATH: /home/jordan/.local/bin
PATH: /home/jordan/.local/bin
PATH: /usr/local/sbin
PATH: /usr/local/bin
PATH: /usr/sbin
PATH: /usr/bin
PATH: /sbin
PATH: /bin
PATH: /usr/games
PATH: /usr/local/games
PATH: /snap/bin
PATH: /snap/bin
PATH: /home/jordan/.local/share/JetBrains/Toolbox/scripts
PATH: /home/jordan/.local/share/JetBrains/Toolbox/scripts


## ----------- ##
## Core tests. ##
## ----------- ##

configure:2478: checking for a BSD-compatible install
configure:2546: result: /usr/bin/install -c
configure:2557: checking whether build environment is sane
configure:2612: result: yes
configure:2763: checking for a thread-safe mkdir -p
configure:2802: result: /usr/bin/mkdir -p
configure:2809: checking for gawk
configure:2839: result: no
configure:2809: checking for mawk
configure:2825: found /usr/bin/mawk
configure:2836: result: mawk
configure:2847: checking whether make sets $(MAKE)
configure:2869: result: yes
configure:2898: checking whether make supports nested variables
configure:2915: result: yes
configure:3011: checking for style of include used by make
configure:3039: result: GNU
configure:3110: checking for gcc
configure:3137: result: /usr/bin/gcc
configure:3366: checking for C compiler version
configure:3375: /usr/bin/gcc --version >&5
gcc (Ubuntu 11.4.0-1ubuntu1~22.04) 11.4.0
Copyright (C) 2021 Free Software Foundation, Inc.
This is free software; see the source for copying conditions.  There is NO
warranty; not even for MERCHANTABILITY or FITNESS FOR A PARTICULAR PURPOSE.

configure:3386: $? = 0
configure:3375: /usr/bin/gcc -v >&5
Using built-in specs.
COLLECT_GCC=/usr/bin/gcc
COLLECT_LTO_WRAPPER=/usr/lib/gcc/x86_64-linux-gnu/11/lto-wrapper
OFFLOAD_TARGET_NAMES=nvptx-none:amdgcn-amdhsa
OFFLOAD_TARGET_DEFAULT=1
Target: x86_64-linux-gnu
Configured with: ../src/configure -v --with-pkgversion='Ubuntu 11.4.0-1ubuntu1~22.04' --with-bugurl=file:///usr/share/doc/gcc-11/README.Bugs --enable-languages=c,ada,c++,go,brig,d,fortran,objc,obj-c++,m2 --prefix=/usr --with-gcc-major-version-only --program-suffix=-11 --program-prefix=x86_64-linux-gnu- --enable-shared --enable-linker-build-id --libexecdir=/usr/lib --without-included-gettext --enable-threads=posix --libdir=/usr/lib --enable-nls --enable-bootstrap --enable-clocale=gnu --enable-libstdcxx-debug --enable-libstdcxx-time=yes --with-default-libstdcxx-abi=new --enable-gnu-unique-object --disable-vtable-verify --enable-plugin --enable-default-pie --with-system-zlib --enable-libphobos-checking=release --with-target-system-zlib=auto --enable-objc-gc=auto --enable-multiarch --disable-werror --enable-cet --with-arch-32=i686 --with-abi=m64 --with-multilib-list=m32,m64,mx32 --enable-multilib --with-tune=generic --enable-offload-targets=nvptx-none=/build/gcc-11-XeT9lY/gcc-11-11.4.0/debian/tmp-nvptx/usr,amdgcn-amdhsa=/build/gcc-11-XeT9lY/gcc-11-11.4.0/debian/tmp-gcn/usr --without-cuda-driver --enable-checking=release --build=x86_64-linux-gnu --host=x86_64-linux-gnu --target=x86_64-linux-gnu --with-build-config=bootstrap-lto-lean --enable-link-serialization=2
Thread model: posix
Supported LTO compression algorithms: zlib zstd
gcc version 11.4.0 (Ubuntu 11.4.0-1ubuntu1~22.04) 
... rest of stderr output deleted ...
configure:3386: $? = 0
configure:3375: /usr/bin/gcc -V >&5
gcc: error: unrecognized command-line option '-V'
gcc: fatal error: no input files
compilation terminated.
configure:3386: $? = 1
configure:3375: /usr/bin/gcc -qversion >&5
gcc: error: unrecognized command-line option '-qversion'; did you mean '--version'?
gcc: fatal error: no input files
compilation terminated.
configure:3386: $? = 1
configure:3406: checking whether the C compiler works
configure:3428: /usr/bin/gcc  -I/home/jordan/dev/privateer/dependencies/include -L/home/jordan/dev/privateer/dependencies/lib -L/home/jordan/dev/privateer/dependencies/lib64 conftest.c  >&5
configure:3432: $? = 0
configure:3480: result: yes
configure:3483: checking for C compiler default output file name
configure:3485: result: a.out
configure:3491: checking for suffix of executables
configure:3498: /usr/bin/gcc -o conftest  -I/home/jordan/dev/privateer/dependencies/include -L/home/jordan/dev/privateer/dependencies/lib -L/home/jordan/dev/privateer/dependencies/lib64 conftest.c  >&5
configure:3502: $? = 0
configure:3524: result: 
configure:3546: checking whether we are cross compiling
configure:3554: /usr/bin/gcc -o conftest  -I/home/jordan/dev/privateer/dependencies/include -L/home/jordan/dev/privateer/dependencies/lib -L/home/jordan/dev/privateer/dependencies/lib64 conftest.c  >&5
configure:3558: $? = 0
configure:3565: ./conftest
configure:3569: $? = 0
configure:3584: result: no
configure:3589: checking for suffix of object files
configure:3611: /usr/bin/gcc -c  -I/home/jordan/dev/privateer/dependencies/include conftest.c >&5
configure:3615: $? = 0
configure:3636: result: o
configure:3640: checking whether we are using the GNU C compiler
configure:3659: /usr/bin/gcc -c  -I/home/jordan/dev/privateer/dependencies/include conftest.c >&5
configure:3659: $? = 0
configure:3668: result: yes
configure:3677: checking whether /usr/bin/gcc accepts -g
configure:3697: /usr/bin/gcc -c -g -I/home/jordan/dev/privateer/dependencies/include conftest.c >&5
configure:3697: $? = 0
configure:3738: result: yes
configure:3755: checking for /usr/bin/gcc option to accept ISO C89
configure:3818: /usr/bin/gcc  -c -g -O2 -I/home/jordan/dev/privateer/dependencies/include conftest.c >&5
configure:3818: $? = 0
configure:3831: result: none needed
configure:3853: checking dependency style of /usr/bin/gcc
configure:3964: result: gcc3
configure:4029: checking for ar
configure:4045: found /usr/bin/ar
configure:4056: result: ar
configure:4082: checking the archiver (ar) interface
configure:4092: /usr/bin/gcc -c -g -O2 -I/home/jordan/dev/privateer/dependencies/include conftest.c >&5
configure:4092: $? = 0
configure:4094: ar cru libconftest.a conftest.o >&5
ar: `u' modifier ignored since `D' is the default (see `U')
configure:4097: $? = 0
configure:4120: result: ar
configure:4169: checking build system type
configure:4183: result: x86_64-unknown-linux-gnu
configure:4203: checking host system type
configure:4216: result: x86_64-unknown-linux-gnu
configure:4257: checking how to print strings
configure:4284: result: printf
configure:4305: checking for a sed that does not truncate output
configure:4369: result: /usr/bin/sed
configure:4387: checking for grep that handles long lines and -e
configure:4445: result: /usr/bin/grep
configure:4450: checking for egrep
configure:4512: result: /usr/bin/grep -E
configure:4517: checking for fgrep
configure:4579: result: /usr/bin/grep -F
configure:4614: checking for ld used by /usr/bin/gcc
configure:4681: result: /usr/bin/ld
configure:4688: checking if the linker (/usr/bin/ld) is GNU ld
configure:4703: result: yes
configure:4715: checking for BSD- or MS-compatible name lister (nm)
configure:4764: result: /usr/bin/nm -B
configure:4894: checking the name lister (/usr/bin/nm -B) interface
configure:4901: /usr/bin/gcc -c -g -O2 -I/home/jordan/dev/privateer/dependencies/include conftest.c >&5
configure:4904: /usr/bin/nm -B "conftest.o"
configure:4907: output
0000000000000000 B some_variable
configure:4914: result: BSD nm
configure:4917: checking whether ln -s works
configure:4921: result: yes
configure:4929: checking the maximum length of command line arguments
configure:5059: result: 1572864
configure:5076: checking whether the shell understands some XSI constructs
configure:5086: result: yes
configure:5090: checking whether the shell understands "+="
configure:5096: result: yes
configure:5131: checking how to convert x86_64-unknown-linux-gnu file names to x86_64-unknown-linux-gnu format
configure:5171: result: func_convert_file_noop
configure:5178: checking how to convert x86_64-unknown-linux-gnu file names to toolchain format
configure:5198: result: func_convert_file_noop
configure:5205: checking for /usr/bin/ld option to reload object files
configure:5212: result: -r
configure:5286: checking for objdump
configure:5302: found /usr/bin/objdump
configure:5313: result: objdump
configure:5342: checking how to recognize dependent libraries
configure:5544: result: pass_all
configure:5629: checking for dlltool
configure:5659: result: no
configure:5686: checking how to associate runtime and link libraries
configure:5713: result: printf %s\n
configure:5837: checking for archiver @FILE support
configure:5854: /usr/bin/gcc -c -g -O2 -I/home/jordan/dev/privateer/dependencies/include conftest.c >&5
configure:5854: $? = 0
configure:5857: ar cru libconftest.a @conftest.lst >&5
ar: `u' modifier ignored since `D' is the default (see `U')
configure:5860: $? = 0
configure:5865: ar cru libconftest.a @conftest.lst >&5
ar: `u' modifier ignored since `D' is the default (see `U')
ar: conftest.o: No such file or directory
configure:5868: $? = 1
configure:5880: result: @
configure:5938: checking for strip
configure:5954: found /usr/bin/strip
configure:5965: result: strip
configure:6037: checking for ranlib
configure:6053: found /usr/bin/ranlib
configure:6064: result: ranlib
configure:6166: checking command to parse /usr/bin/nm -B output from /usr/bin/gcc object
configure:6286: /usr/bin/gcc -c -g -O2 -I/home/jordan/dev/privateer/dependencies/include conftest.c >&5
configure:6289: $? = 0
configure:6293: /usr/bin/nm -B conftest.o \| sed -n -e 's/^.*[ ]\([ABCDGIRSTW][ABCDGIRSTW]*\)[ ][ ]*\([_A-Za-z][_A-Za-z0-9]*\)$/\1 \2 \2/p' | sed '/ __gnu_lto/d' \> conftest.nm
configure:6296: $? = 0
configure:6362: /usr/bin/gcc -o conftest -g -O2 -I/home/jordan/dev/privateer/dependencies/include -L/home/jordan/dev/privateer/dependencies/lib -L/home/jordan/dev/privateer/dependencies/lib64 conftest.c conftstm.o >&5
configure:6365: $? = 0
configure:6403: result: ok
configure:6440: checking for sysroot
configure:6470: result: no
configure:6547: /usr/bin/gcc -c -g -O2 -I/home/jordan/dev/privateer/dependencies/include conftest.c >&5
configure:6550: $? = 0
configure:6726: checking for mt
configure:6742: found /usr/bin/mt
configure:6753: result: mt
configure:6776: checking if mt is a manifest tool
configure:6782: mt '-?'
configure:6790: result: no
configure:7432: checking how to run the C preprocessor
configure:7463: /usr/bin/gcc -E -I/home/jordan/dev/privateer/dependencies/include conftest.c
configure:7463: $? = 0
configure:7477: /usr/bin/gcc -E -I/home/jordan/dev/privateer/dependencies/include conftest.c
conftest.c:11:10: fatal error: ac_nonexistent.h: No such file or directory
   11 | #include <ac_nonexistent.h>
      |          ^~~~~~~~~~~~~~~~~~
compilation terminated.
configure:7477: $? = 1
configure: failed program was:
| /* confdefs.h */
| #define PACKAGE_NAME "ccp4srs"
| #define PACKAGE_TARNAME "ccp4srs"
| #define PACKAGE_VERSION "1.0.0"
| #define PACKAGE_STRING "ccp4srs 1.0.0"
| #define PACKAGE_BUGREPORT ""
| #define PACKAGE_URL ""
| #define PACKAGE "ccp4srs"
| #define VERSION "1.0.0"
| /* end confdefs.h.  */
| #include <ac_nonexistent.h>
configure:7502: result: /usr/bin/gcc -E
configure:7522: /usr/bin/gcc -E -I/home/jordan/dev/privateer/dependencies/include conftest.c
configure:7522: $? = 0
configure:7536: /usr/bin/gcc -E -I/home/jordan/dev/privateer/dependencies/include conftest.c
conftest.c:11:10: fatal error: ac_nonexistent.h: No such file or directory
   11 | #include <ac_nonexistent.h>
      |          ^~~~~~~~~~~~~~~~~~
compilation terminated.
configure:7536: $? = 1
configure: failed program was:
| /* confdefs.h */
| #define PACKAGE_NAME "ccp4srs"
| #define PACKAGE_TARNAME "ccp4srs"
| #define PACKAGE_VERSION "1.0.0"
| #define PACKAGE_STRING "ccp4srs 1.0.0"
| #define PACKAGE_BUGREPORT ""
| #define PACKAGE_URL ""
| #define PACKAGE "ccp4srs"
| #define VERSION "1.0.0"
| /* end confdefs.h.  */
| #include <ac_nonexistent.h>
configure:7565: checking for ANSI C header files
configure:7585: /usr/bin/gcc -c -g -O2 -I/home/jordan/dev/privateer/dependencies/include conftest.c >&5
configure:7585: $? = 0
configure:7658: /usr/bin/gcc -o conftest -g -O2 -I/home/jordan/dev/privateer/dependencies/include -L/home/jordan/dev/privateer/dependencies/lib -L/home/jordan/dev/privateer/dependencies/lib64 conftest.c  >&5
configure:7658: $? = 0
configure:7658: ./conftest
configure:7658: $? = 0
configure:7669: result: yes
configure:7682: checking for sys/types.h
configure:7682: /usr/bin/gcc -c -g -O2 -I/home/jordan/dev/privateer/dependencies/include conftest.c >&5
configure:7682: $? = 0
configure:7682: result: yes
configure:7682: checking for sys/stat.h
configure:7682: /usr/bin/gcc -c -g -O2 -I/home/jordan/dev/privateer/dependencies/include conftest.c >&5
configure:7682: $? = 0
configure:7682: result: yes
configure:7682: checking for stdlib.h
configure:7682: /usr/bin/gcc -c -g -O2 -I/home/jordan/dev/privateer/dependencies/include conftest.c >&5
configure:7682: $? = 0
configure:7682: result: yes
configure:7682: checking for string.h
configure:7682: /usr/bin/gcc -c -g -O2 -I/home/jordan/dev/privateer/dependencies/include conftest.c >&5
configure:7682: $? = 0
configure:7682: result: yes
configure:7682: checking for memory.h
configure:7682: /usr/bin/gcc -c -g -O2 -I/home/jordan/dev/privateer/dependencies/include conftest.c >&5
configure:7682: $? = 0
configure:7682: result: yes
configure:7682: checking for strings.h
configure:7682: /usr/bin/gcc -c -g -O2 -I/home/jordan/dev/privateer/dependencies/include conftest.c >&5
configure:7682: $? = 0
configure:7682: result: yes
configure:7682: checking for inttypes.h
configure:7682: /usr/bin/gcc -c -g -O2 -I/home/jordan/dev/privateer/dependencies/include conftest.c >&5
configure:7682: $? = 0
configure:7682: result: yes
configure:7682: checking for stdint.h
configure:7682: /usr/bin/gcc -c -g -O2 -I/home/jordan/dev/privateer/dependencies/include conftest.c >&5
configure:7682: $? = 0
configure:7682: result: yes
configure:7682: checking for unistd.h
configure:7682: /usr/bin/gcc -c -g -O2 -I/home/jordan/dev/privateer/dependencies/include conftest.c >&5
configure:7682: $? = 0
configure:7682: result: yes
configure:7696: checking for dlfcn.h
configure:7696: /usr/bin/gcc -c -g -O2 -I/home/jordan/dev/privateer/dependencies/include conftest.c >&5
configure:7696: $? = 0
configure:7696: result: yes
configure:8199: checking for objdir
configure:8214: result: .libs
configure:8485: checking if /usr/bin/gcc supports -fno-rtti -fno-exceptions
configure:8503: /usr/bin/gcc -c -g -O2 -I/home/jordan/dev/privateer/dependencies/include -fno-rtti -fno-exceptions conftest.c >&5
cc1: warning: command-line option '-fno-rtti' is valid for C++/D/ObjC++ but not for C
configure:8507: $? = 0
configure:8520: result: no
configure:8847: checking for /usr/bin/gcc option to produce PIC
configure:8854: result: -fPIC -DPIC
configure:8862: checking if /usr/bin/gcc PIC flag -fPIC -DPIC works
configure:8880: /usr/bin/gcc -c -g -O2 -I/home/jordan/dev/privateer/dependencies/include -fPIC -DPIC -DPIC conftest.c >&5
configure:8884: $? = 0
configure:8897: result: yes
configure:8926: checking if /usr/bin/gcc static flag -static works
configure:8954: result: yes
configure:8969: checking if /usr/bin/gcc supports -c -o file.o
configure:8990: /usr/bin/gcc -c -g -O2 -I/home/jordan/dev/privateer/dependencies/include -o out/conftest2.o conftest.c >&5
configure:8994: $? = 0
configure:9016: result: yes
configure:9024: checking if /usr/bin/gcc supports -c -o file.o
configure:9071: result: yes
configure:9104: checking whether the /usr/bin/gcc linker (/usr/bin/ld -m elf_x86_64) supports shared libraries
configure:10257: result: yes
configure:10294: checking whether -lc should be explicitly linked in
configure:10302: /usr/bin/gcc -c -g -O2 -I/home/jordan/dev/privateer/dependencies/include conftest.c >&5
configure:10305: $? = 0
configure:10320: /usr/bin/gcc -shared  -fPIC -DPIC conftest.o  -v -Wl,-soname -Wl,conftest -o conftest 2\>\&1 \| /usr/bin/grep  -lc  \>/dev/null 2\>\&1
configure:10323: $? = 0
configure:10337: result: no
configure:10497: checking dynamic linker characteristics
configure:11008: /usr/bin/gcc -o conftest -g -O2 -I/home/jordan/dev/privateer/dependencies/include -L/home/jordan/dev/privateer/dependencies/lib -L/home/jordan/dev/privateer/dependencies/lib64 -Wl,-rpath -Wl,/foo conftest.c  >&5
configure:11008: $? = 0
configure:11230: result: GNU/Linux ld.so
configure:11337: checking how to hardcode library paths into programs
configure:11362: result: immediate
configure:11902: checking whether stripping libraries is possible
configure:11907: result: yes
configure:11942: checking if libtool supports shared libraries
configure:11944: result: yes
configure:11947: checking whether to build shared libraries
configure:11968: result: yes
configure:11971: checking whether to build static libraries
configure:11975: result: no
configure:12124: checking for C++ compiler version
configure:12133: /usr/bin/g++ --version >&5
g++ (Ubuntu 11.4.0-1ubuntu1~22.04) 11.4.0
Copyright (C) 2021 Free Software Foundation, Inc.
This is free software; see the source for copying conditions.  There is NO
warranty; not even for MERCHANTABILITY or FITNESS FOR A PARTICULAR PURPOSE.

configure:12144: $? = 0
configure:12133: /usr/bin/g++ -v >&5
Using built-in specs.
COLLECT_GCC=/usr/bin/g++
COLLECT_LTO_WRAPPER=/usr/lib/gcc/x86_64-linux-gnu/11/lto-wrapper
OFFLOAD_TARGET_NAMES=nvptx-none:amdgcn-amdhsa
OFFLOAD_TARGET_DEFAULT=1
Target: x86_64-linux-gnu
Configured with: ../src/configure -v --with-pkgversion='Ubuntu 11.4.0-1ubuntu1~22.04' --with-bugurl=file:///usr/share/doc/gcc-11/README.Bugs --enable-languages=c,ada,c++,go,brig,d,fortran,objc,obj-c++,m2 --prefix=/usr --with-gcc-major-version-only --program-suffix=-11 --program-prefix=x86_64-linux-gnu- --enable-shared --enable-linker-build-id --libexecdir=/usr/lib --without-included-gettext --enable-threads=posix --libdir=/usr/lib --enable-nls --enable-bootstrap --enable-clocale=gnu --enable-libstdcxx-debug --enable-libstdcxx-time=yes --with-default-libstdcxx-abi=new --enable-gnu-unique-object --disable-vtable-verify --enable-plugin --enable-default-pie --with-system-zlib --enable-libphobos-checking=release --with-target-system-zlib=auto --enable-objc-gc=auto --enable-multiarch --disable-werror --enable-cet --with-arch-32=i686 --with-abi=m64 --with-multilib-list=m32,m64,mx32 --enable-multilib --with-tune=generic --enable-offload-targets=nvptx-none=/build/gcc-11-XeT9lY/gcc-11-11.4.0/debian/tmp-nvptx/usr,amdgcn-amdhsa=/build/gcc-11-XeT9lY/gcc-11-11.4.0/debian/tmp-gcn/usr --without-cuda-driver --enable-checking=release --build=x86_64-linux-gnu --host=x86_64-linux-gnu --target=x86_64-linux-gnu --with-build-config=bootstrap-lto-lean --enable-link-serialization=2
Thread model: posix
Supported LTO compression algorithms: zlib zstd
gcc version 11.4.0 (Ubuntu 11.4.0-1ubuntu1~22.04) 
... rest of stderr output deleted ...
configure:12144: $? = 0
configure:12133: /usr/bin/g++ -V >&5
g++: error: unrecognized command-line option '-V'
g++: fatal error: no input files
compilation terminated.
configure:12144: $? = 1
configure:12133: /usr/bin/g++ -qversion >&5
g++: error: unrecognized command-line option '-qversion'; did you mean '--version'?
g++: fatal error: no input files
compilation terminated.
configure:12144: $? = 1
configure:12148: checking whether we are using the GNU C++ compiler
configure:12167: /usr/bin/g++ -c -g -O2 -w -std=c++11 -I/home/jordan/dev/privateer/dependencies/include conftest.cpp >&5
configure:12167: $? = 0
configure:12176: result: yes
configure:12185: checking whether /usr/bin/g++ accepts -g
configure:12205: /usr/bin/g++ -c -g -I/home/jordan/dev/privateer/dependencies/include conftest.cpp >&5
configure:12205: $? = 0
configure:12246: result: yes
configure:12271: checking dependency style of /usr/bin/g++
configure:12382: result: gcc3
configure:12415: checking how to run the C++ preprocessor
configure:12442: /usr/bin/g++ -E -I/home/jordan/dev/privateer/dependencies/include conftest.cpp
configure:12442: $? = 0
configure:12456: /usr/bin/g++ -E -I/home/jordan/dev/privateer/dependencies/include conftest.cpp
conftest.cpp:23:10: fatal error: ac_nonexistent.h: No such file or directory
   23 | #include <ac_nonexistent.h>
      |          ^~~~~~~~~~~~~~~~~~
compilation terminated.
configure:12456: $? = 1
configure: failed program was:
| /* confdefs.h */
| #define PACKAGE_NAME "ccp4srs"
| #define PACKAGE_TARNAME "ccp4srs"
| #define PACKAGE_VERSION "1.0.0"
| #define PACKAGE_STRING "ccp4srs 1.0.0"
| #define PACKAGE_BUGREPORT ""
| #define PACKAGE_URL ""
| #define PACKAGE "ccp4srs"
| #define VERSION "1.0.0"
| #define STDC_HEADERS 1
| #define HAVE_SYS_TYPES_H 1
| #define HAVE_SYS_STAT_H 1
| #define HAVE_STDLIB_H 1
| #define HAVE_STRING_H 1
| #define HAVE_MEMORY_H 1
| #define HAVE_STRINGS_H 1
| #define HAVE_INTTYPES_H 1
| #define HAVE_STDINT_H 1
| #define HAVE_UNISTD_H 1
| #define HAVE_DLFCN_H 1
| #define LT_OBJDIR ".libs/"
| /* end confdefs.h.  */
| #include <ac_nonexistent.h>
configure:12481: result: /usr/bin/g++ -E
configure:12501: /usr/bin/g++ -E -I/home/jordan/dev/privateer/dependencies/include conftest.cpp
configure:12501: $? = 0
configure:12515: /usr/bin/g++ -E -I/home/jordan/dev/privateer/dependencies/include conftest.cpp
conftest.cpp:23:10: fatal error: ac_nonexistent.h: No such file or directory
   23 | #include <ac_nonexistent.h>
      |          ^~~~~~~~~~~~~~~~~~
compilation terminated.
configure:12515: $? = 1
configure: failed program was:
| /* confdefs.h */
| #define PACKAGE_NAME "ccp4srs"
| #define PACKAGE_TARNAME "ccp4srs"
| #define PACKAGE_VERSION "1.0.0"
| #define PACKAGE_STRING "ccp4srs 1.0.0"
| #define PACKAGE_BUGREPORT ""
| #define PACKAGE_URL ""
| #define PACKAGE "ccp4srs"
| #define VERSION "1.0.0"
| #define STDC_HEADERS 1
| #define HAVE_SYS_TYPES_H 1
| #define HAVE_SYS_STAT_H 1
| #define HAVE_STDLIB_H 1
| #define HAVE_STRING_H 1
| #define HAVE_MEMORY_H 1
| #define HAVE_STRINGS_H 1
| #define HAVE_INTTYPES_H 1
| #define HAVE_STDINT_H 1
| #define HAVE_UNISTD_H 1
| #define HAVE_DLFCN_H 1
| #define LT_OBJDIR ".libs/"
| /* end confdefs.h.  */
| #include <ac_nonexistent.h>
configure:12684: checking for ld used by /usr/bin/g++
configure:12751: result: /usr/bin/ld -m elf_x86_64
configure:12758: checking if the linker (/usr/bin/ld -m elf_x86_64) is GNU ld
configure:12773: result: yes
configure:12828: checking whether the /usr/bin/g++ linker (/usr/bin/ld -m elf_x86_64) supports shared libraries
configure:13833: result: yes
configure:13869: /usr/bin/g++ -c -g -O2 -w -std=c++11 -I/home/jordan/dev/privateer/dependencies/include conftest.cpp >&5
configure:13872: $? = 0
configure:14392: checking for /usr/bin/g++ option to produce PIC
configure:14399: result: -fPIC -DPIC
configure:14407: checking if /usr/bin/g++ PIC flag -fPIC -DPIC works
configure:14425: /usr/bin/g++ -c -g -O2 -w -std=c++11 -I/home/jordan/dev/privateer/dependencies/include -fPIC -DPIC -DPIC conftest.cpp >&5
configure:14429: $? = 0
configure:14442: result: yes
configure:14465: checking if /usr/bin/g++ static flag -static works
configure:14493: result: yes
configure:14505: checking if /usr/bin/g++ supports -c -o file.o
configure:14526: /usr/bin/g++ -c -g -O2 -w -std=c++11 -I/home/jordan/dev/privateer/dependencies/include -o out/conftest2.o conftest.cpp >&5
configure:14530: $? = 0
configure:14552: result: yes
configure:14557: checking if /usr/bin/g++ supports -c -o file.o
configure:14604: result: yes
configure:14634: checking whether the /usr/bin/g++ linker (/usr/bin/ld -m elf_x86_64) supports shared libraries
configure:14670: result: yes
configure:14811: checking dynamic linker characteristics
configure:15478: result: GNU/Linux ld.so
configure:15531: checking how to hardcode library paths into programs
configure:15556: result: immediate
configure:15599: checking whether to enable maintainer-specific portions of Makefiles
configure:15608: result: no
configure:15621: checking for library containing cos
configure:15652: /usr/bin/gcc -o conftest -g -O2 -I/home/jordan/dev/privateer/dependencies/include -L/home/jordan/dev/privateer/dependencies/lib -L/home/jordan/dev/privateer/dependencies/lib64 conftest.c  >&5
conftest.c:30:6: warning: conflicting types for built-in function 'cos'; expected 'double(double)' [-Wbuiltin-declaration-mismatch]
   30 | char cos ();
      |      ^~~
conftest.c:1:1: note: 'cos' is declared in header '<math.h>'
    1 | /* confdefs.h */
/usr/bin/ld: /tmp/ccfCzN8H.o: in function `main':
/home/jordan/dev/privateer/dependencies/ccp4srs/trunk/conftest.c:34: undefined reference to `cos'
collect2: error: ld returned 1 exit status
configure:15652: $? = 1
configure: failed program was:
| /* confdefs.h */
| #define PACKAGE_NAME "ccp4srs"
| #define PACKAGE_TARNAME "ccp4srs"
| #define PACKAGE_VERSION "1.0.0"
| #define PACKAGE_STRING "ccp4srs 1.0.0"
| #define PACKAGE_BUGREPORT ""
| #define PACKAGE_URL ""
| #define PACKAGE "ccp4srs"
| #define VERSION "1.0.0"
| #define STDC_HEADERS 1
| #define HAVE_SYS_TYPES_H 1
| #define HAVE_SYS_STAT_H 1
| #define HAVE_STDLIB_H 1
| #define HAVE_STRING_H 1
| #define HAVE_MEMORY_H 1
| #define HAVE_STRINGS_H 1
| #define HAVE_INTTYPES_H 1
| #define HAVE_STDINT_H 1
| #define HAVE_UNISTD_H 1
| #define HAVE_DLFCN_H 1
| #define LT_OBJDIR ".libs/"
| /* end confdefs.h.  */
| 
| /* Override any GCC internal prototype to avoid an error.
|    Use char because int might match the return type of a GCC
|    builtin and then its argument prototype would still apply.  */
| #ifdef __cplusplus
| extern "C"
| #endif
| char cos ();
| int
| main ()
| {
| return cos ();
|   ;
|   return 0;
| }
configure:15652: /usr/bin/gcc -o conftest -g -O2 -I/home/jordan/dev/privateer/dependencies/include -L/home/jordan/dev/privateer/dependencies/lib -L/home/jordan/dev/privateer/dependencies/lib64 conftest.c -lm   >&5
conftest.c:30:6: warning: conflicting types for built-in function 'cos'; expected 'double(double)' [-Wbuiltin-declaration-mismatch]
   30 | char cos ();
      |      ^~~
conftest.c:1:1: note: 'cos' is declared in header '<math.h>'
    1 | /* confdefs.h */
configure:15652: $? = 0
configure:15669: result: -lm
configure:15679: checking for crc32 in -lz
configure:15704: /usr/bin/gcc -o conftest -g -O2 -I/home/jordan/dev/privateer/dependencies/include -L/home/jordan/dev/privateer/dependencies/lib -L/home/jordan/dev/privateer/dependencies/lib64 conftest.c -lz  -lm  >&5
configure:15704: $? = 0
configure:15713: result: yes
configure:15726: checking zlib.h usability
configure:15726: /usr/bin/gcc -c -g -O2 -I/home/jordan/dev/privateer/dependencies/include conftest.c >&5
configure:15726: $? = 0
configure:15726: result: yes
configure:15726: checking zlib.h presence
configure:15726: /usr/bin/gcc -E -I/home/jordan/dev/privateer/dependencies/include conftest.c
configure:15726: $? = 0
configure:15726: result: yes
configure:15726: checking for zlib.h
configure:15726: result: yes
configure:15742: checking mmdb2/mmdb_manager.h usability
configure:15742: /usr/bin/g++ -c -g -O2 -w -std=c++11 -I/home/jordan/dev/privateer/dependencies/include conftest.cpp >&5
configure:15742: $? = 0
configure:15742: result: yes
configure:15742: checking mmdb2/mmdb_manager.h presence
configure:15742: /usr/bin/g++ -E -I/home/jordan/dev/privateer/dependencies/include conftest.cpp
configure:15742: $? = 0
configure:15742: result: yes
configure:15742: checking for mmdb2/mmdb_manager.h
configure:15742: result: yes
configure:15750: checking for MMDB_CCIF_Init in -lmmdb2
configure:15775: /usr/bin/g++ -o conftest -g -O2 -w -std=c++11 -I/home/jordan/dev/privateer/dependencies/include -L/home/jordan/dev/privateer/dependencies/lib -L/home/jordan/dev/privateer/dependencies/lib64 conftest.cpp -lmmdb2  -lz -lm  >&5
configure:15775: $? = 0
configure:15784: result: yes
configure:15903: checking that generated files are newer than configure
configure:15909: result: done
configure:15940: creating ./config.status

## ---------------------- ##
## Running config.status. ##
## ---------------------- ##

This file was extended by ccp4srs config.status 1.0.0, which was
generated by GNU Autoconf 2.69.  Invocation command line was

  CONFIG_FILES    = 
  CONFIG_HEADERS  = 
  CONFIG_LINKS    = 
  CONFIG_COMMANDS = 
  $ ./config.status 

on spectre

config.status:1149: creating Makefile
config.status:1149: creating config.h
config.status:1378: executing depfiles commands
config.status:1378: executing libtool commands
configure:18430: WARNING: unrecognized options: --disable-Werror

## ---------------- ##
## Cache variables. ##
## ---------------- ##

ac_cv_build=x86_64-unknown-linux-gnu
ac_cv_c_compiler_gnu=yes
ac_cv_cxx_compiler_gnu=yes
ac_cv_env_CCC_set=
ac_cv_env_CCC_value=
ac_cv_env_CC_set=set
ac_cv_env_CC_value=/usr/bin/gcc
ac_cv_env_CFLAGS_set=
ac_cv_env_CFLAGS_value=
ac_cv_env_CPPFLAGS_set=set
ac_cv_env_CPPFLAGS_value=-I/home/jordan/dev/privateer/dependencies/include
ac_cv_env_CPP_set=
ac_cv_env_CPP_value=
ac_cv_env_CXXCPP_set=
ac_cv_env_CXXCPP_value=
ac_cv_env_CXXFLAGS_set=set
ac_cv_env_CXXFLAGS_value='-g -O2 -w -std=c++11'
ac_cv_env_CXX_set=set
ac_cv_env_CXX_value=/usr/bin/g++
ac_cv_env_LDFLAGS_set=set
ac_cv_env_LDFLAGS_value='-L/home/jordan/dev/privateer/dependencies/lib -L/home/jordan/dev/privateer/dependencies/lib64'
ac_cv_env_LIBS_set=
ac_cv_env_LIBS_value=
ac_cv_env_build_alias_set=
ac_cv_env_build_alias_value=
ac_cv_env_host_alias_set=
ac_cv_env_host_alias_value=
ac_cv_env_target_alias_set=
ac_cv_env_target_alias_value=
ac_cv_header_dlfcn_h=yes
ac_cv_header_inttypes_h=yes
ac_cv_header_memory_h=yes
ac_cv_header_mmdb2_mmdb_manager_h=yes
ac_cv_header_stdc=yes
ac_cv_header_stdint_h=yes
ac_cv_header_stdlib_h=yes
ac_cv_header_string_h=yes
ac_cv_header_strings_h=yes
ac_cv_header_sys_stat_h=yes
ac_cv_header_sys_types_h=yes
ac_cv_header_unistd_h=yes
ac_cv_header_zlib_h=yes
ac_cv_host=x86_64-unknown-linux-gnu
ac_cv_lib_mmdb2_MMDB_CCIF_Init=yes
ac_cv_lib_z_crc32=yes
ac_cv_objext=o
ac_cv_path_EGREP='/usr/bin/grep -E'
ac_cv_path_FGREP='/usr/bin/grep -F'
ac_cv_path_GREP=/usr/bin/grep
ac_cv_path_SED=/usr/bin/sed
ac_cv_path_install='/usr/bin/install -c'
ac_cv_path_mkdir=/usr/bin/mkdir
ac_cv_prog_AWK=mawk
ac_cv_prog_CPP='/usr/bin/gcc -E'
ac_cv_prog_CXXCPP='/usr/bin/g++ -E'
ac_cv_prog_ac_ct_AR=ar
ac_cv_prog_ac_ct_CC=/usr/bin/gcc
ac_cv_prog_ac_ct_MANIFEST_TOOL=mt
ac_cv_prog_ac_ct_OBJDUMP=objdump
ac_cv_prog_ac_ct_RANLIB=ranlib
ac_cv_prog_ac_ct_STRIP=strip
ac_cv_prog_cc_c89=
ac_cv_prog_cc_g=yes
ac_cv_prog_cxx_g=yes
ac_cv_prog_make_make_set=yes
ac_cv_search_cos=-lm
am_cv_CC_dependencies_compiler_type=gcc3
am_cv_CXX_dependencies_compiler_type=gcc3
am_cv_ar_interface=ar
am_cv_make_support_nested_variables=yes
lt_cv_ar_at_file=@
lt_cv_archive_cmds_need_lc=no
lt_cv_deplibs_check_method=pass_all
lt_cv_file_magic_cmd='$MAGIC_CMD'
lt_cv_file_magic_test_file=
lt_cv_ld_reload_flag=-r
lt_cv_nm_interface='BSD nm'
lt_cv_objdir=.libs
lt_cv_path_LD=/usr/bin/ld
lt_cv_path_LDCXX='/usr/bin/ld -m elf_x86_64'
lt_cv_path_NM='/usr/bin/nm -B'
lt_cv_path_mainfest_tool=no
lt_cv_prog_compiler_c_o=yes
lt_cv_prog_compiler_c_o_CXX=yes
lt_cv_prog_compiler_pic='-fPIC -DPIC'
lt_cv_prog_compiler_pic_CXX='-fPIC -DPIC'
lt_cv_prog_compiler_pic_works=yes
lt_cv_prog_compiler_pic_works_CXX=yes
lt_cv_prog_compiler_rtti_exceptions=no
lt_cv_prog_compiler_static_works=yes
lt_cv_prog_compiler_static_works_CXX=yes
lt_cv_prog_gnu_ld=yes
lt_cv_prog_gnu_ldcxx=yes
lt_cv_sharedlib_from_linklib_cmd='printf %s\n'
lt_cv_shlibpath_overrides_runpath=yes
lt_cv_sys_global_symbol_pipe='sed -n -e '\''s/^.*[	 ]\([ABCDGIRSTW][ABCDGIRSTW]*\)[	 ][	 ]*\([_A-Za-z][_A-Za-z0-9]*\)$/\1 \2 \2/p'\'' | sed '\''/ __gnu_lto/d'\'''
lt_cv_sys_global_symbol_to_c_name_address='sed -n -e '\''s/^: \([^ ]*\)[ ]*$/  {\"\1\", (void *) 0},/p'\'' -e '\''s/^[ABCDGIRSTW]* \([^ ]*\) \([^ ]*\)$/  {"\2", (void *) \&\2},/p'\'''
lt_cv_sys_global_symbol_to_c_name_address_lib_prefix='sed -n -e '\''s/^: \([^ ]*\)[ ]*$/  {\"\1\", (void *) 0},/p'\'' -e '\''s/^[ABCDGIRSTW]* \([^ ]*\) \(lib[^ ]*\)$/  {"\2", (void *) \&\2},/p'\'' -e '\''s/^[ABCDGIRSTW]* \([^ ]*\) \([^ ]*\)$/  {"lib\2", (void *) \&\2},/p'\'''
lt_cv_sys_global_symbol_to_cdecl='sed -n -e '\''s/^T .* \(.*\)$/extern int \1();/p'\'' -e '\''s/^[ABCDGIRSTW]* .* \(.*\)$/extern char \1;/p'\'''
lt_cv_sys_max_cmd_len=1572864
lt_cv_to_host_file_cmd=func_convert_file_noop
lt_cv_to_tool_file_cmd=func_convert_file_noop

## ----------------- ##
## Output variables. ##
## ----------------- ##

ACLOCAL='${SHELL} /home/jordan/dev/privateer/dependencies/ccp4srs/trunk/build-aux/missing aclocal-1.13'
AMDEPBACKSLASH='\'
AMDEP_FALSE='#'
AMDEP_TRUE=''
AMTAR='$${TAR-tar}'
AM_BACKSLASH='\'
AM_DEFAULT_V='$(AM_DEFAULT_VERBOSITY)'
AM_DEFAULT_VERBOSITY='0'
AM_V='$(V)'
AR='ar'
AS='as'
AUTOCONF='${SHELL} /home/jordan/dev/privateer/dependencies/ccp4srs/trunk/build-aux/missing autoconf'
AUTOHEADER='${SHELL} /home/jordan/dev/privateer/dependencies/ccp4srs/trunk/build-aux/missing autoheader'
AUTOMAKE='${SHELL} /home/jordan/dev/privateer/dependencies/ccp4srs/trunk/build-aux/missing automake-1.13'
AWK='mawk'
CC='/usr/bin/gcc'
CCDEPMODE='depmode=gcc3'
CFLAGS='-g -O2'
CPP='/usr/bin/gcc -E'
CPPFLAGS='-I/home/jordan/dev/privateer/dependencies/include'
CXX='/usr/bin/g++'
CXXCPP='/usr/bin/g++ -E'
CXXDEPMODE='depmode=gcc3'
CXXFLAGS='-g -O2 -w -std=c++11'
CYGPATH_W='echo'
DEFS='-DHAVE_CONFIG_H'
DEPDIR='.deps'
DLLTOOL='false'
DSYMUTIL=''
DUMPBIN=''
ECHO_C=''
ECHO_N='-n'
ECHO_T=''
EGREP='/usr/bin/grep -E'
EXEEXT=''
FGREP='/usr/bin/grep -F'
GREP='/usr/bin/grep'
INSTALL_DATA='${INSTALL} -m 644'
INSTALL_PROGRAM='${INSTALL}'
INSTALL_SCRIPT='${INSTALL}'
INSTALL_STRIP_PROGRAM='$(install_sh) -c -s'
LD='/usr/bin/ld -m elf_x86_64'
LDFLAGS='-L/home/jordan/dev/privateer/dependencies/lib -L/home/jordan/dev/privateer/dependencies/lib64'
LIBOBJS=''
LIBS='-lz -lm '
LIBTOOL='$(SHELL) $(top_builddir)/libtool'
LIPO=''
LN_S='ln -s'
LTLIBOBJS=''
MAINT='#'
MAINTAINER_MODE_FALSE=''
MAINTAINER_MODE_TRUE='#'
MAKEINFO='${SHELL} /home/jordan/dev/privateer/dependencies/ccp4srs/trunk/build-aux/missing makeinfo'
MANIFEST_TOOL=':'
MKDIR_P='/usr/bin/mkdir -p'
NM='/usr/bin/nm -B'
NMEDIT=''
OBJDUMP='objdump'
OBJEXT='o'
OTOOL64=''
OTOOL=''
PACKAGE='ccp4srs'
PACKAGE_BUGREPORT=''
PACKAGE_NAME='ccp4srs'
PACKAGE_STRING='ccp4srs 1.0.0'
PACKAGE_TARNAME='ccp4srs'
PACKAGE_URL=''
PACKAGE_VERSION='1.0.0'
PATH_SEPARATOR=':'
RANLIB='ranlib'
SED='/usr/bin/sed'
SET_MAKE=''
SHELL='/bin/bash'
STRIP='strip'
VERSION='1.0.0'
ac_ct_AR='ar'
ac_ct_CC='/usr/bin/gcc'
ac_ct_CXX=''
ac_ct_DUMPBIN=''
am__EXEEXT_FALSE=''
am__EXEEXT_TRUE='#'
am__fastdepCC_FALSE='#'
am__fastdepCC_TRUE=''
am__fastdepCXX_FALSE='#'
am__fastdepCXX_TRUE=''
am__include='include'
am__isrc=''
am__leading_dot='.'
am__nodep='_no'
am__quote=''
am__tar='$${TAR-tar} chof - "$$tardir"'
am__untar='$${TAR-tar} xf -'
bindir='${exec_prefix}/bin'
build='x86_64-unknown-linux-gnu'
build_alias=''
build_cpu='x86_64'
build_os='linux-gnu'
build_vendor='unknown'
datadir='${datarootdir}'
datarootdir='${prefix}/share'
docdir='${datarootdir}/doc/${PACKAGE_TARNAME}'
dvidir='${docdir}'
exec_prefix='${prefix}'
host='x86_64-unknown-linux-gnu'
host_alias=''
host_cpu='x86_64'
host_os='linux-gnu'
host_vendor='unknown'
htmldir='${docdir}'
includedir='${prefix}/include'
infodir='${datarootdir}/info'
install_sh='${SHELL} /home/jordan/dev/privateer/dependencies/ccp4srs/trunk/build-aux/install-sh'
libdir='${exec_prefix}/lib'
libexecdir='${exec_prefix}/libexec'
localedir='${datarootdir}/locale'
localstatedir='${prefix}/var'
mandir='${datarootdir}/man'
mkdir_p='$(MKDIR_P)'
oldincludedir='/usr/include'
pdfdir='${docdir}'
prefix='/home/jordan/dev/privateer/dependencies'
program_transform_name='s,x,x,'
psdir='${docdir}'
sbindir='${exec_prefix}/sbin'
sharedstatedir='${prefix}/com'
sysconfdir='${prefix}/etc'
target_alias=''

## ----------- ##
## confdefs.h. ##
## ----------- ##

/* confdefs.h */
#define PACKAGE_NAME "ccp4srs"
#define PACKAGE_TARNAME "ccp4srs"
#define PACKAGE_VERSION "1.0.0"
#define PACKAGE_STRING "ccp4srs 1.0.0"
#define PACKAGE_BUGREPORT ""
#define PACKAGE_URL ""
#define PACKAGE "ccp4srs"
#define VERSION "1.0.0"
#define STDC_HEADERS 1
#define HAVE_SYS_TYPES_H 1
#define HAVE_SYS_STAT_H 1
#define HAVE_STDLIB_H 1
#define HAVE_STRING_H 1
#define HAVE_MEMORY_H 1
#define HAVE_STRINGS_H 1
#define HAVE_INTTYPES_H 1
#define HAVE_STDINT_H 1
#define HAVE_UNISTD_H 1
#define HAVE_DLFCN_H 1
#define LT_OBJDIR ".libs/"
#define HAVE_LIBZ 1

configure: exit 0
