This file contains any messages produced by compilers while
running configure, to aid debugging if configure makes a mistake.

It was created by clipper configure 2.1, which was
generated by GNU Autoconf 2.69.  Invocation command line was

  $ ./configure CXXFLAGS=-g -O2 -w -std=c++11 CCFLAGS=-g -O2 -w --enable-mmdb=/home/jordan/dev/privateer/dependencies --enable-mmdb --enable-minimol --enable-cif --enable-ccp4=/home/jordan/dev/privateer/dependencies --enable-ccp4 --prefix=/home/jordan/dev/privateer/dependencies --disable-Werror --enable-shared --enable-cns --with-fftw2-prefix=/home/jordan/dev/privateer/dependencies

## --------- ##
## Platform. ##
## --------- ##

hostname = spectre
uname -m = x86_64
uname -r = 6.2.0-31-generic
uname -s = Linux
uname -v = #31~22.04.1-Ubuntu SMP PREEMPT_DYNAMIC Wed Aug 16 13:45:26 UTC 2

/usr/bin/uname -p = x86_64
/bin/uname -X     = unknown

/bin/arch              = x86_64
/usr/bin/arch -k       = unknown
/usr/convex/getsysinfo = unknown
/usr/bin/hostinfo      = unknown
/bin/machine           = unknown
/usr/bin/oslevel       = unknown
/bin/universe          = unknown

PATH: /home/jordan/dev/privateer/pyenv/bin
PATH: /home/jordan/.nvm/versions/node/v18.17.0/bin
PATH: /home/jordan/miniconda3/condabin
PATH: /home/jordan/.local/bin
PATH: /home/jordan/.local/bin
PATH: /usr/local/sbin
PATH: /usr/local/bin
PATH: /usr/sbin
PATH: /usr/bin
PATH: /sbin
PATH: /bin
PATH: /usr/games
PATH: /usr/local/games
PATH: /snap/bin
PATH: /snap/bin
PATH: /home/jordan/.local/share/JetBrains/Toolbox/scripts
PATH: /home/jordan/.local/share/JetBrains/Toolbox/scripts


## ----------- ##
## Core tests. ##
## ----------- ##

configure:2621: checking for a BSD-compatible install
configure:2689: result: /usr/bin/install -c
configure:2700: checking whether build environment is sane
configure:2755: result: yes
configure:2906: checking for a thread-safe mkdir -p
configure:2945: result: /usr/bin/mkdir -p
configure:2952: checking for gawk
configure:2982: result: no
configure:2952: checking for mawk
configure:2968: found /usr/bin/mawk
configure:2979: result: mawk
configure:2990: checking whether make sets $(MAKE)
configure:3012: result: yes
configure:3041: checking whether make supports nested variables
configure:3058: result: yes
configure:3191: checking for gcc
configure:3218: result: /usr/bin/gcc
configure:3447: checking for C compiler version
configure:3456: /usr/bin/gcc --version >&5
gcc (Ubuntu 11.4.0-1ubuntu1~22.04) 11.4.0
Copyright (C) 2021 Free Software Foundation, Inc.
This is free software; see the source for copying conditions.  There is NO
warranty; not even for MERCHANTABILITY or FITNESS FOR A PARTICULAR PURPOSE.

configure:3467: $? = 0
configure:3456: /usr/bin/gcc -v >&5
Using built-in specs.
COLLECT_GCC=/usr/bin/gcc
COLLECT_LTO_WRAPPER=/usr/lib/gcc/x86_64-linux-gnu/11/lto-wrapper
OFFLOAD_TARGET_NAMES=nvptx-none:amdgcn-amdhsa
OFFLOAD_TARGET_DEFAULT=1
Target: x86_64-linux-gnu
Configured with: ../src/configure -v --with-pkgversion='Ubuntu 11.4.0-1ubuntu1~22.04' --with-bugurl=file:///usr/share/doc/gcc-11/README.Bugs --enable-languages=c,ada,c++,go,brig,d,fortran,objc,obj-c++,m2 --prefix=/usr --with-gcc-major-version-only --program-suffix=-11 --program-prefix=x86_64-linux-gnu- --enable-shared --enable-linker-build-id --libexecdir=/usr/lib --without-included-gettext --enable-threads=posix --libdir=/usr/lib --enable-nls --enable-bootstrap --enable-clocale=gnu --enable-libstdcxx-debug --enable-libstdcxx-time=yes --with-default-libstdcxx-abi=new --enable-gnu-unique-object --disable-vtable-verify --enable-plugin --enable-default-pie --with-system-zlib --enable-libphobos-checking=release --with-target-system-zlib=auto --enable-objc-gc=auto --enable-multiarch --disable-werror --enable-cet --with-arch-32=i686 --with-abi=m64 --with-multilib-list=m32,m64,mx32 --enable-multilib --with-tune=generic --enable-offload-targets=nvptx-none=/build/gcc-11-XeT9lY/gcc-11-11.4.0/debian/tmp-nvptx/usr,amdgcn-amdhsa=/build/gcc-11-XeT9lY/gcc-11-11.4.0/debian/tmp-gcn/usr --without-cuda-driver --enable-checking=release --build=x86_64-linux-gnu --host=x86_64-linux-gnu --target=x86_64-linux-gnu --with-build-config=bootstrap-lto-lean --enable-link-serialization=2
Thread model: posix
Supported LTO compression algorithms: zlib zstd
gcc version 11.4.0 (Ubuntu 11.4.0-1ubuntu1~22.04) 
... rest of stderr output deleted ...
configure:3467: $? = 0
configure:3456: /usr/bin/gcc -V >&5
gcc: error: unrecognized command-line option '-V'
gcc: fatal error: no input files
compilation terminated.
configure:3467: $? = 1
configure:3456: /usr/bin/gcc -qversion >&5
gcc: error: unrecognized command-line option '-qversion'; did you mean '--version'?
gcc: fatal error: no input files
compilation terminated.
configure:3467: $? = 1
configure:3487: checking whether the C compiler works
configure:3509: /usr/bin/gcc  -I/home/jordan/dev/privateer/dependencies/include -L/home/jordan/dev/privateer/dependencies/lib -L/home/jordan/dev/privateer/dependencies/lib64 conftest.c  >&5
configure:3513: $? = 0
configure:3561: result: yes
configure:3564: checking for C compiler default output file name
configure:3566: result: a.out
configure:3572: checking for suffix of executables
configure:3579: /usr/bin/gcc -o conftest  -I/home/jordan/dev/privateer/dependencies/include -L/home/jordan/dev/privateer/dependencies/lib -L/home/jordan/dev/privateer/dependencies/lib64 conftest.c  >&5
configure:3583: $? = 0
configure:3605: result: 
configure:3627: checking whether we are cross compiling
configure:3635: /usr/bin/gcc -o conftest  -I/home/jordan/dev/privateer/dependencies/include -L/home/jordan/dev/privateer/dependencies/lib -L/home/jordan/dev/privateer/dependencies/lib64 conftest.c  >&5
configure:3639: $? = 0
configure:3646: ./conftest
configure:3650: $? = 0
configure:3665: result: no
configure:3670: checking for suffix of object files
configure:3692: /usr/bin/gcc -c  -I/home/jordan/dev/privateer/dependencies/include conftest.c >&5
configure:3696: $? = 0
configure:3717: result: o
configure:3721: checking whether we are using the GNU C compiler
configure:3740: /usr/bin/gcc -c  -I/home/jordan/dev/privateer/dependencies/include conftest.c >&5
configure:3740: $? = 0
configure:3749: result: yes
configure:3758: checking whether /usr/bin/gcc accepts -g
configure:3778: /usr/bin/gcc -c -g -I/home/jordan/dev/privateer/dependencies/include conftest.c >&5
configure:3778: $? = 0
configure:3819: result: yes
configure:3836: checking for /usr/bin/gcc option to accept ISO C89
configure:3899: /usr/bin/gcc  -c -g -O2 -I/home/jordan/dev/privateer/dependencies/include conftest.c >&5
configure:3899: $? = 0
configure:3912: result: none needed
configure:3943: checking for style of include used by make
configure:3971: result: GNU
configure:3997: checking dependency style of /usr/bin/gcc
configure:4108: result: gcc3
configure:4235: checking for C++ compiler version
configure:4244: /usr/bin/g++ --version >&5
g++ (Ubuntu 11.4.0-1ubuntu1~22.04) 11.4.0
Copyright (C) 2021 Free Software Foundation, Inc.
This is free software; see the source for copying conditions.  There is NO
warranty; not even for MERCHANTABILITY or FITNESS FOR A PARTICULAR PURPOSE.

configure:4255: $? = 0
configure:4244: /usr/bin/g++ -v >&5
Using built-in specs.
COLLECT_GCC=/usr/bin/g++
COLLECT_LTO_WRAPPER=/usr/lib/gcc/x86_64-linux-gnu/11/lto-wrapper
OFFLOAD_TARGET_NAMES=nvptx-none:amdgcn-amdhsa
OFFLOAD_TARGET_DEFAULT=1
Target: x86_64-linux-gnu
Configured with: ../src/configure -v --with-pkgversion='Ubuntu 11.4.0-1ubuntu1~22.04' --with-bugurl=file:///usr/share/doc/gcc-11/README.Bugs --enable-languages=c,ada,c++,go,brig,d,fortran,objc,obj-c++,m2 --prefix=/usr --with-gcc-major-version-only --program-suffix=-11 --program-prefix=x86_64-linux-gnu- --enable-shared --enable-linker-build-id --libexecdir=/usr/lib --without-included-gettext --enable-threads=posix --libdir=/usr/lib --enable-nls --enable-bootstrap --enable-clocale=gnu --enable-libstdcxx-debug --enable-libstdcxx-time=yes --with-default-libstdcxx-abi=new --enable-gnu-unique-object --disable-vtable-verify --enable-plugin --enable-default-pie --with-system-zlib --enable-libphobos-checking=release --with-target-system-zlib=auto --enable-objc-gc=auto --enable-multiarch --disable-werror --enable-cet --with-arch-32=i686 --with-abi=m64 --with-multilib-list=m32,m64,mx32 --enable-multilib --with-tune=generic --enable-offload-targets=nvptx-none=/build/gcc-11-XeT9lY/gcc-11-11.4.0/debian/tmp-nvptx/usr,amdgcn-amdhsa=/build/gcc-11-XeT9lY/gcc-11-11.4.0/debian/tmp-gcn/usr --without-cuda-driver --enable-checking=release --build=x86_64-linux-gnu --host=x86_64-linux-gnu --target=x86_64-linux-gnu --with-build-config=bootstrap-lto-lean --enable-link-serialization=2
Thread model: posix
Supported LTO compression algorithms: zlib zstd
gcc version 11.4.0 (Ubuntu 11.4.0-1ubuntu1~22.04) 
... rest of stderr output deleted ...
configure:4255: $? = 0
configure:4244: /usr/bin/g++ -V >&5
g++: error: unrecognized command-line option '-V'
g++: fatal error: no input files
compilation terminated.
configure:4255: $? = 1
configure:4244: /usr/bin/g++ -qversion >&5
g++: error: unrecognized command-line option '-qversion'; did you mean '--version'?
g++: fatal error: no input files
compilation terminated.
configure:4255: $? = 1
configure:4259: checking whether we are using the GNU C++ compiler
configure:4278: /usr/bin/g++ -c -g -O2 -w -std=c++11 -I/home/jordan/dev/privateer/dependencies/include conftest.cpp >&5
configure:4278: $? = 0
configure:4287: result: yes
configure:4296: checking whether /usr/bin/g++ accepts -g
configure:4316: /usr/bin/g++ -c -g -I/home/jordan/dev/privateer/dependencies/include conftest.cpp >&5
configure:4316: $? = 0
configure:4357: result: yes
configure:4382: checking dependency style of /usr/bin/g++
configure:4493: result: gcc3
configure:4558: checking for ar
configure:4574: found /usr/bin/ar
configure:4585: result: ar
configure:4611: checking the archiver (ar) interface
configure:4621: /usr/bin/gcc -c -g -O2 -I/home/jordan/dev/privateer/dependencies/include conftest.c >&5
configure:4621: $? = 0
configure:4623: ar cru libconftest.a conftest.o >&5
ar: `u' modifier ignored since `D' is the default (see `U')
configure:4626: $? = 0
configure:4649: result: ar
configure:4700: checking build system type
configure:4714: result: x86_64-unknown-linux-gnu
configure:4734: checking host system type
configure:4747: result: x86_64-unknown-linux-gnu
configure:4788: checking how to print strings
configure:4815: result: printf
configure:4836: checking for a sed that does not truncate output
configure:4900: result: /usr/bin/sed
configure:4918: checking for grep that handles long lines and -e
configure:4976: result: /usr/bin/grep
configure:4981: checking for egrep
configure:5043: result: /usr/bin/grep -E
configure:5048: checking for fgrep
configure:5110: result: /usr/bin/grep -F
configure:5145: checking for ld used by /usr/bin/gcc
configure:5212: result: /usr/bin/ld
configure:5219: checking if the linker (/usr/bin/ld) is GNU ld
configure:5234: result: yes
configure:5246: checking for BSD- or MS-compatible name lister (nm)
configure:5295: result: /usr/bin/nm -B
configure:5425: checking the name lister (/usr/bin/nm -B) interface
configure:5432: /usr/bin/gcc -c -g -O2 -I/home/jordan/dev/privateer/dependencies/include conftest.c >&5
configure:5435: /usr/bin/nm -B "conftest.o"
configure:5438: output
0000000000000000 B some_variable
configure:5445: result: BSD nm
configure:5448: checking whether ln -s works
configure:5452: result: yes
configure:5460: checking the maximum length of command line arguments
configure:5590: result: 1572864
configure:5607: checking whether the shell understands some XSI constructs
configure:5617: result: yes
configure:5621: checking whether the shell understands "+="
configure:5627: result: yes
configure:5662: checking how to convert x86_64-unknown-linux-gnu file names to x86_64-unknown-linux-gnu format
configure:5702: result: func_convert_file_noop
configure:5709: checking how to convert x86_64-unknown-linux-gnu file names to toolchain format
configure:5729: result: func_convert_file_noop
configure:5736: checking for /usr/bin/ld option to reload object files
configure:5743: result: -r
configure:5817: checking for objdump
configure:5833: found /usr/bin/objdump
configure:5844: result: objdump
configure:5876: checking how to recognize dependent libraries
configure:6078: result: pass_all
configure:6163: checking for dlltool
configure:6193: result: no
configure:6223: checking how to associate runtime and link libraries
configure:6250: result: printf %s\n
configure:6374: checking for archiver @FILE support
configure:6391: /usr/bin/gcc -c -g -O2 -I/home/jordan/dev/privateer/dependencies/include conftest.c >&5
configure:6391: $? = 0
configure:6394: ar cru libconftest.a @conftest.lst >&5
ar: `u' modifier ignored since `D' is the default (see `U')
configure:6397: $? = 0
configure:6402: ar cru libconftest.a @conftest.lst >&5
ar: `u' modifier ignored since `D' is the default (see `U')
ar: conftest.o: No such file or directory
configure:6405: $? = 1
configure:6417: result: @
configure:6475: checking for strip
configure:6491: found /usr/bin/strip
configure:6502: result: strip
configure:6574: checking for ranlib
configure:6590: found /usr/bin/ranlib
configure:6601: result: ranlib
configure:6703: checking command to parse /usr/bin/nm -B output from /usr/bin/gcc object
configure:6823: /usr/bin/gcc -c -g -O2 -I/home/jordan/dev/privateer/dependencies/include conftest.c >&5
configure:6826: $? = 0
configure:6830: /usr/bin/nm -B conftest.o \| sed -n -e 's/^.*[ ]\([ABCDGIRSTW][ABCDGIRSTW]*\)[ ][ ]*\([_A-Za-z][_A-Za-z0-9]*\)$/\1 \2 \2/p' | sed '/ __gnu_lto/d' \> conftest.nm
configure:6833: $? = 0
configure:6899: /usr/bin/gcc -o conftest -g -O2 -I/home/jordan/dev/privateer/dependencies/include -L/home/jordan/dev/privateer/dependencies/lib -L/home/jordan/dev/privateer/dependencies/lib64 conftest.c conftstm.o >&5
configure:6902: $? = 0
configure:6940: result: ok
configure:6977: checking for sysroot
configure:7007: result: no
configure:7084: /usr/bin/gcc -c -g -O2 -I/home/jordan/dev/privateer/dependencies/include conftest.c >&5
configure:7087: $? = 0
configure:7263: checking for mt
configure:7279: found /usr/bin/mt
configure:7290: result: mt
configure:7313: checking if mt is a manifest tool
configure:7319: mt '-?'
configure:7327: result: no
configure:7969: checking how to run the C preprocessor
configure:8000: /usr/bin/gcc -E -I/home/jordan/dev/privateer/dependencies/include conftest.c
configure:8000: $? = 0
configure:8014: /usr/bin/gcc -E -I/home/jordan/dev/privateer/dependencies/include conftest.c
conftest.c:11:10: fatal error: ac_nonexistent.h: No such file or directory
   11 | #include <ac_nonexistent.h>
      |          ^~~~~~~~~~~~~~~~~~
compilation terminated.
configure:8014: $? = 1
configure: failed program was:
| /* confdefs.h */
| #define PACKAGE_NAME "clipper"
| #define PACKAGE_TARNAME "clipper"
| #define PACKAGE_VERSION "2.1"
| #define PACKAGE_STRING "clipper 2.1"
| #define PACKAGE_BUGREPORT ""
| #define PACKAGE_URL ""
| #define PACKAGE "clipper"
| #define VERSION "2.1"
| /* end confdefs.h.  */
| #include <ac_nonexistent.h>
configure:8039: result: /usr/bin/gcc -E
configure:8059: /usr/bin/gcc -E -I/home/jordan/dev/privateer/dependencies/include conftest.c
configure:8059: $? = 0
configure:8073: /usr/bin/gcc -E -I/home/jordan/dev/privateer/dependencies/include conftest.c
conftest.c:11:10: fatal error: ac_nonexistent.h: No such file or directory
   11 | #include <ac_nonexistent.h>
      |          ^~~~~~~~~~~~~~~~~~
compilation terminated.
configure:8073: $? = 1
configure: failed program was:
| /* confdefs.h */
| #define PACKAGE_NAME "clipper"
| #define PACKAGE_TARNAME "clipper"
| #define PACKAGE_VERSION "2.1"
| #define PACKAGE_STRING "clipper 2.1"
| #define PACKAGE_BUGREPORT ""
| #define PACKAGE_URL ""
| #define PACKAGE "clipper"
| #define VERSION "2.1"
| /* end confdefs.h.  */
| #include <ac_nonexistent.h>
configure:8102: checking for ANSI C header files
configure:8122: /usr/bin/gcc -c -g -O2 -I/home/jordan/dev/privateer/dependencies/include conftest.c >&5
configure:8122: $? = 0
configure:8195: /usr/bin/gcc -o conftest -g -O2 -I/home/jordan/dev/privateer/dependencies/include -L/home/jordan/dev/privateer/dependencies/lib -L/home/jordan/dev/privateer/dependencies/lib64 conftest.c  >&5
configure:8195: $? = 0
configure:8195: ./conftest
configure:8195: $? = 0
configure:8206: result: yes
configure:8219: checking for sys/types.h
configure:8219: /usr/bin/gcc -c -g -O2 -I/home/jordan/dev/privateer/dependencies/include conftest.c >&5
configure:8219: $? = 0
configure:8219: result: yes
configure:8219: checking for sys/stat.h
configure:8219: /usr/bin/gcc -c -g -O2 -I/home/jordan/dev/privateer/dependencies/include conftest.c >&5
configure:8219: $? = 0
configure:8219: result: yes
configure:8219: checking for stdlib.h
configure:8219: /usr/bin/gcc -c -g -O2 -I/home/jordan/dev/privateer/dependencies/include conftest.c >&5
configure:8219: $? = 0
configure:8219: result: yes
configure:8219: checking for string.h
configure:8219: /usr/bin/gcc -c -g -O2 -I/home/jordan/dev/privateer/dependencies/include conftest.c >&5
configure:8219: $? = 0
configure:8219: result: yes
configure:8219: checking for memory.h
configure:8219: /usr/bin/gcc -c -g -O2 -I/home/jordan/dev/privateer/dependencies/include conftest.c >&5
configure:8219: $? = 0
configure:8219: result: yes
configure:8219: checking for strings.h
configure:8219: /usr/bin/gcc -c -g -O2 -I/home/jordan/dev/privateer/dependencies/include conftest.c >&5
configure:8219: $? = 0
configure:8219: result: yes
configure:8219: checking for inttypes.h
configure:8219: /usr/bin/gcc -c -g -O2 -I/home/jordan/dev/privateer/dependencies/include conftest.c >&5
configure:8219: $? = 0
configure:8219: result: yes
configure:8219: checking for stdint.h
configure:8219: /usr/bin/gcc -c -g -O2 -I/home/jordan/dev/privateer/dependencies/include conftest.c >&5
configure:8219: $? = 0
configure:8219: result: yes
configure:8219: checking for unistd.h
configure:8219: /usr/bin/gcc -c -g -O2 -I/home/jordan/dev/privateer/dependencies/include conftest.c >&5
configure:8219: $? = 0
configure:8219: result: yes
configure:8233: checking for dlfcn.h
configure:8233: /usr/bin/gcc -c -g -O2 -I/home/jordan/dev/privateer/dependencies/include conftest.c >&5
configure:8233: $? = 0
configure:8233: result: yes
configure:8449: checking for objdir
configure:8464: result: .libs
configure:8735: checking if /usr/bin/gcc supports -fno-rtti -fno-exceptions
configure:8753: /usr/bin/gcc -c -g -O2 -I/home/jordan/dev/privateer/dependencies/include -fno-rtti -fno-exceptions conftest.c >&5
cc1: warning: command-line option '-fno-rtti' is valid for C++/D/ObjC++ but not for C
configure:8757: $? = 0
configure:8770: result: no
configure:9097: checking for /usr/bin/gcc option to produce PIC
configure:9104: result: -fPIC -DPIC
configure:9112: checking if /usr/bin/gcc PIC flag -fPIC -DPIC works
configure:9130: /usr/bin/gcc -c -g -O2 -I/home/jordan/dev/privateer/dependencies/include -fPIC -DPIC -DPIC conftest.c >&5
configure:9134: $? = 0
configure:9147: result: yes
configure:9176: checking if /usr/bin/gcc static flag -static works
configure:9204: result: yes
configure:9219: checking if /usr/bin/gcc supports -c -o file.o
configure:9240: /usr/bin/gcc -c -g -O2 -I/home/jordan/dev/privateer/dependencies/include -o out/conftest2.o conftest.c >&5
configure:9244: $? = 0
configure:9266: result: yes
configure:9274: checking if /usr/bin/gcc supports -c -o file.o
configure:9321: result: yes
configure:9354: checking whether the /usr/bin/gcc linker (/usr/bin/ld -m elf_x86_64) supports shared libraries
configure:10507: result: yes
configure:10544: checking whether -lc should be explicitly linked in
configure:10552: /usr/bin/gcc -c -g -O2 -I/home/jordan/dev/privateer/dependencies/include conftest.c >&5
configure:10555: $? = 0
configure:10570: /usr/bin/gcc -shared  -fPIC -DPIC conftest.o  -v -Wl,-soname -Wl,conftest -o conftest 2\>\&1 \| /usr/bin/grep  -lc  \>/dev/null 2\>\&1
configure:10573: $? = 0
configure:10587: result: no
configure:10747: checking dynamic linker characteristics
configure:11258: /usr/bin/gcc -o conftest -g -O2 -I/home/jordan/dev/privateer/dependencies/include -L/home/jordan/dev/privateer/dependencies/lib -L/home/jordan/dev/privateer/dependencies/lib64 -Wl,-rpath -Wl,/foo conftest.c  >&5
configure:11258: $? = 0
configure:11484: result: GNU/Linux ld.so
configure:11591: checking how to hardcode library paths into programs
configure:11616: result: immediate
configure:12156: checking whether stripping libraries is possible
configure:12161: result: yes
configure:12196: checking if libtool supports shared libraries
configure:12198: result: yes
configure:12201: checking whether to build shared libraries
configure:12222: result: yes
configure:12225: checking whether to build static libraries
configure:12229: result: yes
configure:12252: checking how to run the C++ preprocessor
configure:12279: /usr/bin/g++ -E -I/home/jordan/dev/privateer/dependencies/include conftest.cpp
configure:12279: $? = 0
configure:12293: /usr/bin/g++ -E -I/home/jordan/dev/privateer/dependencies/include conftest.cpp
conftest.cpp:23:10: fatal error: ac_nonexistent.h: No such file or directory
   23 | #include <ac_nonexistent.h>
      |          ^~~~~~~~~~~~~~~~~~
compilation terminated.
configure:12293: $? = 1
configure: failed program was:
| /* confdefs.h */
| #define PACKAGE_NAME "clipper"
| #define PACKAGE_TARNAME "clipper"
| #define PACKAGE_VERSION "2.1"
| #define PACKAGE_STRING "clipper 2.1"
| #define PACKAGE_BUGREPORT ""
| #define PACKAGE_URL ""
| #define PACKAGE "clipper"
| #define VERSION "2.1"
| #define STDC_HEADERS 1
| #define HAVE_SYS_TYPES_H 1
| #define HAVE_SYS_STAT_H 1
| #define HAVE_STDLIB_H 1
| #define HAVE_STRING_H 1
| #define HAVE_MEMORY_H 1
| #define HAVE_STRINGS_H 1
| #define HAVE_INTTYPES_H 1
| #define HAVE_STDINT_H 1
| #define HAVE_UNISTD_H 1
| #define HAVE_DLFCN_H 1
| #define LT_OBJDIR ".libs/"
| /* end confdefs.h.  */
| #include <ac_nonexistent.h>
configure:12318: result: /usr/bin/g++ -E
configure:12338: /usr/bin/g++ -E -I/home/jordan/dev/privateer/dependencies/include conftest.cpp
configure:12338: $? = 0
configure:12352: /usr/bin/g++ -E -I/home/jordan/dev/privateer/dependencies/include conftest.cpp
conftest.cpp:23:10: fatal error: ac_nonexistent.h: No such file or directory
   23 | #include <ac_nonexistent.h>
      |          ^~~~~~~~~~~~~~~~~~
compilation terminated.
configure:12352: $? = 1
configure: failed program was:
| /* confdefs.h */
| #define PACKAGE_NAME "clipper"
| #define PACKAGE_TARNAME "clipper"
| #define PACKAGE_VERSION "2.1"
| #define PACKAGE_STRING "clipper 2.1"
| #define PACKAGE_BUGREPORT ""
| #define PACKAGE_URL ""
| #define PACKAGE "clipper"
| #define VERSION "2.1"
| #define STDC_HEADERS 1
| #define HAVE_SYS_TYPES_H 1
| #define HAVE_SYS_STAT_H 1
| #define HAVE_STDLIB_H 1
| #define HAVE_STRING_H 1
| #define HAVE_MEMORY_H 1
| #define HAVE_STRINGS_H 1
| #define HAVE_INTTYPES_H 1
| #define HAVE_STDINT_H 1
| #define HAVE_UNISTD_H 1
| #define HAVE_DLFCN_H 1
| #define LT_OBJDIR ".libs/"
| /* end confdefs.h.  */
| #include <ac_nonexistent.h>
configure:12521: checking for ld used by /usr/bin/g++
configure:12588: result: /usr/bin/ld -m elf_x86_64
configure:12595: checking if the linker (/usr/bin/ld -m elf_x86_64) is GNU ld
configure:12610: result: yes
configure:12665: checking whether the /usr/bin/g++ linker (/usr/bin/ld -m elf_x86_64) supports shared libraries
configure:13670: result: yes
configure:13706: /usr/bin/g++ -c -g -O2 -w -std=c++11 -I/home/jordan/dev/privateer/dependencies/include conftest.cpp >&5
configure:13709: $? = 0
configure:14229: checking for /usr/bin/g++ option to produce PIC
configure:14236: result: -fPIC -DPIC
configure:14244: checking if /usr/bin/g++ PIC flag -fPIC -DPIC works
configure:14262: /usr/bin/g++ -c -g -O2 -w -std=c++11 -I/home/jordan/dev/privateer/dependencies/include -fPIC -DPIC -DPIC conftest.cpp >&5
configure:14266: $? = 0
configure:14279: result: yes
configure:14302: checking if /usr/bin/g++ static flag -static works
configure:14330: result: yes
configure:14342: checking if /usr/bin/g++ supports -c -o file.o
configure:14363: /usr/bin/g++ -c -g -O2 -w -std=c++11 -I/home/jordan/dev/privateer/dependencies/include -o out/conftest2.o conftest.cpp >&5
configure:14367: $? = 0
configure:14389: result: yes
configure:14394: checking if /usr/bin/g++ supports -c -o file.o
configure:14441: result: yes
configure:14471: checking whether the /usr/bin/g++ linker (/usr/bin/ld -m elf_x86_64) supports shared libraries
configure:14507: result: yes
configure:14648: checking dynamic linker characteristics
configure:15319: result: GNU/Linux ld.so
configure:15372: checking how to hardcode library paths into programs
configure:15397: result: immediate
configure:15460: checking whether to enable maintainer-specific portions of Makefiles
configure:15469: result: no
configure:19243: checking for library containing cos
configure:19282: /usr/bin/gcc -o conftest -g -O2 -I/home/jordan/dev/privateer/dependencies/include -L/home/jordan/dev/privateer/dependencies/lib -L/home/jordan/dev/privateer/dependencies/lib64 conftest.c  >&5
conftest.c:30:6: warning: conflicting types for built-in function 'cos'; expected 'double(double)' [-Wbuiltin-declaration-mismatch]
   30 | char cos ();
      |      ^~~
conftest.c:1:1: note: 'cos' is declared in header '<math.h>'
    1 | /* confdefs.h */
/usr/bin/ld: /tmp/ccnBWCqc.o: in function `main':
/home/jordan/dev/privateer/dependencies/clipper/trunk/conftest.c:42: undefined reference to `cos'
collect2: error: ld returned 1 exit status
configure:19282: $? = 1
configure: failed program was:
| /* confdefs.h */
| #define PACKAGE_NAME "clipper"
| #define PACKAGE_TARNAME "clipper"
| #define PACKAGE_VERSION "2.1"
| #define PACKAGE_STRING "clipper 2.1"
| #define PACKAGE_BUGREPORT ""
| #define PACKAGE_URL ""
| #define PACKAGE "clipper"
| #define VERSION "2.1"
| #define STDC_HEADERS 1
| #define HAVE_SYS_TYPES_H 1
| #define HAVE_SYS_STAT_H 1
| #define HAVE_STDLIB_H 1
| #define HAVE_STRING_H 1
| #define HAVE_MEMORY_H 1
| #define HAVE_STRINGS_H 1
| #define HAVE_INTTYPES_H 1
| #define HAVE_STDINT_H 1
| #define HAVE_UNISTD_H 1
| #define HAVE_DLFCN_H 1
| #define LT_OBJDIR ".libs/"
| /* end confdefs.h.  */
| 
| /* Override any GCC internal prototype to avoid an error.
|    Use char because int might match the return type of a GCC
|    builtin and then its argument prototype would still apply.  */
| #ifdef __cplusplus
| extern "C"
| #endif
| char cos ();
| #ifdef F77_DUMMY_MAIN
| 
| #  ifdef __cplusplus
|      extern "C"
| #  endif
|    int F77_DUMMY_MAIN() { return 1; }
| 
| #endif
| int
| main ()
| {
| return cos ();
|   ;
|   return 0;
| }
configure:19282: /usr/bin/gcc -o conftest -g -O2 -I/home/jordan/dev/privateer/dependencies/include -L/home/jordan/dev/privateer/dependencies/lib -L/home/jordan/dev/privateer/dependencies/lib64 conftest.c -lm   >&5
conftest.c:30:6: warning: conflicting types for built-in function 'cos'; expected 'double(double)' [-Wbuiltin-declaration-mismatch]
   30 | char cos ();
      |      ^~~
conftest.c:1:1: note: 'cos' is declared in header '<math.h>'
    1 | /* confdefs.h */
configure:19282: $? = 0
configure:19299: result: -lm
configure:19319: checking for PE-standard FFTW2 (fftw.h)
configure:19352: /usr/bin/g++ -o conftest -g -O2 -w -std=c++11 -I/home/jordan/dev/privateer/dependencies/include -L/home/jordan/dev/privateer/dependencies/lib -L/home/jordan/dev/privateer/dependencies/lib64 conftest.cpp -L/home/jordan/dev/privateer/dependencies/lib -lrfftw -lfftw -lm  >&5
configure:19352: $? = 0
configure:19359: result: yes
configure:19603: checking for the pthreads library -lpthreads
configure:19649: /usr/bin/gcc -o conftest -g -O2  -I/home/jordan/dev/privateer/dependencies/include -L/home/jordan/dev/privateer/dependencies/lib -L/home/jordan/dev/privateer/dependencies/lib64 conftest.c -lpthreads -lm  >&5
/usr/bin/ld: cannot find -lpthreads: No such file or directory
collect2: error: ld returned 1 exit status
configure:19649: $? = 1
configure: failed program was:
| /* confdefs.h */
| #define PACKAGE_NAME "clipper"
| #define PACKAGE_TARNAME "clipper"
| #define PACKAGE_VERSION "2.1"
| #define PACKAGE_STRING "clipper 2.1"
| #define PACKAGE_BUGREPORT ""
| #define PACKAGE_URL ""
| #define PACKAGE "clipper"
| #define VERSION "2.1"
| #define STDC_HEADERS 1
| #define HAVE_SYS_TYPES_H 1
| #define HAVE_SYS_STAT_H 1
| #define HAVE_STDLIB_H 1
| #define HAVE_STRING_H 1
| #define HAVE_MEMORY_H 1
| #define HAVE_STRINGS_H 1
| #define HAVE_INTTYPES_H 1
| #define HAVE_STDINT_H 1
| #define HAVE_UNISTD_H 1
| #define HAVE_DLFCN_H 1
| #define LT_OBJDIR ".libs/"
| /* end confdefs.h.  */
| #include <pthread.h>
|                         static void routine(void *a) { a = 0; }
|                         static void *start_routine(void *a) { return a; }
| #ifdef F77_DUMMY_MAIN
| 
| #  ifdef __cplusplus
|      extern "C"
| #  endif
|    int F77_DUMMY_MAIN() { return 1; }
| 
| #endif
| int
| main ()
| {
| pthread_t th; pthread_attr_t attr;
|                         pthread_create(&th, 0, start_routine, 0);
|                         pthread_join(th, 0);
|                         pthread_attr_init(&attr);
|                         pthread_cleanup_push(routine, 0);
|                         pthread_cleanup_pop(0) /* ; */
|   ;
|   return 0;
| }
configure:19658: result: no
configure:19603: checking for the pthreads library -lpthread
configure:19649: /usr/bin/gcc -o conftest -g -O2  -I/home/jordan/dev/privateer/dependencies/include -L/home/jordan/dev/privateer/dependencies/lib -L/home/jordan/dev/privateer/dependencies/lib64 conftest.c -lpthread -lm  >&5
configure:19649: $? = 0
configure:19658: result: yes
configure:19677: checking for joinable pthread attribute
configure:19700: /usr/bin/gcc -o conftest -g -O2  -I/home/jordan/dev/privateer/dependencies/include -L/home/jordan/dev/privateer/dependencies/lib -L/home/jordan/dev/privateer/dependencies/lib64 conftest.c -lpthread -lm  >&5
configure:19700: $? = 0
configure:19706: result: PTHREAD_CREATE_JOINABLE
configure:19716: checking if more special flags are required for pthreads
configure:19730: result: no
configure:19736: checking for PTHREAD_PRIO_INHERIT
configure:19762: /usr/bin/gcc -o conftest -g -O2  -I/home/jordan/dev/privateer/dependencies/include -L/home/jordan/dev/privateer/dependencies/lib -L/home/jordan/dev/privateer/dependencies/lib64 conftest.c -lpthread -lm  >&5
configure:19762: $? = 0
configure:19771: result: yes
configure:19877: checking for MMDB_CCIF_Init in -lmmdb2
configure:19910: /usr/bin/g++ -o conftest -g -O2 -w -std=c++11 -I/home/jordan/dev/privateer/dependencies/include -L/home/jordan/dev/privateer/dependencies/lib -L/home/jordan/dev/privateer/dependencies/lib64 conftest.cpp -lmmdb2  -lm  >&5
configure:19910: $? = 0
configure:19919: result: yes
configure:19928: checking mmdb2/mmdb_manager.h usability
configure:19928: /usr/bin/g++ -c -g -O2 -w -std=c++11 -I/home/jordan/dev/privateer/dependencies/include conftest.cpp >&5
configure:19928: $? = 0
configure:19928: result: yes
configure:19928: checking mmdb2/mmdb_manager.h presence
configure:19928: /usr/bin/g++ -E -I/home/jordan/dev/privateer/dependencies/include conftest.cpp
configure:19928: $? = 0
configure:19928: result: yes
configure:19928: checking for mmdb2/mmdb_manager.h
configure:19928: result: yes
configure:19947: checking for ccp4_banner in -lccp4c
configure:19980: /usr/bin/gcc -o conftest -g -O2 -I/home/jordan/dev/privateer/dependencies/include -L/home/jordan/dev/privateer/dependencies/lib -L/home/jordan/dev/privateer/dependencies/lib64 conftest.c -lccp4c  -lm  >&5
configure:19980: $? = 0
configure:19989: result: yes
configure:19997: checking ccp4/ccp4_general.h usability
configure:19997: /usr/bin/gcc -c -g -O2 -I/home/jordan/dev/privateer/dependencies/include conftest.c >&5
configure:19997: $? = 0
configure:19997: result: yes
configure:19997: checking ccp4/ccp4_general.h presence
configure:19997: /usr/bin/gcc -E -I/home/jordan/dev/privateer/dependencies/include conftest.c
configure:19997: $? = 0
configure:19997: result: yes
configure:19997: checking for ccp4/ccp4_general.h
configure:19997: result: yes
configure:20170: checking that generated files are newer than configure
configure:20176: result: done
configure:20247: creating ./config.status

## ---------------------- ##
## Running config.status. ##
## ---------------------- ##

This file was extended by clipper config.status 2.1, which was
generated by GNU Autoconf 2.69.  Invocation command line was

  CONFIG_FILES    = 
  CONFIG_HEADERS  = 
  CONFIG_LINKS    = 
  CONFIG_COMMANDS = 
  $ ./config.status 

on spectre

config.status:1236: creating Makefile
config.status:1236: creating clipper/Makefile
config.status:1236: creating clipper/core/Makefile
config.status:1236: creating clipper/contrib/Makefile
config.status:1236: creating examples/Makefile
config.status:1236: creating clipper.pc
config.status:1236: creating config.h
config.status:1465: executing depfiles commands
config.status:1465: executing libtool commands
configure:22976: WARNING: unrecognized options: --disable-Werror

## ---------------- ##
## Cache variables. ##
## ---------------- ##

ac_cv_build=x86_64-unknown-linux-gnu
ac_cv_c_compiler_gnu=yes
ac_cv_cxx_compiler_gnu=yes
ac_cv_env_CCC_set=
ac_cv_env_CCC_value=
ac_cv_env_CC_set=set
ac_cv_env_CC_value=/usr/bin/gcc
ac_cv_env_CFLAGS_set=
ac_cv_env_CFLAGS_value=
ac_cv_env_CPPFLAGS_set=set
ac_cv_env_CPPFLAGS_value=-I/home/jordan/dev/privateer/dependencies/include
ac_cv_env_CPP_set=
ac_cv_env_CPP_value=
ac_cv_env_CXXCPP_set=
ac_cv_env_CXXCPP_value=
ac_cv_env_CXXFLAGS_set=set
ac_cv_env_CXXFLAGS_value='-g -O2 -w -std=c++11'
ac_cv_env_CXX_set=set
ac_cv_env_CXX_value=/usr/bin/g++
ac_cv_env_F77_set=
ac_cv_env_F77_value=
ac_cv_env_FFLAGS_set=
ac_cv_env_FFLAGS_value=
ac_cv_env_LDFLAGS_set=set
ac_cv_env_LDFLAGS_value='-L/home/jordan/dev/privateer/dependencies/lib -L/home/jordan/dev/privateer/dependencies/lib64'
ac_cv_env_LIBS_set=
ac_cv_env_LIBS_value=
ac_cv_env_build_alias_set=
ac_cv_env_build_alias_value=
ac_cv_env_host_alias_set=
ac_cv_env_host_alias_value=
ac_cv_env_target_alias_set=
ac_cv_env_target_alias_value=
ac_cv_header_ccp4_ccp4_general_h=yes
ac_cv_header_dlfcn_h=yes
ac_cv_header_inttypes_h=yes
ac_cv_header_memory_h=yes
ac_cv_header_mmdb2_mmdb_manager_h=yes
ac_cv_header_stdc=yes
ac_cv_header_stdint_h=yes
ac_cv_header_stdlib_h=yes
ac_cv_header_string_h=yes
ac_cv_header_strings_h=yes
ac_cv_header_sys_stat_h=yes
ac_cv_header_sys_types_h=yes
ac_cv_header_unistd_h=yes
ac_cv_host=x86_64-unknown-linux-gnu
ac_cv_lib_ccp4c_ccp4_banner=yes
ac_cv_lib_mmdb2_MMDB_CCIF_Init=yes
ac_cv_objext=o
ac_cv_path_EGREP='/usr/bin/grep -E'
ac_cv_path_FGREP='/usr/bin/grep -F'
ac_cv_path_GREP=/usr/bin/grep
ac_cv_path_SED=/usr/bin/sed
ac_cv_path_install='/usr/bin/install -c'
ac_cv_path_mkdir=/usr/bin/mkdir
ac_cv_prog_AWK=mawk
ac_cv_prog_CPP='/usr/bin/gcc -E'
ac_cv_prog_CXXCPP='/usr/bin/g++ -E'
ac_cv_prog_ac_ct_AR=ar
ac_cv_prog_ac_ct_CC=/usr/bin/gcc
ac_cv_prog_ac_ct_MANIFEST_TOOL=mt
ac_cv_prog_ac_ct_OBJDUMP=objdump
ac_cv_prog_ac_ct_RANLIB=ranlib
ac_cv_prog_ac_ct_STRIP=strip
ac_cv_prog_cc_c89=
ac_cv_prog_cc_g=yes
ac_cv_prog_cxx_g=yes
ac_cv_prog_make_make_set=yes
ac_cv_search_cos=-lm
am_cv_CC_dependencies_compiler_type=gcc3
am_cv_CXX_dependencies_compiler_type=gcc3
am_cv_ar_interface=ar
am_cv_make_support_nested_variables=yes
ax_cv_PTHREAD_PRIO_INHERIT=yes
lt_cv_ar_at_file=@
lt_cv_archive_cmds_need_lc=no
lt_cv_deplibs_check_method=pass_all
lt_cv_file_magic_cmd='$MAGIC_CMD'
lt_cv_file_magic_test_file=
lt_cv_ld_reload_flag=-r
lt_cv_nm_interface='BSD nm'
lt_cv_objdir=.libs
lt_cv_path_LD=/usr/bin/ld
lt_cv_path_LDCXX='/usr/bin/ld -m elf_x86_64'
lt_cv_path_NM='/usr/bin/nm -B'
lt_cv_path_mainfest_tool=no
lt_cv_prog_compiler_c_o=yes
lt_cv_prog_compiler_c_o_CXX=yes
lt_cv_prog_compiler_pic='-fPIC -DPIC'
lt_cv_prog_compiler_pic_CXX='-fPIC -DPIC'
lt_cv_prog_compiler_pic_works=yes
lt_cv_prog_compiler_pic_works_CXX=yes
lt_cv_prog_compiler_rtti_exceptions=no
lt_cv_prog_compiler_static_works=yes
lt_cv_prog_compiler_static_works_CXX=yes
lt_cv_prog_gnu_ld=yes
lt_cv_prog_gnu_ldcxx=yes
lt_cv_sharedlib_from_linklib_cmd='printf %s\n'
lt_cv_shlibpath_overrides_runpath=yes
lt_cv_sys_global_symbol_pipe='sed -n -e '\''s/^.*[	 ]\([ABCDGIRSTW][ABCDGIRSTW]*\)[	 ][	 ]*\([_A-Za-z][_A-Za-z0-9]*\)$/\1 \2 \2/p'\'' | sed '\''/ __gnu_lto/d'\'''
lt_cv_sys_global_symbol_to_c_name_address='sed -n -e '\''s/^: \([^ ]*\)[ ]*$/  {\"\1\", (void *) 0},/p'\'' -e '\''s/^[ABCDGIRSTW]* \([^ ]*\) \([^ ]*\)$/  {"\2", (void *) \&\2},/p'\'''
lt_cv_sys_global_symbol_to_c_name_address_lib_prefix='sed -n -e '\''s/^: \([^ ]*\)[ ]*$/  {\"\1\", (void *) 0},/p'\'' -e '\''s/^[ABCDGIRSTW]* \([^ ]*\) \(lib[^ ]*\)$/  {"\2", (void *) \&\2},/p'\'' -e '\''s/^[ABCDGIRSTW]* \([^ ]*\) \([^ ]*\)$/  {"lib\2", (void *) \&\2},/p'\'''
lt_cv_sys_global_symbol_to_cdecl='sed -n -e '\''s/^T .* \(.*\)$/extern int \1();/p'\'' -e '\''s/^[ABCDGIRSTW]* .* \(.*\)$/extern char \1;/p'\'''
lt_cv_sys_max_cmd_len=1572864
lt_cv_to_host_file_cmd=func_convert_file_noop
lt_cv_to_tool_file_cmd=func_convert_file_noop

## ----------------- ##
## Output variables. ##
## ----------------- ##

ACLOCAL='${SHELL} /home/jordan/dev/privateer/dependencies/clipper/trunk/build-aux/missing aclocal-1.13'
AMDEPBACKSLASH='\'
AMDEP_FALSE='#'
AMDEP_TRUE=''
AMTAR='$${TAR-tar}'
AM_BACKSLASH='\'
AM_DEFAULT_V='$(AM_DEFAULT_VERBOSITY)'
AM_DEFAULT_VERBOSITY='1'
AM_V='$(V)'
AR='ar'
AUTOCONF='${SHELL} /home/jordan/dev/privateer/dependencies/clipper/trunk/build-aux/missing autoconf'
AUTOHEADER='${SHELL} /home/jordan/dev/privateer/dependencies/clipper/trunk/build-aux/missing autoheader'
AUTOMAKE='${SHELL} /home/jordan/dev/privateer/dependencies/clipper/trunk/build-aux/missing automake-1.13'
AWK='mawk'
BUILD_CCP4_FALSE='#'
BUILD_CCP4_TRUE=''
BUILD_CCTBX_FALSE=''
BUILD_CCTBX_TRUE='#'
BUILD_CIF_FALSE='#'
BUILD_CIF_TRUE=''
BUILD_CNS_FALSE='#'
BUILD_CNS_TRUE=''
BUILD_CONTRIB_FALSE='#'
BUILD_CONTRIB_TRUE=''
BUILD_FORTRAN_FALSE=''
BUILD_FORTRAN_TRUE='#'
BUILD_MINIMOL_FALSE='#'
BUILD_MINIMOL_TRUE=''
BUILD_MMDBOLD_FALSE=''
BUILD_MMDBOLD_TRUE='#'
BUILD_MMDB_FALSE='#'
BUILD_MMDB_TRUE=''
BUILD_PHS_FALSE='#'
BUILD_PHS_TRUE=''
CC='/usr/bin/gcc'
CCDEPMODE='depmode=gcc3'
CFLAGS='-g -O2'
CLIPPER_LIBS='-lclipper-ccp4 -lclipper-cif -lclipper-minimol -lclipper-mmdb -lclipper-cns -lclipper-phs -lclipper-contrib -lclipper-core'
CLIPPER_REQUIRES='ccp4c mmdb2'
CPP='/usr/bin/gcc -E'
CPPFLAGS='-I/home/jordan/dev/privateer/dependencies/include'
CXX='/usr/bin/g++'
CXXCPP='/usr/bin/g++ -E'
CXXDEPMODE='depmode=gcc3'
CXXFLAGS='-g -O2 -w -std=c++11'
CYGPATH_W='echo'
DEFS='-DHAVE_CONFIG_H'
DEPDIR='.deps'
DLLTOOL='false'
DSYMUTIL=''
DUMPBIN=''
ECHO_C=''
ECHO_N='-n'
ECHO_T=''
EGREP='/usr/bin/grep -E'
EXEEXT=''
F77=''
FFLAGS=''
FFTW2_CPPFLAGS='-I/home/jordan/dev/privateer/dependencies/include'
FFTW2_LIBS='-L/home/jordan/dev/privateer/dependencies/lib -lrfftw -lfftw'
FGREP='/usr/bin/grep -F'
FLIBS=''
GREP='/usr/bin/grep'
INSTALL_DATA='${INSTALL} -m 644'
INSTALL_PROGRAM='${INSTALL}'
INSTALL_SCRIPT='${INSTALL}'
INSTALL_STRIP_PROGRAM='$(install_sh) -c -s'
LD='/usr/bin/ld -m elf_x86_64'
LDFLAGS='-L/home/jordan/dev/privateer/dependencies/lib -L/home/jordan/dev/privateer/dependencies/lib64'
LIBOBJS=''
LIBS='-lm '
LIBTOOL='$(SHELL) $(top_builddir)/libtool'
LIPO=''
LN_S='ln -s'
LTLIBOBJS=''
MAINT='#'
MAINTAINER_MODE_FALSE=''
MAINTAINER_MODE_TRUE='#'
MAKEINFO='${SHELL} /home/jordan/dev/privateer/dependencies/clipper/trunk/build-aux/missing makeinfo'
MANIFEST_TOOL=':'
MKDIR_P='/usr/bin/mkdir -p'
NM='/usr/bin/nm -B'
NMEDIT=''
OBJDUMP='objdump'
OBJEXT='o'
OTOOL64=''
OTOOL=''
PACKAGE='clipper'
PACKAGE_BUGREPORT=''
PACKAGE_NAME='clipper'
PACKAGE_STRING='clipper 2.1'
PACKAGE_TARNAME='clipper'
PACKAGE_URL=''
PACKAGE_VERSION='2.1'
PATH_SEPARATOR=':'
PTHREAD_CC='/usr/bin/gcc'
PTHREAD_CFLAGS=''
PTHREAD_LIBS='-lpthread'
RANLIB='ranlib'
SED='/usr/bin/sed'
SET_MAKE=''
SHELL='/bin/bash'
STRIP='strip'
VERSION='2.1'
VERSION_INFO='-version-info 2:1'
ac_ct_AR='ar'
ac_ct_CC='/usr/bin/gcc'
ac_ct_CXX=''
ac_ct_DUMPBIN=''
ac_ct_F77=''
am__EXEEXT_FALSE=''
am__EXEEXT_TRUE='#'
am__fastdepCC_FALSE='#'
am__fastdepCC_TRUE=''
am__fastdepCXX_FALSE='#'
am__fastdepCXX_TRUE=''
am__include='include'
am__isrc=''
am__leading_dot='.'
am__nodep='_no'
am__quote=''
am__tar='$${TAR-tar} chof - "$$tardir"'
am__untar='$${TAR-tar} xf -'
ax_pthread_config=''
bindir='${exec_prefix}/bin'
build='x86_64-unknown-linux-gnu'
build_alias=''
build_cpu='x86_64'
build_os='linux-gnu'
build_vendor='unknown'
datadir='${datarootdir}'
datarootdir='${prefix}/share'
docdir='${datarootdir}/doc/${PACKAGE_TARNAME}'
dvidir='${docdir}'
exec_prefix='${prefix}'
host='x86_64-unknown-linux-gnu'
host_alias=''
host_cpu='x86_64'
host_os='linux-gnu'
host_vendor='unknown'
htmldir='${docdir}'
includedir='${prefix}/include'
infodir='${datarootdir}/info'
install_sh='${SHELL} /home/jordan/dev/privateer/dependencies/clipper/trunk/build-aux/install-sh'
libdir='${exec_prefix}/lib'
libexecdir='${exec_prefix}/libexec'
localedir='${datarootdir}/locale'
localstatedir='${prefix}/var'
mandir='${datarootdir}/man'
mkdir_p='$(MKDIR_P)'
oldincludedir='/usr/include'
pdfdir='${docdir}'
prefix='/home/jordan/dev/privateer/dependencies'
program_transform_name='s,x,x,'
psdir='${docdir}'
sbindir='${exec_prefix}/sbin'
sharedstatedir='${prefix}/com'
sysconfdir='${prefix}/etc'
target_alias=''

## ----------- ##
## confdefs.h. ##
## ----------- ##

/* confdefs.h */
#define PACKAGE_NAME "clipper"
#define PACKAGE_TARNAME "clipper"
#define PACKAGE_VERSION "2.1"
#define PACKAGE_STRING "clipper 2.1"
#define PACKAGE_BUGREPORT ""
#define PACKAGE_URL ""
#define PACKAGE "clipper"
#define VERSION "2.1"
#define STDC_HEADERS 1
#define HAVE_SYS_TYPES_H 1
#define HAVE_SYS_STAT_H 1
#define HAVE_STDLIB_H 1
#define HAVE_STRING_H 1
#define HAVE_MEMORY_H 1
#define HAVE_STRINGS_H 1
#define HAVE_INTTYPES_H 1
#define HAVE_STDINT_H 1
#define HAVE_UNISTD_H 1
#define HAVE_DLFCN_H 1
#define LT_OBJDIR ".libs/"
#define HAVE_PTHREAD_PRIO_INHERIT 1
#define HAVE_PTHREAD 1

configure: exit 0
