This file contains any messages produced by compilers while
running configure, to aid debugging if configure makes a mistake.

It was created by mmdb2 configure 2.0.19, which was
generated by GNU Autoconf 2.69.  Invocation command line was

  $ ./configure CXXFLAGS=-g -O2 -w -std=c++11 CFLAGS=-g -O2 -w --prefix=/home/jordan/dev/privateer/dependencies --disable-Werror --enable-silent-rules --enable-shared --disable-static

## --------- ##
## Platform. ##
## --------- ##

hostname = spectre
uname -m = x86_64
uname -r = 6.2.0-31-generic
uname -s = Linux
uname -v = #31~22.04.1-Ubuntu SMP PREEMPT_DYNAMIC Wed Aug 16 13:45:26 UTC 2

/usr/bin/uname -p = x86_64
/bin/uname -X     = unknown

/bin/arch              = x86_64
/usr/bin/arch -k       = unknown
/usr/convex/getsysinfo = unknown
/usr/bin/hostinfo      = unknown
/bin/machine           = unknown
/usr/bin/oslevel       = unknown
/bin/universe          = unknown

PATH: /home/jordan/dev/privateer/pyenv/bin
PATH: /home/jordan/.nvm/versions/node/v18.17.0/bin
PATH: /home/jordan/miniconda3/condabin
PATH: /home/jordan/.local/bin
PATH: /home/jordan/.local/bin
PATH: /usr/local/sbin
PATH: /usr/local/bin
PATH: /usr/sbin
PATH: /usr/bin
PATH: /sbin
PATH: /bin
PATH: /usr/games
PATH: /usr/local/games
PATH: /snap/bin
PATH: /snap/bin
PATH: /home/jordan/.local/share/JetBrains/Toolbox/scripts
PATH: /home/jordan/.local/share/JetBrains/Toolbox/scripts


## ----------- ##
## Core tests. ##
## ----------- ##

configure:2304: checking for a BSD-compatible install
configure:2372: result: /usr/bin/install -c
configure:2383: checking whether build environment is sane
configure:2438: result: yes
configure:2476: WARNING: 'missing' script is too old or missing
configure:2589: checking for a thread-safe mkdir -p
configure:2628: result: /usr/bin/mkdir -p
configure:2635: checking for gawk
configure:2665: result: no
configure:2635: checking for mawk
configure:2651: found /usr/bin/mawk
configure:2662: result: mawk
configure:2673: checking whether make sets $(MAKE)
configure:2695: result: yes
configure:2724: checking whether make supports nested variables
configure:2741: result: yes
configure:2871: checking whether make supports the include directive
configure:2886: make -f confmf.GNU && cat confinc.out
this is the am__doit target
configure:2889: $? = 0
configure:2908: result: yes (GNU style)
configure:2978: checking for gcc
configure:3005: result: /usr/bin/gcc
configure:3234: checking for C compiler version
configure:3243: /usr/bin/gcc --version >&5
gcc (Ubuntu 11.4.0-1ubuntu1~22.04) 11.4.0
Copyright (C) 2021 Free Software Foundation, Inc.
This is free software; see the source for copying conditions.  There is NO
warranty; not even for MERCHANTABILITY or FITNESS FOR A PARTICULAR PURPOSE.

configure:3254: $? = 0
configure:3243: /usr/bin/gcc -v >&5
Using built-in specs.
COLLECT_GCC=/usr/bin/gcc
COLLECT_LTO_WRAPPER=/usr/lib/gcc/x86_64-linux-gnu/11/lto-wrapper
OFFLOAD_TARGET_NAMES=nvptx-none:amdgcn-amdhsa
OFFLOAD_TARGET_DEFAULT=1
Target: x86_64-linux-gnu
Configured with: ../src/configure -v --with-pkgversion='Ubuntu 11.4.0-1ubuntu1~22.04' --with-bugurl=file:///usr/share/doc/gcc-11/README.Bugs --enable-languages=c,ada,c++,go,brig,d,fortran,objc,obj-c++,m2 --prefix=/usr --with-gcc-major-version-only --program-suffix=-11 --program-prefix=x86_64-linux-gnu- --enable-shared --enable-linker-build-id --libexecdir=/usr/lib --without-included-gettext --enable-threads=posix --libdir=/usr/lib --enable-nls --enable-bootstrap --enable-clocale=gnu --enable-libstdcxx-debug --enable-libstdcxx-time=yes --with-default-libstdcxx-abi=new --enable-gnu-unique-object --disable-vtable-verify --enable-plugin --enable-default-pie --with-system-zlib --enable-libphobos-checking=release --with-target-system-zlib=auto --enable-objc-gc=auto --enable-multiarch --disable-werror --enable-cet --with-arch-32=i686 --with-abi=m64 --with-multilib-list=m32,m64,mx32 --enable-multilib --with-tune=generic --enable-offload-targets=nvptx-none=/build/gcc-11-XeT9lY/gcc-11-11.4.0/debian/tmp-nvptx/usr,amdgcn-amdhsa=/build/gcc-11-XeT9lY/gcc-11-11.4.0/debian/tmp-gcn/usr --without-cuda-driver --enable-checking=release --build=x86_64-linux-gnu --host=x86_64-linux-gnu --target=x86_64-linux-gnu --with-build-config=bootstrap-lto-lean --enable-link-serialization=2
Thread model: posix
Supported LTO compression algorithms: zlib zstd
gcc version 11.4.0 (Ubuntu 11.4.0-1ubuntu1~22.04) 
... rest of stderr output deleted ...
configure:3254: $? = 0
configure:3243: /usr/bin/gcc -V >&5
gcc: error: unrecognized command-line option '-V'
gcc: fatal error: no input files
compilation terminated.
configure:3254: $? = 1
configure:3243: /usr/bin/gcc -qversion >&5
gcc: error: unrecognized command-line option '-qversion'; did you mean '--version'?
gcc: fatal error: no input files
compilation terminated.
configure:3254: $? = 1
configure:3274: checking whether the C compiler works
configure:3296: /usr/bin/gcc -g -O2 -w -I/home/jordan/dev/privateer/dependencies/include -L/home/jordan/dev/privateer/dependencies/lib -L/home/jordan/dev/privateer/dependencies/lib64 conftest.c  >&5
configure:3300: $? = 0
configure:3348: result: yes
configure:3351: checking for C compiler default output file name
configure:3353: result: a.out
configure:3359: checking for suffix of executables
configure:3366: /usr/bin/gcc -o conftest -g -O2 -w -I/home/jordan/dev/privateer/dependencies/include -L/home/jordan/dev/privateer/dependencies/lib -L/home/jordan/dev/privateer/dependencies/lib64 conftest.c  >&5
configure:3370: $? = 0
configure:3392: result: 
configure:3414: checking whether we are cross compiling
configure:3422: /usr/bin/gcc -o conftest -g -O2 -w -I/home/jordan/dev/privateer/dependencies/include -L/home/jordan/dev/privateer/dependencies/lib -L/home/jordan/dev/privateer/dependencies/lib64 conftest.c  >&5
configure:3426: $? = 0
configure:3433: ./conftest
configure:3437: $? = 0
configure:3452: result: no
configure:3457: checking for suffix of object files
configure:3479: /usr/bin/gcc -c -g -O2 -w -I/home/jordan/dev/privateer/dependencies/include conftest.c >&5
configure:3483: $? = 0
configure:3504: result: o
configure:3508: checking whether we are using the GNU C compiler
configure:3527: /usr/bin/gcc -c -g -O2 -w -I/home/jordan/dev/privateer/dependencies/include conftest.c >&5
configure:3527: $? = 0
configure:3536: result: yes
configure:3545: checking whether /usr/bin/gcc accepts -g
configure:3565: /usr/bin/gcc -c -g -I/home/jordan/dev/privateer/dependencies/include conftest.c >&5
configure:3565: $? = 0
configure:3606: result: yes
configure:3623: checking for /usr/bin/gcc option to accept ISO C89
configure:3686: /usr/bin/gcc  -c -g -O2 -w -I/home/jordan/dev/privateer/dependencies/include conftest.c >&5
configure:3686: $? = 0
configure:3699: result: none needed
configure:3724: checking whether /usr/bin/gcc understands -c and -o together
configure:3746: /usr/bin/gcc -c conftest.c -o conftest2.o
configure:3749: $? = 0
configure:3746: /usr/bin/gcc -c conftest.c -o conftest2.o
configure:3749: $? = 0
configure:3761: result: yes
configure:3780: checking dependency style of /usr/bin/gcc
configure:3891: result: gcc3
configure:3956: checking for ar
configure:3972: found /usr/bin/ar
configure:3983: result: ar
configure:4009: checking the archiver (ar) interface
configure:4025: /usr/bin/gcc -c -g -O2 -w -I/home/jordan/dev/privateer/dependencies/include conftest.c >&5
configure:4025: $? = 0
configure:4027: ar cru libconftest.a conftest.o >&5
ar: `u' modifier ignored since `D' is the default (see `U')
configure:4030: $? = 0
configure:4058: result: ar
configure:4107: checking build system type
configure:4121: result: x86_64-unknown-linux-gnu
configure:4141: checking host system type
configure:4154: result: x86_64-unknown-linux-gnu
configure:4195: checking how to print strings
configure:4222: result: printf
configure:4243: checking for a sed that does not truncate output
configure:4307: result: /usr/bin/sed
configure:4325: checking for grep that handles long lines and -e
configure:4383: result: /usr/bin/grep
configure:4388: checking for egrep
configure:4450: result: /usr/bin/grep -E
configure:4455: checking for fgrep
configure:4517: result: /usr/bin/grep -F
configure:4552: checking for ld used by /usr/bin/gcc
configure:4619: result: /usr/bin/ld
configure:4626: checking if the linker (/usr/bin/ld) is GNU ld
configure:4641: result: yes
configure:4653: checking for BSD- or MS-compatible name lister (nm)
configure:4702: result: /usr/bin/nm -B
configure:4832: checking the name lister (/usr/bin/nm -B) interface
configure:4839: /usr/bin/gcc -c -g -O2 -w -I/home/jordan/dev/privateer/dependencies/include conftest.c >&5
configure:4842: /usr/bin/nm -B "conftest.o"
configure:4845: output
0000000000000000 B some_variable
configure:4852: result: BSD nm
configure:4855: checking whether ln -s works
configure:4859: result: yes
configure:4867: checking the maximum length of command line arguments
configure:4992: result: 1572864
configure:5009: checking whether the shell understands some XSI constructs
configure:5019: result: yes
configure:5023: checking whether the shell understands "+="
configure:5029: result: yes
configure:5064: checking how to convert x86_64-unknown-linux-gnu file names to x86_64-unknown-linux-gnu format
configure:5104: result: func_convert_file_noop
configure:5111: checking how to convert x86_64-unknown-linux-gnu file names to toolchain format
configure:5131: result: func_convert_file_noop
configure:5138: checking for /usr/bin/ld option to reload object files
configure:5145: result: -r
configure:5219: checking for objdump
configure:5235: found /usr/bin/objdump
configure:5246: result: objdump
configure:5275: checking how to recognize dependent libraries
configure:5477: result: pass_all
configure:5562: checking for dlltool
configure:5592: result: no
configure:5619: checking how to associate runtime and link libraries
configure:5646: result: printf %s\n
configure:5770: checking for archiver @FILE support
configure:5787: /usr/bin/gcc -c -g -O2 -w -I/home/jordan/dev/privateer/dependencies/include conftest.c >&5
configure:5787: $? = 0
configure:5790: ar cru libconftest.a @conftest.lst >&5
ar: `u' modifier ignored since `D' is the default (see `U')
configure:5793: $? = 0
configure:5798: ar cru libconftest.a @conftest.lst >&5
ar: `u' modifier ignored since `D' is the default (see `U')
ar: conftest.o: No such file or directory
configure:5801: $? = 1
configure:5813: result: @
configure:5871: checking for strip
configure:5887: found /usr/bin/strip
configure:5898: result: strip
configure:5970: checking for ranlib
configure:5986: found /usr/bin/ranlib
configure:5997: result: ranlib
configure:6099: checking command to parse /usr/bin/nm -B output from /usr/bin/gcc object
configure:6218: /usr/bin/gcc -c -g -O2 -w -I/home/jordan/dev/privateer/dependencies/include conftest.c >&5
configure:6221: $? = 0
configure:6225: /usr/bin/nm -B conftest.o \| sed -n -e 's/^.*[ ]\([ABCDGIRSTW][ABCDGIRSTW]*\)[ ][ ]*\([_A-Za-z][_A-Za-z0-9]*\)$/\1 \2 \2/p' | sed '/ __gnu_lto/d' \> conftest.nm
configure:6228: $? = 0
configure:6294: /usr/bin/gcc -o conftest -g -O2 -w -I/home/jordan/dev/privateer/dependencies/include -L/home/jordan/dev/privateer/dependencies/lib -L/home/jordan/dev/privateer/dependencies/lib64 conftest.c conftstm.o >&5
configure:6297: $? = 0
configure:6335: result: ok
configure:6372: checking for sysroot
configure:6402: result: no
configure:6479: /usr/bin/gcc -c -g -O2 -w -I/home/jordan/dev/privateer/dependencies/include conftest.c >&5
configure:6482: $? = 0
configure:6645: checking for mt
configure:6661: found /usr/bin/mt
configure:6672: result: mt
configure:6695: checking if mt is a manifest tool
configure:6701: mt '-?'
configure:6709: result: no
configure:7341: checking how to run the C preprocessor
configure:7372: /usr/bin/gcc -E -I/home/jordan/dev/privateer/dependencies/include conftest.c
configure:7372: $? = 0
configure:7386: /usr/bin/gcc -E -I/home/jordan/dev/privateer/dependencies/include conftest.c
conftest.c:11:10: fatal error: ac_nonexistent.h: No such file or directory
   11 | #include <ac_nonexistent.h>
      |          ^~~~~~~~~~~~~~~~~~
compilation terminated.
configure:7386: $? = 1
configure: failed program was:
| /* confdefs.h */
| #define PACKAGE_NAME "mmdb2"
| #define PACKAGE_TARNAME "mmdb2"
| #define PACKAGE_VERSION "2.0.19"
| #define PACKAGE_STRING "mmdb2 2.0.19"
| #define PACKAGE_BUGREPORT ""
| #define PACKAGE_URL ""
| #define PACKAGE "mmdb2"
| #define VERSION "2.0.19"
| /* end confdefs.h.  */
| #include <ac_nonexistent.h>
configure:7411: result: /usr/bin/gcc -E
configure:7431: /usr/bin/gcc -E -I/home/jordan/dev/privateer/dependencies/include conftest.c
configure:7431: $? = 0
configure:7445: /usr/bin/gcc -E -I/home/jordan/dev/privateer/dependencies/include conftest.c
conftest.c:11:10: fatal error: ac_nonexistent.h: No such file or directory
   11 | #include <ac_nonexistent.h>
      |          ^~~~~~~~~~~~~~~~~~
compilation terminated.
configure:7445: $? = 1
configure: failed program was:
| /* confdefs.h */
| #define PACKAGE_NAME "mmdb2"
| #define PACKAGE_TARNAME "mmdb2"
| #define PACKAGE_VERSION "2.0.19"
| #define PACKAGE_STRING "mmdb2 2.0.19"
| #define PACKAGE_BUGREPORT ""
| #define PACKAGE_URL ""
| #define PACKAGE "mmdb2"
| #define VERSION "2.0.19"
| /* end confdefs.h.  */
| #include <ac_nonexistent.h>
configure:7474: checking for ANSI C header files
configure:7494: /usr/bin/gcc -c -g -O2 -w -I/home/jordan/dev/privateer/dependencies/include conftest.c >&5
configure:7494: $? = 0
configure:7567: /usr/bin/gcc -o conftest -g -O2 -w -I/home/jordan/dev/privateer/dependencies/include -L/home/jordan/dev/privateer/dependencies/lib -L/home/jordan/dev/privateer/dependencies/lib64 conftest.c  >&5
configure:7567: $? = 0
configure:7567: ./conftest
configure:7567: $? = 0
configure:7578: result: yes
configure:7591: checking for sys/types.h
configure:7591: /usr/bin/gcc -c -g -O2 -w -I/home/jordan/dev/privateer/dependencies/include conftest.c >&5
configure:7591: $? = 0
configure:7591: result: yes
configure:7591: checking for sys/stat.h
configure:7591: /usr/bin/gcc -c -g -O2 -w -I/home/jordan/dev/privateer/dependencies/include conftest.c >&5
configure:7591: $? = 0
configure:7591: result: yes
configure:7591: checking for stdlib.h
configure:7591: /usr/bin/gcc -c -g -O2 -w -I/home/jordan/dev/privateer/dependencies/include conftest.c >&5
configure:7591: $? = 0
configure:7591: result: yes
configure:7591: checking for string.h
configure:7591: /usr/bin/gcc -c -g -O2 -w -I/home/jordan/dev/privateer/dependencies/include conftest.c >&5
configure:7591: $? = 0
configure:7591: result: yes
configure:7591: checking for memory.h
configure:7591: /usr/bin/gcc -c -g -O2 -w -I/home/jordan/dev/privateer/dependencies/include conftest.c >&5
configure:7591: $? = 0
configure:7591: result: yes
configure:7591: checking for strings.h
configure:7591: /usr/bin/gcc -c -g -O2 -w -I/home/jordan/dev/privateer/dependencies/include conftest.c >&5
configure:7591: $? = 0
configure:7591: result: yes
configure:7591: checking for inttypes.h
configure:7591: /usr/bin/gcc -c -g -O2 -w -I/home/jordan/dev/privateer/dependencies/include conftest.c >&5
configure:7591: $? = 0
configure:7591: result: yes
configure:7591: checking for stdint.h
configure:7591: /usr/bin/gcc -c -g -O2 -w -I/home/jordan/dev/privateer/dependencies/include conftest.c >&5
configure:7591: $? = 0
configure:7591: result: yes
configure:7591: checking for unistd.h
configure:7591: /usr/bin/gcc -c -g -O2 -w -I/home/jordan/dev/privateer/dependencies/include conftest.c >&5
configure:7591: $? = 0
configure:7591: result: yes
configure:7605: checking for dlfcn.h
configure:7605: /usr/bin/gcc -c -g -O2 -w -I/home/jordan/dev/privateer/dependencies/include conftest.c >&5
configure:7605: $? = 0
configure:7605: result: yes
configure:8089: checking for objdir
configure:8104: result: .libs
configure:8375: checking if /usr/bin/gcc supports -fno-rtti -fno-exceptions
configure:8393: /usr/bin/gcc -c -g -O2 -w -I/home/jordan/dev/privateer/dependencies/include -fno-rtti -fno-exceptions conftest.c >&5
configure:8397: $? = 0
configure:8410: result: yes
configure:8720: checking for /usr/bin/gcc option to produce PIC
configure:8727: result: -fPIC -DPIC
configure:8735: checking if /usr/bin/gcc PIC flag -fPIC -DPIC works
configure:8753: /usr/bin/gcc -c -g -O2 -w -I/home/jordan/dev/privateer/dependencies/include -fPIC -DPIC -DPIC conftest.c >&5
configure:8757: $? = 0
configure:8770: result: yes
configure:8799: checking if /usr/bin/gcc static flag -static works
configure:8827: result: yes
configure:8842: checking if /usr/bin/gcc supports -c -o file.o
configure:8863: /usr/bin/gcc -c -g -O2 -w -I/home/jordan/dev/privateer/dependencies/include -o out/conftest2.o conftest.c >&5
configure:8867: $? = 0
configure:8889: result: yes
configure:8897: checking if /usr/bin/gcc supports -c -o file.o
configure:8944: result: yes
configure:8977: checking whether the /usr/bin/gcc linker (/usr/bin/ld -m elf_x86_64) supports shared libraries
configure:10135: result: yes
configure:10172: checking whether -lc should be explicitly linked in
configure:10180: /usr/bin/gcc -c -g -O2 -w -I/home/jordan/dev/privateer/dependencies/include conftest.c >&5
configure:10183: $? = 0
configure:10198: /usr/bin/gcc -shared  -fPIC -DPIC conftest.o  -v -Wl,-soname -Wl,conftest -o conftest 2\>\&1 \| /usr/bin/grep  -lc  \>/dev/null 2\>\&1
configure:10201: $? = 0
configure:10215: result: no
configure:10380: checking dynamic linker characteristics
configure:10894: /usr/bin/gcc -o conftest -g -O2 -w -I/home/jordan/dev/privateer/dependencies/include -L/home/jordan/dev/privateer/dependencies/lib -L/home/jordan/dev/privateer/dependencies/lib64 -Wl,-rpath -Wl,/foo conftest.c  >&5
configure:10894: $? = 0
configure:11120: result: GNU/Linux ld.so
configure:11227: checking how to hardcode library paths into programs
configure:11252: result: immediate
configure:11792: checking whether stripping libraries is possible
configure:11797: result: yes
configure:11832: checking if libtool supports shared libraries
configure:11834: result: yes
configure:11837: checking whether to build shared libraries
configure:11858: result: yes
configure:11861: checking whether to build static libraries
configure:11865: result: no
configure:12012: checking for C++ compiler version
configure:12021: /usr/bin/g++ --version >&5
g++ (Ubuntu 11.4.0-1ubuntu1~22.04) 11.4.0
Copyright (C) 2021 Free Software Foundation, Inc.
This is free software; see the source for copying conditions.  There is NO
warranty; not even for MERCHANTABILITY or FITNESS FOR A PARTICULAR PURPOSE.

configure:12032: $? = 0
configure:12021: /usr/bin/g++ -v >&5
Using built-in specs.
COLLECT_GCC=/usr/bin/g++
COLLECT_LTO_WRAPPER=/usr/lib/gcc/x86_64-linux-gnu/11/lto-wrapper
OFFLOAD_TARGET_NAMES=nvptx-none:amdgcn-amdhsa
OFFLOAD_TARGET_DEFAULT=1
Target: x86_64-linux-gnu
Configured with: ../src/configure -v --with-pkgversion='Ubuntu 11.4.0-1ubuntu1~22.04' --with-bugurl=file:///usr/share/doc/gcc-11/README.Bugs --enable-languages=c,ada,c++,go,brig,d,fortran,objc,obj-c++,m2 --prefix=/usr --with-gcc-major-version-only --program-suffix=-11 --program-prefix=x86_64-linux-gnu- --enable-shared --enable-linker-build-id --libexecdir=/usr/lib --without-included-gettext --enable-threads=posix --libdir=/usr/lib --enable-nls --enable-bootstrap --enable-clocale=gnu --enable-libstdcxx-debug --enable-libstdcxx-time=yes --with-default-libstdcxx-abi=new --enable-gnu-unique-object --disable-vtable-verify --enable-plugin --enable-default-pie --with-system-zlib --enable-libphobos-checking=release --with-target-system-zlib=auto --enable-objc-gc=auto --enable-multiarch --disable-werror --enable-cet --with-arch-32=i686 --with-abi=m64 --with-multilib-list=m32,m64,mx32 --enable-multilib --with-tune=generic --enable-offload-targets=nvptx-none=/build/gcc-11-XeT9lY/gcc-11-11.4.0/debian/tmp-nvptx/usr,amdgcn-amdhsa=/build/gcc-11-XeT9lY/gcc-11-11.4.0/debian/tmp-gcn/usr --without-cuda-driver --enable-checking=release --build=x86_64-linux-gnu --host=x86_64-linux-gnu --target=x86_64-linux-gnu --with-build-config=bootstrap-lto-lean --enable-link-serialization=2
Thread model: posix
Supported LTO compression algorithms: zlib zstd
gcc version 11.4.0 (Ubuntu 11.4.0-1ubuntu1~22.04) 
... rest of stderr output deleted ...
configure:12032: $? = 0
configure:12021: /usr/bin/g++ -V >&5
g++: error: unrecognized command-line option '-V'
g++: fatal error: no input files
compilation terminated.
configure:12032: $? = 1
configure:12021: /usr/bin/g++ -qversion >&5
g++: error: unrecognized command-line option '-qversion'; did you mean '--version'?
g++: fatal error: no input files
compilation terminated.
configure:12032: $? = 1
configure:12036: checking whether we are using the GNU C++ compiler
configure:12055: /usr/bin/g++ -c -g -O2 -w -std=c++11 -I/home/jordan/dev/privateer/dependencies/include conftest.cpp >&5
configure:12055: $? = 0
configure:12064: result: yes
configure:12073: checking whether /usr/bin/g++ accepts -g
configure:12093: /usr/bin/g++ -c -g -I/home/jordan/dev/privateer/dependencies/include conftest.cpp >&5
configure:12093: $? = 0
configure:12134: result: yes
configure:12159: checking dependency style of /usr/bin/g++
configure:12270: result: gcc3
configure:12303: checking how to run the C++ preprocessor
configure:12330: /usr/bin/g++ -E -I/home/jordan/dev/privateer/dependencies/include conftest.cpp
configure:12330: $? = 0
configure:12344: /usr/bin/g++ -E -I/home/jordan/dev/privateer/dependencies/include conftest.cpp
conftest.cpp:23:10: fatal error: ac_nonexistent.h: No such file or directory
   23 | #include <ac_nonexistent.h>
      |          ^~~~~~~~~~~~~~~~~~
compilation terminated.
configure:12344: $? = 1
configure: failed program was:
| /* confdefs.h */
| #define PACKAGE_NAME "mmdb2"
| #define PACKAGE_TARNAME "mmdb2"
| #define PACKAGE_VERSION "2.0.19"
| #define PACKAGE_STRING "mmdb2 2.0.19"
| #define PACKAGE_BUGREPORT ""
| #define PACKAGE_URL ""
| #define PACKAGE "mmdb2"
| #define VERSION "2.0.19"
| #define STDC_HEADERS 1
| #define HAVE_SYS_TYPES_H 1
| #define HAVE_SYS_STAT_H 1
| #define HAVE_STDLIB_H 1
| #define HAVE_STRING_H 1
| #define HAVE_MEMORY_H 1
| #define HAVE_STRINGS_H 1
| #define HAVE_INTTYPES_H 1
| #define HAVE_STDINT_H 1
| #define HAVE_UNISTD_H 1
| #define HAVE_DLFCN_H 1
| #define LT_OBJDIR ".libs/"
| /* end confdefs.h.  */
| #include <ac_nonexistent.h>
configure:12369: result: /usr/bin/g++ -E
configure:12389: /usr/bin/g++ -E -I/home/jordan/dev/privateer/dependencies/include conftest.cpp
configure:12389: $? = 0
configure:12403: /usr/bin/g++ -E -I/home/jordan/dev/privateer/dependencies/include conftest.cpp
conftest.cpp:23:10: fatal error: ac_nonexistent.h: No such file or directory
   23 | #include <ac_nonexistent.h>
      |          ^~~~~~~~~~~~~~~~~~
compilation terminated.
configure:12403: $? = 1
configure: failed program was:
| /* confdefs.h */
| #define PACKAGE_NAME "mmdb2"
| #define PACKAGE_TARNAME "mmdb2"
| #define PACKAGE_VERSION "2.0.19"
| #define PACKAGE_STRING "mmdb2 2.0.19"
| #define PACKAGE_BUGREPORT ""
| #define PACKAGE_URL ""
| #define PACKAGE "mmdb2"
| #define VERSION "2.0.19"
| #define STDC_HEADERS 1
| #define HAVE_SYS_TYPES_H 1
| #define HAVE_SYS_STAT_H 1
| #define HAVE_STDLIB_H 1
| #define HAVE_STRING_H 1
| #define HAVE_MEMORY_H 1
| #define HAVE_STRINGS_H 1
| #define HAVE_INTTYPES_H 1
| #define HAVE_STDINT_H 1
| #define HAVE_UNISTD_H 1
| #define HAVE_DLFCN_H 1
| #define LT_OBJDIR ".libs/"
| /* end confdefs.h.  */
| #include <ac_nonexistent.h>
configure:12573: checking for ld used by /usr/bin/g++
configure:12640: result: /usr/bin/ld -m elf_x86_64
configure:12647: checking if the linker (/usr/bin/ld -m elf_x86_64) is GNU ld
configure:12662: result: yes
configure:12717: checking whether the /usr/bin/g++ linker (/usr/bin/ld -m elf_x86_64) supports shared libraries
configure:13721: result: yes
configure:13756: /usr/bin/g++ -c -g -O2 -w -std=c++11 -I/home/jordan/dev/privateer/dependencies/include conftest.cpp >&5
configure:13759: $? = 0
configure:14279: checking for /usr/bin/g++ option to produce PIC
configure:14286: result: -fPIC -DPIC
configure:14294: checking if /usr/bin/g++ PIC flag -fPIC -DPIC works
configure:14312: /usr/bin/g++ -c -g -O2 -w -std=c++11 -I/home/jordan/dev/privateer/dependencies/include -fPIC -DPIC -DPIC conftest.cpp >&5
configure:14316: $? = 0
configure:14329: result: yes
configure:14352: checking if /usr/bin/g++ static flag -static works
configure:14380: result: yes
configure:14392: checking if /usr/bin/g++ supports -c -o file.o
configure:14413: /usr/bin/g++ -c -g -O2 -w -std=c++11 -I/home/jordan/dev/privateer/dependencies/include -o out/conftest2.o conftest.cpp >&5
configure:14417: $? = 0
configure:14439: result: yes
configure:14444: checking if /usr/bin/g++ supports -c -o file.o
configure:14491: result: yes
configure:14521: checking whether the /usr/bin/g++ linker (/usr/bin/ld -m elf_x86_64) supports shared libraries
configure:14555: result: yes
configure:14698: checking dynamic linker characteristics
configure:15372: result: GNU/Linux ld.so
configure:15425: checking how to hardcode library paths into programs
configure:15450: result: immediate
configure:15508: /usr/bin/g++ -o conftest -g -O2 -w -std=c++11 -I/home/jordan/dev/privateer/dependencies/include -L/home/jordan/dev/privateer/dependencies/lib -L/home/jordan/dev/privateer/dependencies/lib64 conftest.cpp  >&5
configure:15508: $? = 0
configure:15523: checking whether to enable maintainer-specific portions of Makefiles
configure:15532: result: no
configure:15545: checking for library containing cos
configure:15576: /usr/bin/gcc -o conftest -g -O2 -w -I/home/jordan/dev/privateer/dependencies/include -L/home/jordan/dev/privateer/dependencies/lib -L/home/jordan/dev/privateer/dependencies/lib64 conftest.c  >&5
/usr/bin/ld: /tmp/cczTpMRy.o: in function `main':
/home/jordan/dev/privateer/dependencies/mmdb2/mmdb2-2.0.19/conftest.c:34: undefined reference to `cos'
collect2: error: ld returned 1 exit status
configure:15576: $? = 1
configure: failed program was:
| /* confdefs.h */
| #define PACKAGE_NAME "mmdb2"
| #define PACKAGE_TARNAME "mmdb2"
| #define PACKAGE_VERSION "2.0.19"
| #define PACKAGE_STRING "mmdb2 2.0.19"
| #define PACKAGE_BUGREPORT ""
| #define PACKAGE_URL ""
| #define PACKAGE "mmdb2"
| #define VERSION "2.0.19"
| #define STDC_HEADERS 1
| #define HAVE_SYS_TYPES_H 1
| #define HAVE_SYS_STAT_H 1
| #define HAVE_STDLIB_H 1
| #define HAVE_STRING_H 1
| #define HAVE_MEMORY_H 1
| #define HAVE_STRINGS_H 1
| #define HAVE_INTTYPES_H 1
| #define HAVE_STDINT_H 1
| #define HAVE_UNISTD_H 1
| #define HAVE_DLFCN_H 1
| #define LT_OBJDIR ".libs/"
| /* end confdefs.h.  */
| 
| /* Override any GCC internal prototype to avoid an error.
|    Use char because int might match the return type of a GCC
|    builtin and then its argument prototype would still apply.  */
| #ifdef __cplusplus
| extern "C"
| #endif
| char cos ();
| int
| main ()
| {
| return cos ();
|   ;
|   return 0;
| }
configure:15576: /usr/bin/gcc -o conftest -g -O2 -w -I/home/jordan/dev/privateer/dependencies/include -L/home/jordan/dev/privateer/dependencies/lib -L/home/jordan/dev/privateer/dependencies/lib64 conftest.c -lm   >&5
configure:15576: $? = 0
configure:15593: result: -lm
configure:15706: checking that generated files are newer than configure
configure:15712: result: done
configure:15743: creating ./config.status

## ---------------------- ##
## Running config.status. ##
## ---------------------- ##

This file was extended by mmdb2 config.status 2.0.19, which was
generated by GNU Autoconf 2.69.  Invocation command line was

  CONFIG_FILES    = 
  CONFIG_HEADERS  = 
  CONFIG_LINKS    = 
  CONFIG_COMMANDS = 
  $ ./config.status 

on spectre

config.status:1150: creating Makefile
config.status:1150: creating mmdb2.pc
config.status:1150: creating config.h
config.status:1379: executing depfiles commands
config.status:1456: cd .       && sed -e '/# am--include-marker/d' Makefile         | make -f - am--depfiles
config.status:1461: $? = 0
config.status:1379: executing libtool commands
configure:18242: WARNING: unrecognized options: --disable-Werror

## ---------------- ##
## Cache variables. ##
## ---------------- ##

ac_cv_build=x86_64-unknown-linux-gnu
ac_cv_c_compiler_gnu=yes
ac_cv_cxx_compiler_gnu=yes
ac_cv_env_CCC_set=
ac_cv_env_CCC_value=
ac_cv_env_CC_set=set
ac_cv_env_CC_value=/usr/bin/gcc
ac_cv_env_CFLAGS_set=set
ac_cv_env_CFLAGS_value='-g -O2 -w'
ac_cv_env_CPPFLAGS_set=set
ac_cv_env_CPPFLAGS_value=-I/home/jordan/dev/privateer/dependencies/include
ac_cv_env_CPP_set=
ac_cv_env_CPP_value=
ac_cv_env_CXXCPP_set=
ac_cv_env_CXXCPP_value=
ac_cv_env_CXXFLAGS_set=set
ac_cv_env_CXXFLAGS_value='-g -O2 -w -std=c++11'
ac_cv_env_CXX_set=set
ac_cv_env_CXX_value=/usr/bin/g++
ac_cv_env_LDFLAGS_set=set
ac_cv_env_LDFLAGS_value='-L/home/jordan/dev/privateer/dependencies/lib -L/home/jordan/dev/privateer/dependencies/lib64'
ac_cv_env_LIBS_set=
ac_cv_env_LIBS_value=
ac_cv_env_build_alias_set=
ac_cv_env_build_alias_value=
ac_cv_env_host_alias_set=
ac_cv_env_host_alias_value=
ac_cv_env_target_alias_set=
ac_cv_env_target_alias_value=
ac_cv_header_dlfcn_h=yes
ac_cv_header_inttypes_h=yes
ac_cv_header_memory_h=yes
ac_cv_header_stdc=yes
ac_cv_header_stdint_h=yes
ac_cv_header_stdlib_h=yes
ac_cv_header_string_h=yes
ac_cv_header_strings_h=yes
ac_cv_header_sys_stat_h=yes
ac_cv_header_sys_types_h=yes
ac_cv_header_unistd_h=yes
ac_cv_host=x86_64-unknown-linux-gnu
ac_cv_objext=o
ac_cv_path_EGREP='/usr/bin/grep -E'
ac_cv_path_FGREP='/usr/bin/grep -F'
ac_cv_path_GREP=/usr/bin/grep
ac_cv_path_SED=/usr/bin/sed
ac_cv_path_install='/usr/bin/install -c'
ac_cv_path_mkdir=/usr/bin/mkdir
ac_cv_prog_AWK=mawk
ac_cv_prog_CPP='/usr/bin/gcc -E'
ac_cv_prog_CXXCPP='/usr/bin/g++ -E'
ac_cv_prog_ac_ct_AR=ar
ac_cv_prog_ac_ct_CC=/usr/bin/gcc
ac_cv_prog_ac_ct_MANIFEST_TOOL=mt
ac_cv_prog_ac_ct_OBJDUMP=objdump
ac_cv_prog_ac_ct_RANLIB=ranlib
ac_cv_prog_ac_ct_STRIP=strip
ac_cv_prog_cc_c89=
ac_cv_prog_cc_g=yes
ac_cv_prog_cxx_g=yes
ac_cv_prog_make_make_set=yes
ac_cv_search_cos=-lm
am_cv_CC_dependencies_compiler_type=gcc3
am_cv_CXX_dependencies_compiler_type=gcc3
am_cv_ar_interface=ar
am_cv_make_support_nested_variables=yes
am_cv_prog_cc_c_o=yes
lt_cv_ar_at_file=@
lt_cv_archive_cmds_need_lc=no
lt_cv_deplibs_check_method=pass_all
lt_cv_file_magic_cmd='$MAGIC_CMD'
lt_cv_file_magic_test_file=
lt_cv_ld_reload_flag=-r
lt_cv_nm_interface='BSD nm'
lt_cv_objdir=.libs
lt_cv_path_LD=/usr/bin/ld
lt_cv_path_LDCXX='/usr/bin/ld -m elf_x86_64'
lt_cv_path_NM='/usr/bin/nm -B'
lt_cv_path_mainfest_tool=no
lt_cv_prog_compiler_c_o=yes
lt_cv_prog_compiler_c_o_CXX=yes
lt_cv_prog_compiler_pic='-fPIC -DPIC'
lt_cv_prog_compiler_pic_CXX='-fPIC -DPIC'
lt_cv_prog_compiler_pic_works=yes
lt_cv_prog_compiler_pic_works_CXX=yes
lt_cv_prog_compiler_rtti_exceptions=yes
lt_cv_prog_compiler_static_works=yes
lt_cv_prog_compiler_static_works_CXX=yes
lt_cv_prog_gnu_ld=yes
lt_cv_prog_gnu_ldcxx=yes
lt_cv_sharedlib_from_linklib_cmd='printf %s\n'
lt_cv_shlibpath_overrides_runpath=yes
lt_cv_sys_global_symbol_pipe='sed -n -e '\''s/^.*[	 ]\([ABCDGIRSTW][ABCDGIRSTW]*\)[	 ][	 ]*\([_A-Za-z][_A-Za-z0-9]*\)$/\1 \2 \2/p'\'' | sed '\''/ __gnu_lto/d'\'''
lt_cv_sys_global_symbol_to_c_name_address='sed -n -e '\''s/^: \([^ ]*\)[ ]*$/  {\"\1\", (void *) 0},/p'\'' -e '\''s/^[ABCDGIRSTW]* \([^ ]*\) \([^ ]*\)$/  {"\2", (void *) \&\2},/p'\'''
lt_cv_sys_global_symbol_to_c_name_address_lib_prefix='sed -n -e '\''s/^: \([^ ]*\)[ ]*$/  {\"\1\", (void *) 0},/p'\'' -e '\''s/^[ABCDGIRSTW]* \([^ ]*\) \(lib[^ ]*\)$/  {"\2", (void *) \&\2},/p'\'' -e '\''s/^[ABCDGIRSTW]* \([^ ]*\) \([^ ]*\)$/  {"lib\2", (void *) \&\2},/p'\'''
lt_cv_sys_global_symbol_to_cdecl='sed -n -e '\''s/^T .* \(.*\)$/extern int \1();/p'\'' -e '\''s/^[ABCDGIRSTW]* .* \(.*\)$/extern char \1;/p'\'''
lt_cv_sys_max_cmd_len=1572864
lt_cv_to_host_file_cmd=func_convert_file_noop
lt_cv_to_tool_file_cmd=func_convert_file_noop

## ----------------- ##
## Output variables. ##
## ----------------- ##

ACLOCAL='aclocal-1.16'
AMDEPBACKSLASH='\'
AMDEP_FALSE='#'
AMDEP_TRUE=''
AMTAR='$${TAR-tar}'
AM_BACKSLASH='\'
AM_DEFAULT_V='$(AM_DEFAULT_VERBOSITY)'
AM_DEFAULT_VERBOSITY='0'
AM_V='$(V)'
AR='ar'
AS='as'
AUTOCONF='autoconf'
AUTOHEADER='autoheader'
AUTOMAKE='automake-1.16'
AWK='mawk'
CC='/usr/bin/gcc'
CCDEPMODE='depmode=gcc3'
CFLAGS='-g -O2 -w'
CPP='/usr/bin/gcc -E'
CPPFLAGS='-I/home/jordan/dev/privateer/dependencies/include'
CXX='/usr/bin/g++'
CXXCPP='/usr/bin/g++ -E'
CXXDEPMODE='depmode=gcc3'
CXXFLAGS='-g -O2 -w -std=c++11'
CYGPATH_W='echo'
DEFS='-DHAVE_CONFIG_H'
DEPDIR='.deps'
DLLTOOL='false'
DSYMUTIL=''
DUMPBIN=''
ECHO_C=''
ECHO_N='-n'
ECHO_T=''
EGREP='/usr/bin/grep -E'
EXEEXT=''
FGREP='/usr/bin/grep -F'
GREP='/usr/bin/grep'
INSTALL_DATA='${INSTALL} -m 644'
INSTALL_PROGRAM='${INSTALL}'
INSTALL_SCRIPT='${INSTALL}'
INSTALL_STRIP_PROGRAM='$(install_sh) -c -s'
LD='/usr/bin/ld -m elf_x86_64'
LDFLAGS='-L/home/jordan/dev/privateer/dependencies/lib -L/home/jordan/dev/privateer/dependencies/lib64'
LIBOBJS=''
LIBS='-lm '
LIBTOOL='$(SHELL) $(top_builddir)/libtool'
LIPO=''
LN_S='ln -s'
LTLIBOBJS=''
MAINT='#'
MAINTAINER_MODE_FALSE=''
MAINTAINER_MODE_TRUE='#'
MAKEINFO='makeinfo'
MANIFEST_TOOL=':'
MKDIR_P='/usr/bin/mkdir -p'
NM='/usr/bin/nm -B'
NMEDIT=''
OBJDUMP='objdump'
OBJEXT='o'
OTOOL64=''
OTOOL=''
PACKAGE='mmdb2'
PACKAGE_BUGREPORT=''
PACKAGE_NAME='mmdb2'
PACKAGE_STRING='mmdb2 2.0.19'
PACKAGE_TARNAME='mmdb2'
PACKAGE_URL=''
PACKAGE_VERSION='2.0.19'
PATH_SEPARATOR=':'
RANLIB='ranlib'
SED='/usr/bin/sed'
SET_MAKE=''
SHELL='/bin/bash'
STRIP='strip'
VERSION='2.0.19'
ac_ct_AR='ar'
ac_ct_CC='/usr/bin/gcc'
ac_ct_CXX=''
ac_ct_DUMPBIN=''
am__EXEEXT_FALSE=''
am__EXEEXT_TRUE='#'
am__fastdepCC_FALSE='#'
am__fastdepCC_TRUE=''
am__fastdepCXX_FALSE='#'
am__fastdepCXX_TRUE=''
am__include='include'
am__isrc=''
am__leading_dot='.'
am__nodep='_no'
am__quote=''
am__tar='$${TAR-tar} chof - "$$tardir"'
am__untar='$${TAR-tar} xf -'
bindir='${exec_prefix}/bin'
build='x86_64-unknown-linux-gnu'
build_alias=''
build_cpu='x86_64'
build_os='linux-gnu'
build_vendor='unknown'
datadir='${datarootdir}'
datarootdir='${prefix}/share'
docdir='${datarootdir}/doc/${PACKAGE_TARNAME}'
dvidir='${docdir}'
exec_prefix='${prefix}'
host='x86_64-unknown-linux-gnu'
host_alias=''
host_cpu='x86_64'
host_os='linux-gnu'
host_vendor='unknown'
htmldir='${docdir}'
includedir='${prefix}/include'
infodir='${datarootdir}/info'
install_sh='${SHELL} /home/jordan/dev/privateer/dependencies/mmdb2/mmdb2-2.0.19/build-aux/install-sh'
libdir='${exec_prefix}/lib'
libexecdir='${exec_prefix}/libexec'
localedir='${datarootdir}/locale'
localstatedir='${prefix}/var'
mandir='${datarootdir}/man'
mkdir_p='$(MKDIR_P)'
oldincludedir='/usr/include'
pdfdir='${docdir}'
prefix='/home/jordan/dev/privateer/dependencies'
program_transform_name='s,x,x,'
psdir='${docdir}'
sbindir='${exec_prefix}/sbin'
sharedstatedir='${prefix}/com'
sysconfdir='${prefix}/etc'
target_alias=''

## ----------- ##
## confdefs.h. ##
## ----------- ##

/* confdefs.h */
#define PACKAGE_NAME "mmdb2"
#define PACKAGE_TARNAME "mmdb2"
#define PACKAGE_VERSION "2.0.19"
#define PACKAGE_STRING "mmdb2 2.0.19"
#define PACKAGE_BUGREPORT ""
#define PACKAGE_URL ""
#define PACKAGE "mmdb2"
#define VERSION "2.0.19"
#define STDC_HEADERS 1
#define HAVE_SYS_TYPES_H 1
#define HAVE_SYS_STAT_H 1
#define HAVE_STDLIB_H 1
#define HAVE_STRING_H 1
#define HAVE_MEMORY_H 1
#define HAVE_STRINGS_H 1
#define HAVE_INTTYPES_H 1
#define HAVE_STDINT_H 1
#define HAVE_UNISTD_H 1
#define HAVE_DLFCN_H 1
#define LT_OBJDIR ".libs/"

configure: exit 0
