This file contains any messages produced by compilers while
running configure, to aid debugging if configure makes a mistake.

It was created by libccp4 configure 8.0.0, which was
generated by GNU Autoconf 2.69.  Invocation command line was

  $ ./configure CXXFLAGS=-g -O2 -w -std=c++11 CCFLAGS=-g -O2 -w --prefix=/home/jordan/dev/privateer/dependencies --disable-Werror --enable-silent-rules --enable-shared --disable-static

## --------- ##
## Platform. ##
## --------- ##

hostname = spectre
uname -m = x86_64
uname -r = 6.2.0-31-generic
uname -s = Linux
uname -v = #31~22.04.1-Ubuntu SMP PREEMPT_DYNAMIC Wed Aug 16 13:45:26 UTC 2

/usr/bin/uname -p = x86_64
/bin/uname -X     = unknown

/bin/arch              = x86_64
/usr/bin/arch -k       = unknown
/usr/convex/getsysinfo = unknown
/usr/bin/hostinfo      = unknown
/bin/machine           = unknown
/usr/bin/oslevel       = unknown
/bin/universe          = unknown

PATH: /home/jordan/dev/privateer/pyenv/bin
PATH: /home/jordan/.nvm/versions/node/v18.17.0/bin
PATH: /home/jordan/miniconda3/condabin
PATH: /home/jordan/.local/bin
PATH: /home/jordan/.local/bin
PATH: /usr/local/sbin
PATH: /usr/local/bin
PATH: /usr/sbin
PATH: /usr/bin
PATH: /sbin
PATH: /bin
PATH: /usr/games
PATH: /usr/local/games
PATH: /snap/bin
PATH: /snap/bin
PATH: /home/jordan/.local/share/JetBrains/Toolbox/scripts
PATH: /home/jordan/.local/share/JetBrains/Toolbox/scripts


## ----------- ##
## Core tests. ##
## ----------- ##

configure:2403: checking for a BSD-compatible install
configure:2471: result: /usr/bin/install -c
configure:2482: checking whether build environment is sane
configure:2537: result: yes
configure:2688: checking for a thread-safe mkdir -p
configure:2727: result: /usr/bin/mkdir -p
configure:2734: checking for gawk
configure:2764: result: no
configure:2734: checking for mawk
configure:2750: found /usr/bin/mawk
configure:2761: result: mawk
configure:2772: checking whether make sets $(MAKE)
configure:2794: result: yes
configure:2823: checking whether make supports nested variables
configure:2840: result: yes
configure:2936: checking for style of include used by make
configure:2964: result: GNU
configure:3035: checking for gcc
configure:3062: result: /usr/bin/gcc
configure:3291: checking for C compiler version
configure:3300: /usr/bin/gcc --version >&5
gcc (Ubuntu 11.4.0-1ubuntu1~22.04) 11.4.0
Copyright (C) 2021 Free Software Foundation, Inc.
This is free software; see the source for copying conditions.  There is NO
warranty; not even for MERCHANTABILITY or FITNESS FOR A PARTICULAR PURPOSE.

configure:3311: $? = 0
configure:3300: /usr/bin/gcc -v >&5
Using built-in specs.
COLLECT_GCC=/usr/bin/gcc
COLLECT_LTO_WRAPPER=/usr/lib/gcc/x86_64-linux-gnu/11/lto-wrapper
OFFLOAD_TARGET_NAMES=nvptx-none:amdgcn-amdhsa
OFFLOAD_TARGET_DEFAULT=1
Target: x86_64-linux-gnu
Configured with: ../src/configure -v --with-pkgversion='Ubuntu 11.4.0-1ubuntu1~22.04' --with-bugurl=file:///usr/share/doc/gcc-11/README.Bugs --enable-languages=c,ada,c++,go,brig,d,fortran,objc,obj-c++,m2 --prefix=/usr --with-gcc-major-version-only --program-suffix=-11 --program-prefix=x86_64-linux-gnu- --enable-shared --enable-linker-build-id --libexecdir=/usr/lib --without-included-gettext --enable-threads=posix --libdir=/usr/lib --enable-nls --enable-bootstrap --enable-clocale=gnu --enable-libstdcxx-debug --enable-libstdcxx-time=yes --with-default-libstdcxx-abi=new --enable-gnu-unique-object --disable-vtable-verify --enable-plugin --enable-default-pie --with-system-zlib --enable-libphobos-checking=release --with-target-system-zlib=auto --enable-objc-gc=auto --enable-multiarch --disable-werror --enable-cet --with-arch-32=i686 --with-abi=m64 --with-multilib-list=m32,m64,mx32 --enable-multilib --with-tune=generic --enable-offload-targets=nvptx-none=/build/gcc-11-XeT9lY/gcc-11-11.4.0/debian/tmp-nvptx/usr,amdgcn-amdhsa=/build/gcc-11-XeT9lY/gcc-11-11.4.0/debian/tmp-gcn/usr --without-cuda-driver --enable-checking=release --build=x86_64-linux-gnu --host=x86_64-linux-gnu --target=x86_64-linux-gnu --with-build-config=bootstrap-lto-lean --enable-link-serialization=2
Thread model: posix
Supported LTO compression algorithms: zlib zstd
gcc version 11.4.0 (Ubuntu 11.4.0-1ubuntu1~22.04) 
... rest of stderr output deleted ...
configure:3311: $? = 0
configure:3300: /usr/bin/gcc -V >&5
gcc: error: unrecognized command-line option '-V'
gcc: fatal error: no input files
compilation terminated.
configure:3311: $? = 1
configure:3300: /usr/bin/gcc -qversion >&5
gcc: error: unrecognized command-line option '-qversion'; did you mean '--version'?
gcc: fatal error: no input files
compilation terminated.
configure:3311: $? = 1
configure:3331: checking whether the C compiler works
configure:3353: /usr/bin/gcc  -I/home/jordan/dev/privateer/dependencies/include -L/home/jordan/dev/privateer/dependencies/lib -L/home/jordan/dev/privateer/dependencies/lib64 conftest.c  >&5
configure:3357: $? = 0
configure:3405: result: yes
configure:3408: checking for C compiler default output file name
configure:3410: result: a.out
configure:3416: checking for suffix of executables
configure:3423: /usr/bin/gcc -o conftest  -I/home/jordan/dev/privateer/dependencies/include -L/home/jordan/dev/privateer/dependencies/lib -L/home/jordan/dev/privateer/dependencies/lib64 conftest.c  >&5
configure:3427: $? = 0
configure:3449: result: 
configure:3471: checking whether we are cross compiling
configure:3479: /usr/bin/gcc -o conftest  -I/home/jordan/dev/privateer/dependencies/include -L/home/jordan/dev/privateer/dependencies/lib -L/home/jordan/dev/privateer/dependencies/lib64 conftest.c  >&5
configure:3483: $? = 0
configure:3490: ./conftest
configure:3494: $? = 0
configure:3509: result: no
configure:3514: checking for suffix of object files
configure:3536: /usr/bin/gcc -c  -I/home/jordan/dev/privateer/dependencies/include conftest.c >&5
configure:3540: $? = 0
configure:3561: result: o
configure:3565: checking whether we are using the GNU C compiler
configure:3584: /usr/bin/gcc -c  -I/home/jordan/dev/privateer/dependencies/include conftest.c >&5
configure:3584: $? = 0
configure:3593: result: yes
configure:3602: checking whether /usr/bin/gcc accepts -g
configure:3622: /usr/bin/gcc -c -g -I/home/jordan/dev/privateer/dependencies/include conftest.c >&5
configure:3622: $? = 0
configure:3663: result: yes
configure:3680: checking for /usr/bin/gcc option to accept ISO C89
configure:3743: /usr/bin/gcc  -c -g -O2 -I/home/jordan/dev/privateer/dependencies/include conftest.c >&5
configure:3743: $? = 0
configure:3756: result: none needed
configure:3778: checking dependency style of /usr/bin/gcc
configure:3889: result: gcc3
configure:3954: checking for ar
configure:3970: found /usr/bin/ar
configure:3981: result: ar
configure:4007: checking the archiver (ar) interface
configure:4017: /usr/bin/gcc -c -g -O2 -I/home/jordan/dev/privateer/dependencies/include conftest.c >&5
configure:4017: $? = 0
configure:4019: ar cru libconftest.a conftest.o >&5
ar: `u' modifier ignored since `D' is the default (see `U')
configure:4022: $? = 0
configure:4045: result: ar
configure:4094: checking build system type
configure:4108: result: x86_64-unknown-linux-gnu
configure:4128: checking host system type
configure:4141: result: x86_64-unknown-linux-gnu
configure:4182: checking how to print strings
configure:4209: result: printf
configure:4230: checking for a sed that does not truncate output
configure:4294: result: /usr/bin/sed
configure:4312: checking for grep that handles long lines and -e
configure:4370: result: /usr/bin/grep
configure:4375: checking for egrep
configure:4437: result: /usr/bin/grep -E
configure:4442: checking for fgrep
configure:4504: result: /usr/bin/grep -F
configure:4539: checking for ld used by /usr/bin/gcc
configure:4606: result: /usr/bin/ld
configure:4613: checking if the linker (/usr/bin/ld) is GNU ld
configure:4628: result: yes
configure:4640: checking for BSD- or MS-compatible name lister (nm)
configure:4689: result: /usr/bin/nm -B
configure:4819: checking the name lister (/usr/bin/nm -B) interface
configure:4826: /usr/bin/gcc -c -g -O2 -I/home/jordan/dev/privateer/dependencies/include conftest.c >&5
configure:4829: /usr/bin/nm -B "conftest.o"
configure:4832: output
0000000000000000 B some_variable
configure:4839: result: BSD nm
configure:4842: checking whether ln -s works
configure:4846: result: yes
configure:4854: checking the maximum length of command line arguments
configure:4984: result: 1572864
configure:5001: checking whether the shell understands some XSI constructs
configure:5011: result: yes
configure:5015: checking whether the shell understands "+="
configure:5021: result: yes
configure:5056: checking how to convert x86_64-unknown-linux-gnu file names to x86_64-unknown-linux-gnu format
configure:5096: result: func_convert_file_noop
configure:5103: checking how to convert x86_64-unknown-linux-gnu file names to toolchain format
configure:5123: result: func_convert_file_noop
configure:5130: checking for /usr/bin/ld option to reload object files
configure:5137: result: -r
configure:5211: checking for objdump
configure:5227: found /usr/bin/objdump
configure:5238: result: objdump
configure:5267: checking how to recognize dependent libraries
configure:5469: result: pass_all
configure:5554: checking for dlltool
configure:5584: result: no
configure:5611: checking how to associate runtime and link libraries
configure:5638: result: printf %s\n
configure:5762: checking for archiver @FILE support
configure:5779: /usr/bin/gcc -c -g -O2 -I/home/jordan/dev/privateer/dependencies/include conftest.c >&5
configure:5779: $? = 0
configure:5782: ar cru libconftest.a @conftest.lst >&5
ar: `u' modifier ignored since `D' is the default (see `U')
configure:5785: $? = 0
configure:5790: ar cru libconftest.a @conftest.lst >&5
ar: `u' modifier ignored since `D' is the default (see `U')
ar: conftest.o: No such file or directory
configure:5793: $? = 1
configure:5805: result: @
configure:5863: checking for strip
configure:5879: found /usr/bin/strip
configure:5890: result: strip
configure:5962: checking for ranlib
configure:5978: found /usr/bin/ranlib
configure:5989: result: ranlib
configure:6091: checking command to parse /usr/bin/nm -B output from /usr/bin/gcc object
configure:6211: /usr/bin/gcc -c -g -O2 -I/home/jordan/dev/privateer/dependencies/include conftest.c >&5
configure:6214: $? = 0
configure:6218: /usr/bin/nm -B conftest.o \| sed -n -e 's/^.*[ ]\([ABCDGIRSTW][ABCDGIRSTW]*\)[ ][ ]*\([_A-Za-z][_A-Za-z0-9]*\)$/\1 \2 \2/p' | sed '/ __gnu_lto/d' \> conftest.nm
configure:6221: $? = 0
configure:6287: /usr/bin/gcc -o conftest -g -O2 -I/home/jordan/dev/privateer/dependencies/include -L/home/jordan/dev/privateer/dependencies/lib -L/home/jordan/dev/privateer/dependencies/lib64 conftest.c conftstm.o >&5
configure:6290: $? = 0
configure:6328: result: ok
configure:6365: checking for sysroot
configure:6395: result: no
configure:6472: /usr/bin/gcc -c -g -O2 -I/home/jordan/dev/privateer/dependencies/include conftest.c >&5
configure:6475: $? = 0
configure:6651: checking for mt
configure:6667: found /usr/bin/mt
configure:6678: result: mt
configure:6701: checking if mt is a manifest tool
configure:6707: mt '-?'
configure:6715: result: no
configure:7357: checking how to run the C preprocessor
configure:7388: /usr/bin/gcc -E -I/home/jordan/dev/privateer/dependencies/include conftest.c
configure:7388: $? = 0
configure:7402: /usr/bin/gcc -E -I/home/jordan/dev/privateer/dependencies/include conftest.c
conftest.c:11:10: fatal error: ac_nonexistent.h: No such file or directory
   11 | #include <ac_nonexistent.h>
      |          ^~~~~~~~~~~~~~~~~~
compilation terminated.
configure:7402: $? = 1
configure: failed program was:
| /* confdefs.h */
| #define PACKAGE_NAME "libccp4"
| #define PACKAGE_TARNAME "libccp4"
| #define PACKAGE_VERSION "8.0.0"
| #define PACKAGE_STRING "libccp4 8.0.0"
| #define PACKAGE_BUGREPORT ""
| #define PACKAGE_URL ""
| #define PACKAGE "libccp4"
| #define VERSION "8.0.0"
| /* end confdefs.h.  */
| #include <ac_nonexistent.h>
configure:7427: result: /usr/bin/gcc -E
configure:7447: /usr/bin/gcc -E -I/home/jordan/dev/privateer/dependencies/include conftest.c
configure:7447: $? = 0
configure:7461: /usr/bin/gcc -E -I/home/jordan/dev/privateer/dependencies/include conftest.c
conftest.c:11:10: fatal error: ac_nonexistent.h: No such file or directory
   11 | #include <ac_nonexistent.h>
      |          ^~~~~~~~~~~~~~~~~~
compilation terminated.
configure:7461: $? = 1
configure: failed program was:
| /* confdefs.h */
| #define PACKAGE_NAME "libccp4"
| #define PACKAGE_TARNAME "libccp4"
| #define PACKAGE_VERSION "8.0.0"
| #define PACKAGE_STRING "libccp4 8.0.0"
| #define PACKAGE_BUGREPORT ""
| #define PACKAGE_URL ""
| #define PACKAGE "libccp4"
| #define VERSION "8.0.0"
| /* end confdefs.h.  */
| #include <ac_nonexistent.h>
configure:7490: checking for ANSI C header files
configure:7510: /usr/bin/gcc -c -g -O2 -I/home/jordan/dev/privateer/dependencies/include conftest.c >&5
configure:7510: $? = 0
configure:7583: /usr/bin/gcc -o conftest -g -O2 -I/home/jordan/dev/privateer/dependencies/include -L/home/jordan/dev/privateer/dependencies/lib -L/home/jordan/dev/privateer/dependencies/lib64 conftest.c  >&5
configure:7583: $? = 0
configure:7583: ./conftest
configure:7583: $? = 0
configure:7594: result: yes
configure:7607: checking for sys/types.h
configure:7607: /usr/bin/gcc -c -g -O2 -I/home/jordan/dev/privateer/dependencies/include conftest.c >&5
configure:7607: $? = 0
configure:7607: result: yes
configure:7607: checking for sys/stat.h
configure:7607: /usr/bin/gcc -c -g -O2 -I/home/jordan/dev/privateer/dependencies/include conftest.c >&5
configure:7607: $? = 0
configure:7607: result: yes
configure:7607: checking for stdlib.h
configure:7607: /usr/bin/gcc -c -g -O2 -I/home/jordan/dev/privateer/dependencies/include conftest.c >&5
configure:7607: $? = 0
configure:7607: result: yes
configure:7607: checking for string.h
configure:7607: /usr/bin/gcc -c -g -O2 -I/home/jordan/dev/privateer/dependencies/include conftest.c >&5
configure:7607: $? = 0
configure:7607: result: yes
configure:7607: checking for memory.h
configure:7607: /usr/bin/gcc -c -g -O2 -I/home/jordan/dev/privateer/dependencies/include conftest.c >&5
configure:7607: $? = 0
configure:7607: result: yes
configure:7607: checking for strings.h
configure:7607: /usr/bin/gcc -c -g -O2 -I/home/jordan/dev/privateer/dependencies/include conftest.c >&5
configure:7607: $? = 0
configure:7607: result: yes
configure:7607: checking for inttypes.h
configure:7607: /usr/bin/gcc -c -g -O2 -I/home/jordan/dev/privateer/dependencies/include conftest.c >&5
configure:7607: $? = 0
configure:7607: result: yes
configure:7607: checking for stdint.h
configure:7607: /usr/bin/gcc -c -g -O2 -I/home/jordan/dev/privateer/dependencies/include conftest.c >&5
configure:7607: $? = 0
configure:7607: result: yes
configure:7607: checking for unistd.h
configure:7607: /usr/bin/gcc -c -g -O2 -I/home/jordan/dev/privateer/dependencies/include conftest.c >&5
configure:7607: $? = 0
configure:7607: result: yes
configure:7621: checking for dlfcn.h
configure:7621: /usr/bin/gcc -c -g -O2 -I/home/jordan/dev/privateer/dependencies/include conftest.c >&5
configure:7621: $? = 0
configure:7621: result: yes
configure:8124: checking for objdir
configure:8139: result: .libs
configure:8410: checking if /usr/bin/gcc supports -fno-rtti -fno-exceptions
configure:8428: /usr/bin/gcc -c -g -O2 -I/home/jordan/dev/privateer/dependencies/include -fno-rtti -fno-exceptions conftest.c >&5
cc1: warning: command-line option '-fno-rtti' is valid for C++/D/ObjC++ but not for C
configure:8432: $? = 0
configure:8445: result: no
configure:8772: checking for /usr/bin/gcc option to produce PIC
configure:8779: result: -fPIC -DPIC
configure:8787: checking if /usr/bin/gcc PIC flag -fPIC -DPIC works
configure:8805: /usr/bin/gcc -c -g -O2 -I/home/jordan/dev/privateer/dependencies/include -fPIC -DPIC -DPIC conftest.c >&5
configure:8809: $? = 0
configure:8822: result: yes
configure:8851: checking if /usr/bin/gcc static flag -static works
configure:8879: result: yes
configure:8894: checking if /usr/bin/gcc supports -c -o file.o
configure:8915: /usr/bin/gcc -c -g -O2 -I/home/jordan/dev/privateer/dependencies/include -o out/conftest2.o conftest.c >&5
configure:8919: $? = 0
configure:8941: result: yes
configure:8949: checking if /usr/bin/gcc supports -c -o file.o
configure:8996: result: yes
configure:9029: checking whether the /usr/bin/gcc linker (/usr/bin/ld -m elf_x86_64) supports shared libraries
configure:10182: result: yes
configure:10219: checking whether -lc should be explicitly linked in
configure:10227: /usr/bin/gcc -c -g -O2 -I/home/jordan/dev/privateer/dependencies/include conftest.c >&5
configure:10230: $? = 0
configure:10245: /usr/bin/gcc -shared  -fPIC -DPIC conftest.o  -v -Wl,-soname -Wl,conftest -o conftest 2\>\&1 \| /usr/bin/grep  -lc  \>/dev/null 2\>\&1
configure:10248: $? = 0
configure:10262: result: no
configure:10422: checking dynamic linker characteristics
configure:10933: /usr/bin/gcc -o conftest -g -O2 -I/home/jordan/dev/privateer/dependencies/include -L/home/jordan/dev/privateer/dependencies/lib -L/home/jordan/dev/privateer/dependencies/lib64 -Wl,-rpath -Wl,/foo conftest.c  >&5
configure:10933: $? = 0
configure:11155: result: GNU/Linux ld.so
configure:11262: checking how to hardcode library paths into programs
configure:11287: result: immediate
configure:11827: checking whether stripping libraries is possible
configure:11832: result: yes
configure:11867: checking if libtool supports shared libraries
configure:11869: result: yes
configure:11872: checking whether to build shared libraries
configure:11893: result: yes
configure:11896: checking whether to build static libraries
configure:11900: result: no
configure:11986: checking for gcc
configure:12013: result: /usr/bin/gcc
configure:12242: checking for C compiler version
configure:12251: /usr/bin/gcc --version >&5
gcc (Ubuntu 11.4.0-1ubuntu1~22.04) 11.4.0
Copyright (C) 2021 Free Software Foundation, Inc.
This is free software; see the source for copying conditions.  There is NO
warranty; not even for MERCHANTABILITY or FITNESS FOR A PARTICULAR PURPOSE.

configure:12262: $? = 0
configure:12251: /usr/bin/gcc -v >&5
Using built-in specs.
COLLECT_GCC=/usr/bin/gcc
COLLECT_LTO_WRAPPER=/usr/lib/gcc/x86_64-linux-gnu/11/lto-wrapper
OFFLOAD_TARGET_NAMES=nvptx-none:amdgcn-amdhsa
OFFLOAD_TARGET_DEFAULT=1
Target: x86_64-linux-gnu
Configured with: ../src/configure -v --with-pkgversion='Ubuntu 11.4.0-1ubuntu1~22.04' --with-bugurl=file:///usr/share/doc/gcc-11/README.Bugs --enable-languages=c,ada,c++,go,brig,d,fortran,objc,obj-c++,m2 --prefix=/usr --with-gcc-major-version-only --program-suffix=-11 --program-prefix=x86_64-linux-gnu- --enable-shared --enable-linker-build-id --libexecdir=/usr/lib --without-included-gettext --enable-threads=posix --libdir=/usr/lib --enable-nls --enable-bootstrap --enable-clocale=gnu --enable-libstdcxx-debug --enable-libstdcxx-time=yes --with-default-libstdcxx-abi=new --enable-gnu-unique-object --disable-vtable-verify --enable-plugin --enable-default-pie --with-system-zlib --enable-libphobos-checking=release --with-target-system-zlib=auto --enable-objc-gc=auto --enable-multiarch --disable-werror --enable-cet --with-arch-32=i686 --with-abi=m64 --with-multilib-list=m32,m64,mx32 --enable-multilib --with-tune=generic --enable-offload-targets=nvptx-none=/build/gcc-11-XeT9lY/gcc-11-11.4.0/debian/tmp-nvptx/usr,amdgcn-amdhsa=/build/gcc-11-XeT9lY/gcc-11-11.4.0/debian/tmp-gcn/usr --without-cuda-driver --enable-checking=release --build=x86_64-linux-gnu --host=x86_64-linux-gnu --target=x86_64-linux-gnu --with-build-config=bootstrap-lto-lean --enable-link-serialization=2
Thread model: posix
Supported LTO compression algorithms: zlib zstd
gcc version 11.4.0 (Ubuntu 11.4.0-1ubuntu1~22.04) 
... rest of stderr output deleted ...
configure:12262: $? = 0
configure:12251: /usr/bin/gcc -V >&5
gcc: error: unrecognized command-line option '-V'
gcc: fatal error: no input files
compilation terminated.
configure:12262: $? = 1
configure:12251: /usr/bin/gcc -qversion >&5
gcc: error: unrecognized command-line option '-qversion'; did you mean '--version'?
gcc: fatal error: no input files
compilation terminated.
configure:12262: $? = 1
configure:12266: checking whether we are using the GNU C compiler
configure:12294: result: yes
configure:12303: checking whether /usr/bin/gcc accepts -g
configure:12364: result: yes
configure:12381: checking for /usr/bin/gcc option to accept ISO C89
configure:12457: result: none needed
configure:12479: checking dependency style of /usr/bin/gcc
configure:12590: result: gcc3
configure:12717: checking for C++ compiler version
configure:12726: /usr/bin/g++ --version >&5
g++ (Ubuntu 11.4.0-1ubuntu1~22.04) 11.4.0
Copyright (C) 2021 Free Software Foundation, Inc.
This is free software; see the source for copying conditions.  There is NO
warranty; not even for MERCHANTABILITY or FITNESS FOR A PARTICULAR PURPOSE.

configure:12737: $? = 0
configure:12726: /usr/bin/g++ -v >&5
Using built-in specs.
COLLECT_GCC=/usr/bin/g++
COLLECT_LTO_WRAPPER=/usr/lib/gcc/x86_64-linux-gnu/11/lto-wrapper
OFFLOAD_TARGET_NAMES=nvptx-none:amdgcn-amdhsa
OFFLOAD_TARGET_DEFAULT=1
Target: x86_64-linux-gnu
Configured with: ../src/configure -v --with-pkgversion='Ubuntu 11.4.0-1ubuntu1~22.04' --with-bugurl=file:///usr/share/doc/gcc-11/README.Bugs --enable-languages=c,ada,c++,go,brig,d,fortran,objc,obj-c++,m2 --prefix=/usr --with-gcc-major-version-only --program-suffix=-11 --program-prefix=x86_64-linux-gnu- --enable-shared --enable-linker-build-id --libexecdir=/usr/lib --without-included-gettext --enable-threads=posix --libdir=/usr/lib --enable-nls --enable-bootstrap --enable-clocale=gnu --enable-libstdcxx-debug --enable-libstdcxx-time=yes --with-default-libstdcxx-abi=new --enable-gnu-unique-object --disable-vtable-verify --enable-plugin --enable-default-pie --with-system-zlib --enable-libphobos-checking=release --with-target-system-zlib=auto --enable-objc-gc=auto --enable-multiarch --disable-werror --enable-cet --with-arch-32=i686 --with-abi=m64 --with-multilib-list=m32,m64,mx32 --enable-multilib --with-tune=generic --enable-offload-targets=nvptx-none=/build/gcc-11-XeT9lY/gcc-11-11.4.0/debian/tmp-nvptx/usr,amdgcn-amdhsa=/build/gcc-11-XeT9lY/gcc-11-11.4.0/debian/tmp-gcn/usr --without-cuda-driver --enable-checking=release --build=x86_64-linux-gnu --host=x86_64-linux-gnu --target=x86_64-linux-gnu --with-build-config=bootstrap-lto-lean --enable-link-serialization=2
Thread model: posix
Supported LTO compression algorithms: zlib zstd
gcc version 11.4.0 (Ubuntu 11.4.0-1ubuntu1~22.04) 
... rest of stderr output deleted ...
configure:12737: $? = 0
configure:12726: /usr/bin/g++ -V >&5
g++: error: unrecognized command-line option '-V'
g++: fatal error: no input files
compilation terminated.
configure:12737: $? = 1
configure:12726: /usr/bin/g++ -qversion >&5
g++: error: unrecognized command-line option '-qversion'; did you mean '--version'?
g++: fatal error: no input files
compilation terminated.
configure:12737: $? = 1
configure:12741: checking whether we are using the GNU C++ compiler
configure:12760: /usr/bin/g++ -c -g -O2 -w -std=c++11 -I/home/jordan/dev/privateer/dependencies/include conftest.cpp >&5
configure:12760: $? = 0
configure:12769: result: yes
configure:12778: checking whether /usr/bin/g++ accepts -g
configure:12798: /usr/bin/g++ -c -g -I/home/jordan/dev/privateer/dependencies/include conftest.cpp >&5
configure:12798: $? = 0
configure:12839: result: yes
configure:12864: checking dependency style of /usr/bin/g++
configure:12975: result: gcc3
configure:13008: checking how to run the C++ preprocessor
configure:13035: /usr/bin/g++ -E -I/home/jordan/dev/privateer/dependencies/include conftest.cpp
configure:13035: $? = 0
configure:13049: /usr/bin/g++ -E -I/home/jordan/dev/privateer/dependencies/include conftest.cpp
conftest.cpp:23:10: fatal error: ac_nonexistent.h: No such file or directory
   23 | #include <ac_nonexistent.h>
      |          ^~~~~~~~~~~~~~~~~~
compilation terminated.
configure:13049: $? = 1
configure: failed program was:
| /* confdefs.h */
| #define PACKAGE_NAME "libccp4"
| #define PACKAGE_TARNAME "libccp4"
| #define PACKAGE_VERSION "8.0.0"
| #define PACKAGE_STRING "libccp4 8.0.0"
| #define PACKAGE_BUGREPORT ""
| #define PACKAGE_URL ""
| #define PACKAGE "libccp4"
| #define VERSION "8.0.0"
| #define STDC_HEADERS 1
| #define HAVE_SYS_TYPES_H 1
| #define HAVE_SYS_STAT_H 1
| #define HAVE_STDLIB_H 1
| #define HAVE_STRING_H 1
| #define HAVE_MEMORY_H 1
| #define HAVE_STRINGS_H 1
| #define HAVE_INTTYPES_H 1
| #define HAVE_STDINT_H 1
| #define HAVE_UNISTD_H 1
| #define HAVE_DLFCN_H 1
| #define LT_OBJDIR ".libs/"
| /* end confdefs.h.  */
| #include <ac_nonexistent.h>
configure:13074: result: /usr/bin/g++ -E
configure:13094: /usr/bin/g++ -E -I/home/jordan/dev/privateer/dependencies/include conftest.cpp
configure:13094: $? = 0
configure:13108: /usr/bin/g++ -E -I/home/jordan/dev/privateer/dependencies/include conftest.cpp
conftest.cpp:23:10: fatal error: ac_nonexistent.h: No such file or directory
   23 | #include <ac_nonexistent.h>
      |          ^~~~~~~~~~~~~~~~~~
compilation terminated.
configure:13108: $? = 1
configure: failed program was:
| /* confdefs.h */
| #define PACKAGE_NAME "libccp4"
| #define PACKAGE_TARNAME "libccp4"
| #define PACKAGE_VERSION "8.0.0"
| #define PACKAGE_STRING "libccp4 8.0.0"
| #define PACKAGE_BUGREPORT ""
| #define PACKAGE_URL ""
| #define PACKAGE "libccp4"
| #define VERSION "8.0.0"
| #define STDC_HEADERS 1
| #define HAVE_SYS_TYPES_H 1
| #define HAVE_SYS_STAT_H 1
| #define HAVE_STDLIB_H 1
| #define HAVE_STRING_H 1
| #define HAVE_MEMORY_H 1
| #define HAVE_STRINGS_H 1
| #define HAVE_INTTYPES_H 1
| #define HAVE_STDINT_H 1
| #define HAVE_UNISTD_H 1
| #define HAVE_DLFCN_H 1
| #define LT_OBJDIR ".libs/"
| /* end confdefs.h.  */
| #include <ac_nonexistent.h>
configure:13277: checking for ld used by /usr/bin/g++
configure:13344: result: /usr/bin/ld -m elf_x86_64
configure:13351: checking if the linker (/usr/bin/ld -m elf_x86_64) is GNU ld
configure:13366: result: yes
configure:13421: checking whether the /usr/bin/g++ linker (/usr/bin/ld -m elf_x86_64) supports shared libraries
configure:14426: result: yes
configure:14462: /usr/bin/g++ -c -g -O2 -w -std=c++11 -I/home/jordan/dev/privateer/dependencies/include conftest.cpp >&5
configure:14465: $? = 0
configure:14985: checking for /usr/bin/g++ option to produce PIC
configure:14992: result: -fPIC -DPIC
configure:15000: checking if /usr/bin/g++ PIC flag -fPIC -DPIC works
configure:15018: /usr/bin/g++ -c -g -O2 -w -std=c++11 -I/home/jordan/dev/privateer/dependencies/include -fPIC -DPIC -DPIC conftest.cpp >&5
configure:15022: $? = 0
configure:15035: result: yes
configure:15058: checking if /usr/bin/g++ static flag -static works
configure:15086: result: yes
configure:15098: checking if /usr/bin/g++ supports -c -o file.o
configure:15119: /usr/bin/g++ -c -g -O2 -w -std=c++11 -I/home/jordan/dev/privateer/dependencies/include -o out/conftest2.o conftest.cpp >&5
configure:15123: $? = 0
configure:15145: result: yes
configure:15150: checking if /usr/bin/g++ supports -c -o file.o
configure:15197: result: yes
configure:15227: checking whether the /usr/bin/g++ linker (/usr/bin/ld -m elf_x86_64) supports shared libraries
configure:15263: result: yes
configure:15404: checking dynamic linker characteristics
configure:16072: result: GNU/Linux ld.so
configure:16125: checking how to hardcode library paths into programs
configure:16150: result: immediate
configure:16193: checking whether to enable maintainer-specific portions of Makefiles
configure:16202: result: no
configure:16285: checking for xlf90
configure:16315: result: no
configure:16285: checking for f90
configure:16315: result: no
configure:16285: checking for pgf90
configure:16315: result: no
configure:16285: checking for pghpf
configure:16315: result: no
configure:16285: checking for epcf90
configure:16315: result: no
configure:16285: checking for gfortran
configure:16301: found /usr/bin/gfortran
configure:16312: result: gfortran
configure:16338: checking for Fortran 77 compiler version
configure:16347: gfortran --version >&5
GNU Fortran (Ubuntu 11.4.0-1ubuntu1~22.04) 11.4.0
Copyright (C) 2021 Free Software Foundation, Inc.
This is free software; see the source for copying conditions.  There is NO
warranty; not even for MERCHANTABILITY or FITNESS FOR A PARTICULAR PURPOSE.

configure:16358: $? = 0
configure:16347: gfortran -v >&5
Using built-in specs.
COLLECT_GCC=gfortran
COLLECT_LTO_WRAPPER=/usr/lib/gcc/x86_64-linux-gnu/11/lto-wrapper
OFFLOAD_TARGET_NAMES=nvptx-none:amdgcn-amdhsa
OFFLOAD_TARGET_DEFAULT=1
Target: x86_64-linux-gnu
Configured with: ../src/configure -v --with-pkgversion='Ubuntu 11.4.0-1ubuntu1~22.04' --with-bugurl=file:///usr/share/doc/gcc-11/README.Bugs --enable-languages=c,ada,c++,go,brig,d,fortran,objc,obj-c++,m2 --prefix=/usr --with-gcc-major-version-only --program-suffix=-11 --program-prefix=x86_64-linux-gnu- --enable-shared --enable-linker-build-id --libexecdir=/usr/lib --without-included-gettext --enable-threads=posix --libdir=/usr/lib --enable-nls --enable-bootstrap --enable-clocale=gnu --enable-libstdcxx-debug --enable-libstdcxx-time=yes --with-default-libstdcxx-abi=new --enable-gnu-unique-object --disable-vtable-verify --enable-plugin --enable-default-pie --with-system-zlib --enable-libphobos-checking=release --with-target-system-zlib=auto --enable-objc-gc=auto --enable-multiarch --disable-werror --enable-cet --with-arch-32=i686 --with-abi=m64 --with-multilib-list=m32,m64,mx32 --enable-multilib --with-tune=generic --enable-offload-targets=nvptx-none=/build/gcc-11-XeT9lY/gcc-11-11.4.0/debian/tmp-nvptx/usr,amdgcn-amdhsa=/build/gcc-11-XeT9lY/gcc-11-11.4.0/debian/tmp-gcn/usr --without-cuda-driver --enable-checking=release --build=x86_64-linux-gnu --host=x86_64-linux-gnu --target=x86_64-linux-gnu --with-build-config=bootstrap-lto-lean --enable-link-serialization=2
Thread model: posix
Supported LTO compression algorithms: zlib zstd
gcc version 11.4.0 (Ubuntu 11.4.0-1ubuntu1~22.04) 
... rest of stderr output deleted ...
configure:16358: $? = 0
configure:16347: gfortran -V >&5
gfortran: error: unrecognized command-line option '-V'
gfortran: fatal error: no input files
compilation terminated.
configure:16358: $? = 1
configure:16347: gfortran -qversion >&5
gfortran: error: unrecognized command-line option '-qversion'; did you mean '--version'?
gfortran: fatal error: no input files
compilation terminated.
configure:16358: $? = 1
configure:16367: checking whether we are using the GNU Fortran 77 compiler
configure:16380: gfortran -c  conftest.F >&5
configure:16380: $? = 0
configure:16389: result: yes
configure:16395: checking whether gfortran accepts -g
configure:16406: gfortran -c -g conftest.f >&5
configure:16406: $? = 0
configure:16414: result: yes
configure:16550: checking if libtool supports shared libraries
configure:16552: result: yes
configure:16555: checking whether to build shared libraries
configure:16575: result: yes
configure:16578: checking whether to build static libraries
configure:16582: result: no
configure:16903: checking for gfortran option to produce PIC
configure:16910: result: -fPIC
configure:16918: checking if gfortran PIC flag -fPIC works
configure:16936: gfortran -c -g -O2 -fPIC conftest.f >&5
configure:16940: $? = 0
configure:16953: result: yes
configure:16976: checking if gfortran static flag -static works
configure:17004: result: yes
configure:17016: checking if gfortran supports -c -o file.o
configure:17037: gfortran -c -g -O2 -o out/conftest2.o conftest.f >&5
configure:17041: $? = 0
configure:17063: result: yes
configure:17068: checking if gfortran supports -c -o file.o
configure:17115: result: yes
configure:17145: checking whether the gfortran linker (/usr/bin/ld -m elf_x86_64) supports shared libraries
configure:18248: result: yes
configure:18389: checking dynamic linker characteristics
configure:19050: result: GNU/Linux ld.so
configure:19103: checking how to hardcode library paths into programs
configure:19128: result: immediate
configure:19172: gfortran -o conftest -g -O2 -L/home/jordan/dev/privateer/dependencies/lib -L/home/jordan/dev/privateer/dependencies/lib64 conftest.f  >&5
configure:19172: $? = 0
configure:19187: checking for m4
configure:19205: found /usr/bin/m4
configure:19217: result: /usr/bin/m4
configure:19315: /usr/bin/gcc -c -g -O2 -I/home/jordan/dev/privateer/dependencies/include conftest.c >&5
conftest.c: In function 'main':
conftest.c:28:8: error: '_WIN32' undeclared (first use in this function)
   28 | return _WIN32;
      |        ^~~~~~
conftest.c:28:8: note: each undeclared identifier is reported only once for each function it appears in
configure:19315: $? = 1
configure: failed program was:
| /* confdefs.h */
| #define PACKAGE_NAME "libccp4"
| #define PACKAGE_TARNAME "libccp4"
| #define PACKAGE_VERSION "8.0.0"
| #define PACKAGE_STRING "libccp4 8.0.0"
| #define PACKAGE_BUGREPORT ""
| #define PACKAGE_URL ""
| #define PACKAGE "libccp4"
| #define VERSION "8.0.0"
| #define STDC_HEADERS 1
| #define HAVE_SYS_TYPES_H 1
| #define HAVE_SYS_STAT_H 1
| #define HAVE_STDLIB_H 1
| #define HAVE_STRING_H 1
| #define HAVE_MEMORY_H 1
| #define HAVE_STRINGS_H 1
| #define HAVE_INTTYPES_H 1
| #define HAVE_STDINT_H 1
| #define HAVE_UNISTD_H 1
| #define HAVE_DLFCN_H 1
| #define LT_OBJDIR ".libs/"
| #define GFORTRAN 1
| /* end confdefs.h.  */
| 
| int
| main ()
| {
| return _WIN32;
|   ;
|   return 0;
| }
configure:19320: fortran/unix.m4 will be processed with m4 -D_gfort=1
configure:19323: checking for library containing cos
configure:19354: /usr/bin/gcc -o conftest -g -O2 -I/home/jordan/dev/privateer/dependencies/include -L/home/jordan/dev/privateer/dependencies/lib -L/home/jordan/dev/privateer/dependencies/lib64 conftest.c  >&5
conftest.c:31:6: warning: conflicting types for built-in function 'cos'; expected 'double(double)' [-Wbuiltin-declaration-mismatch]
   31 | char cos ();
      |      ^~~
conftest.c:1:1: note: 'cos' is declared in header '<math.h>'
    1 | /* confdefs.h */
/usr/bin/ld: /tmp/ccMw91eC.o: in function `main':
/home/jordan/dev/privateer/dependencies/libccp4/trunk/conftest.c:35: undefined reference to `cos'
collect2: error: ld returned 1 exit status
configure:19354: $? = 1
configure: failed program was:
| /* confdefs.h */
| #define PACKAGE_NAME "libccp4"
| #define PACKAGE_TARNAME "libccp4"
| #define PACKAGE_VERSION "8.0.0"
| #define PACKAGE_STRING "libccp4 8.0.0"
| #define PACKAGE_BUGREPORT ""
| #define PACKAGE_URL ""
| #define PACKAGE "libccp4"
| #define VERSION "8.0.0"
| #define STDC_HEADERS 1
| #define HAVE_SYS_TYPES_H 1
| #define HAVE_SYS_STAT_H 1
| #define HAVE_STDLIB_H 1
| #define HAVE_STRING_H 1
| #define HAVE_MEMORY_H 1
| #define HAVE_STRINGS_H 1
| #define HAVE_INTTYPES_H 1
| #define HAVE_STDINT_H 1
| #define HAVE_UNISTD_H 1
| #define HAVE_DLFCN_H 1
| #define LT_OBJDIR ".libs/"
| #define GFORTRAN 1
| /* end confdefs.h.  */
| 
| /* Override any GCC internal prototype to avoid an error.
|    Use char because int might match the return type of a GCC
|    builtin and then its argument prototype would still apply.  */
| #ifdef __cplusplus
| extern "C"
| #endif
| char cos ();
| int
| main ()
| {
| return cos ();
|   ;
|   return 0;
| }
configure:19354: /usr/bin/gcc -o conftest -g -O2 -I/home/jordan/dev/privateer/dependencies/include -L/home/jordan/dev/privateer/dependencies/lib -L/home/jordan/dev/privateer/dependencies/lib64 conftest.c -lm   >&5
conftest.c:31:6: warning: conflicting types for built-in function 'cos'; expected 'double(double)' [-Wbuiltin-declaration-mismatch]
   31 | char cos ();
      |      ^~~
conftest.c:1:1: note: 'cos' is declared in header '<math.h>'
    1 | /* confdefs.h */
configure:19354: $? = 0
configure:19371: result: -lm
configure:19387: checking for MMDB_CCIF_Init in -lmmdb2
configure:19412: /usr/bin/g++ -o conftest -g -O2 -w -std=c++11 -I/home/jordan/dev/privateer/dependencies/include -L/home/jordan/dev/privateer/dependencies/lib -L/home/jordan/dev/privateer/dependencies/lib64 conftest.cpp -lmmdb2  -lm  >&5
configure:19412: $? = 0
configure:19421: result: yes
configure:19442: checking whether Fortran 77 compiler accepts -fallow-argument-mismatch
configure:19455: gfortran -c -g -O2 -Werror -fallow-argument-mismatch conftest.f >&5
configure:19455: $? = 0
configure:19463: result: yes
configure:19605: checking that generated files are newer than configure
configure:19611: result: done
configure:19654: creating ./config.status

## ---------------------- ##
## Running config.status. ##
## ---------------------- ##

This file was extended by libccp4 config.status 8.0.0, which was
generated by GNU Autoconf 2.69.  Invocation command line was

  CONFIG_FILES    = 
  CONFIG_HEADERS  = 
  CONFIG_LINKS    = 
  CONFIG_COMMANDS = 
  $ ./config.status 

on spectre

config.status:1214: creating Makefile
config.status:1214: creating ccp4c.pc
config.status:1214: creating ccp4f.pc
config.status:1214: creating config.h
config.status:1443: executing depfiles commands
config.status:1443: executing libtool commands
configure:22385: WARNING: unrecognized options: --disable-Werror

## ---------------- ##
## Cache variables. ##
## ---------------- ##

ac_cv_build=x86_64-unknown-linux-gnu
ac_cv_c_compiler_gnu=yes
ac_cv_cxx_compiler_gnu=yes
ac_cv_env_CCC_set=
ac_cv_env_CCC_value=
ac_cv_env_CC_set=set
ac_cv_env_CC_value=/usr/bin/gcc
ac_cv_env_CFLAGS_set=
ac_cv_env_CFLAGS_value=
ac_cv_env_CPPFLAGS_set=set
ac_cv_env_CPPFLAGS_value=-I/home/jordan/dev/privateer/dependencies/include
ac_cv_env_CPP_set=
ac_cv_env_CPP_value=
ac_cv_env_CXXCPP_set=
ac_cv_env_CXXCPP_value=
ac_cv_env_CXXFLAGS_set=set
ac_cv_env_CXXFLAGS_value='-g -O2 -w -std=c++11'
ac_cv_env_CXX_set=set
ac_cv_env_CXX_value=/usr/bin/g++
ac_cv_env_F77_set=
ac_cv_env_F77_value=
ac_cv_env_FFLAGS_set=
ac_cv_env_FFLAGS_value=
ac_cv_env_LDFLAGS_set=set
ac_cv_env_LDFLAGS_value='-L/home/jordan/dev/privateer/dependencies/lib -L/home/jordan/dev/privateer/dependencies/lib64'
ac_cv_env_LIBS_set=
ac_cv_env_LIBS_value=
ac_cv_env_build_alias_set=
ac_cv_env_build_alias_value=
ac_cv_env_host_alias_set=
ac_cv_env_host_alias_value=
ac_cv_env_target_alias_set=
ac_cv_env_target_alias_value=
ac_cv_f77_compiler_gnu=yes
ac_cv_header_dlfcn_h=yes
ac_cv_header_inttypes_h=yes
ac_cv_header_memory_h=yes
ac_cv_header_stdc=yes
ac_cv_header_stdint_h=yes
ac_cv_header_stdlib_h=yes
ac_cv_header_string_h=yes
ac_cv_header_strings_h=yes
ac_cv_header_sys_stat_h=yes
ac_cv_header_sys_types_h=yes
ac_cv_header_unistd_h=yes
ac_cv_host=x86_64-unknown-linux-gnu
ac_cv_lib_mmdb2_MMDB_CCIF_Init=yes
ac_cv_objext=o
ac_cv_path_EGREP='/usr/bin/grep -E'
ac_cv_path_FGREP='/usr/bin/grep -F'
ac_cv_path_GREP=/usr/bin/grep
ac_cv_path_M4=/usr/bin/m4
ac_cv_path_SED=/usr/bin/sed
ac_cv_path_install='/usr/bin/install -c'
ac_cv_path_mkdir=/usr/bin/mkdir
ac_cv_prog_AWK=mawk
ac_cv_prog_CPP='/usr/bin/gcc -E'
ac_cv_prog_CXXCPP='/usr/bin/g++ -E'
ac_cv_prog_ac_ct_AR=ar
ac_cv_prog_ac_ct_CC=/usr/bin/gcc
ac_cv_prog_ac_ct_F77=gfortran
ac_cv_prog_ac_ct_MANIFEST_TOOL=mt
ac_cv_prog_ac_ct_OBJDUMP=objdump
ac_cv_prog_ac_ct_RANLIB=ranlib
ac_cv_prog_ac_ct_STRIP=strip
ac_cv_prog_cc_c89=
ac_cv_prog_cc_g=yes
ac_cv_prog_cxx_g=yes
ac_cv_prog_f77_g=yes
ac_cv_prog_make_make_set=yes
ac_cv_search_cos=-lm
am_cv_CC_dependencies_compiler_type=gcc3
am_cv_CXX_dependencies_compiler_type=gcc3
am_cv_ar_interface=ar
am_cv_make_support_nested_variables=yes
ax_cv_check_f77flags__Werror__fallow_argument_mismatch=yes
lt_cv_ar_at_file=@
lt_cv_archive_cmds_need_lc=no
lt_cv_deplibs_check_method=pass_all
lt_cv_file_magic_cmd='$MAGIC_CMD'
lt_cv_file_magic_test_file=
lt_cv_ld_reload_flag=-r
lt_cv_nm_interface='BSD nm'
lt_cv_objdir=.libs
lt_cv_path_LD=/usr/bin/ld
lt_cv_path_LDCXX='/usr/bin/ld -m elf_x86_64'
lt_cv_path_NM='/usr/bin/nm -B'
lt_cv_path_mainfest_tool=no
lt_cv_prog_compiler_c_o=yes
lt_cv_prog_compiler_c_o_CXX=yes
lt_cv_prog_compiler_c_o_F77=yes
lt_cv_prog_compiler_pic='-fPIC -DPIC'
lt_cv_prog_compiler_pic_CXX='-fPIC -DPIC'
lt_cv_prog_compiler_pic_F77=-fPIC
lt_cv_prog_compiler_pic_works=yes
lt_cv_prog_compiler_pic_works_CXX=yes
lt_cv_prog_compiler_pic_works_F77=yes
lt_cv_prog_compiler_rtti_exceptions=no
lt_cv_prog_compiler_static_works=yes
lt_cv_prog_compiler_static_works_CXX=yes
lt_cv_prog_compiler_static_works_F77=yes
lt_cv_prog_gnu_ld=yes
lt_cv_prog_gnu_ldcxx=yes
lt_cv_sharedlib_from_linklib_cmd='printf %s\n'
lt_cv_shlibpath_overrides_runpath=yes
lt_cv_sys_global_symbol_pipe='sed -n -e '\''s/^.*[	 ]\([ABCDGIRSTW][ABCDGIRSTW]*\)[	 ][	 ]*\([_A-Za-z][_A-Za-z0-9]*\)$/\1 \2 \2/p'\'' | sed '\''/ __gnu_lto/d'\'''
lt_cv_sys_global_symbol_to_c_name_address='sed -n -e '\''s/^: \([^ ]*\)[ ]*$/  {\"\1\", (void *) 0},/p'\'' -e '\''s/^[ABCDGIRSTW]* \([^ ]*\) \([^ ]*\)$/  {"\2", (void *) \&\2},/p'\'''
lt_cv_sys_global_symbol_to_c_name_address_lib_prefix='sed -n -e '\''s/^: \([^ ]*\)[ ]*$/  {\"\1\", (void *) 0},/p'\'' -e '\''s/^[ABCDGIRSTW]* \([^ ]*\) \(lib[^ ]*\)$/  {"\2", (void *) \&\2},/p'\'' -e '\''s/^[ABCDGIRSTW]* \([^ ]*\) \([^ ]*\)$/  {"lib\2", (void *) \&\2},/p'\'''
lt_cv_sys_global_symbol_to_cdecl='sed -n -e '\''s/^T .* \(.*\)$/extern int \1();/p'\'' -e '\''s/^[ABCDGIRSTW]* .* \(.*\)$/extern char \1;/p'\'''
lt_cv_sys_max_cmd_len=1572864
lt_cv_to_host_file_cmd=func_convert_file_noop
lt_cv_to_tool_file_cmd=func_convert_file_noop

## ----------------- ##
## Output variables. ##
## ----------------- ##

ACLOCAL='${SHELL} /home/jordan/dev/privateer/dependencies/libccp4/trunk/build-aux/missing aclocal-1.13'
AMDEPBACKSLASH='\'
AMDEP_FALSE='#'
AMDEP_TRUE=''
AMTAR='$${TAR-tar}'
AM_BACKSLASH='\'
AM_DEFAULT_V='$(AM_DEFAULT_VERBOSITY)'
AM_DEFAULT_VERBOSITY='0'
AM_V='$(V)'
AR='ar'
AS='as'
AUTOCONF='${SHELL} /home/jordan/dev/privateer/dependencies/libccp4/trunk/build-aux/missing autoconf'
AUTOHEADER='${SHELL} /home/jordan/dev/privateer/dependencies/libccp4/trunk/build-aux/missing autoheader'
AUTOMAKE='${SHELL} /home/jordan/dev/privateer/dependencies/libccp4/trunk/build-aux/missing automake-1.13'
AWK='mawk'
CC='/usr/bin/gcc'
CCDEPMODE='depmode=gcc3'
CFLAGS='-g -O2'
CPP='/usr/bin/gcc -E'
CPPFLAGS='-I/home/jordan/dev/privateer/dependencies/include'
CXX='/usr/bin/g++'
CXXCPP='/usr/bin/g++ -E'
CXXDEPMODE='depmode=gcc3'
CXXFLAGS='-g -O2 -w -std=c++11'
CYGPATH_W='echo'
DEFS='-DHAVE_CONFIG_H'
DEPDIR='.deps'
DLLTOOL='false'
DSYMUTIL=''
DUMPBIN=''
ECHO_C=''
ECHO_N='-n'
ECHO_T=''
EGREP='/usr/bin/grep -E'
EXEEXT=''
F77='gfortran'
FFLAGS=' -fallow-argument-mismatch'
FGREP='/usr/bin/grep -F'
FORTRAN_LIB_FALSE='#'
FORTRAN_LIB_TRUE=''
GNU_FORTRAN_FALSE='#'
GNU_FORTRAN_TRUE=''
GREP='/usr/bin/grep'
INSTALL_DATA='${INSTALL} -m 644'
INSTALL_PROGRAM='${INSTALL}'
INSTALL_SCRIPT='${INSTALL}'
INSTALL_STRIP_PROGRAM='$(install_sh) -c -s'
LD='/usr/bin/ld -m elf_x86_64'
LDFLAGS='-L/home/jordan/dev/privateer/dependencies/lib -L/home/jordan/dev/privateer/dependencies/lib64'
LIBOBJS=''
LIBS='-lm '
LIBTOOL='$(SHELL) $(top_builddir)/libtool'
LIPO=''
LN_S='ln -s'
LTLIBOBJS=''
M4='/usr/bin/m4'
M4_ARG='-D_gfort=1'
MAINT='#'
MAINTAINER_MODE_FALSE=''
MAINTAINER_MODE_TRUE='#'
MAKEINFO='${SHELL} /home/jordan/dev/privateer/dependencies/libccp4/trunk/build-aux/missing makeinfo'
MANIFEST_TOOL=':'
MKDIR_P='/usr/bin/mkdir -p'
NM='/usr/bin/nm -B'
NMEDIT=''
OBJDUMP='objdump'
OBJEXT='o'
OTOOL64=''
OTOOL=''
PACKAGE='libccp4'
PACKAGE_BUGREPORT=''
PACKAGE_NAME='libccp4'
PACKAGE_STRING='libccp4 8.0.0'
PACKAGE_TARNAME='libccp4'
PACKAGE_URL=''
PACKAGE_VERSION='8.0.0'
PATH_SEPARATOR=':'
RANLIB='ranlib'
SED='/usr/bin/sed'
SET_MAKE=''
SHELL='/bin/bash'
STRIP='strip'
VERSION='8.0.0'
ac_ct_AR='ar'
ac_ct_CC='/usr/bin/gcc'
ac_ct_CXX=''
ac_ct_DUMPBIN=''
ac_ct_F77='gfortran'
am__EXEEXT_FALSE=''
am__EXEEXT_TRUE='#'
am__fastdepCC_FALSE='#'
am__fastdepCC_TRUE=''
am__fastdepCXX_FALSE='#'
am__fastdepCXX_TRUE=''
am__include='include'
am__isrc=''
am__leading_dot='.'
am__nodep='_no'
am__quote=''
am__tar='$${TAR-tar} chof - "$$tardir"'
am__untar='$${TAR-tar} xf -'
bindir='${exec_prefix}/bin'
build='x86_64-unknown-linux-gnu'
build_alias=''
build_cpu='x86_64'
build_os='linux-gnu'
build_vendor='unknown'
datadir='${datarootdir}'
datarootdir='${prefix}/share'
docdir='${datarootdir}/doc/${PACKAGE_TARNAME}'
dvidir='${docdir}'
exec_prefix='${prefix}'
host='x86_64-unknown-linux-gnu'
host_alias=''
host_cpu='x86_64'
host_os='linux-gnu'
host_vendor='unknown'
htmldir='${docdir}'
includedir='${prefix}/include'
infodir='${datarootdir}/info'
install_sh='${SHELL} /home/jordan/dev/privateer/dependencies/libccp4/trunk/build-aux/install-sh'
libdir='${exec_prefix}/lib'
libexecdir='${exec_prefix}/libexec'
localedir='${datarootdir}/locale'
localstatedir='${prefix}/var'
mandir='${datarootdir}/man'
mkdir_p='$(MKDIR_P)'
oldincludedir='/usr/include'
pdfdir='${docdir}'
prefix='/home/jordan/dev/privateer/dependencies'
program_transform_name='s,x,x,'
psdir='${docdir}'
sbindir='${exec_prefix}/sbin'
sharedstatedir='${prefix}/com'
sysconfdir='${prefix}/etc'
target_alias=''

## ----------- ##
## confdefs.h. ##
## ----------- ##

/* confdefs.h */
#define PACKAGE_NAME "libccp4"
#define PACKAGE_TARNAME "libccp4"
#define PACKAGE_VERSION "8.0.0"
#define PACKAGE_STRING "libccp4 8.0.0"
#define PACKAGE_BUGREPORT ""
#define PACKAGE_URL ""
#define PACKAGE "libccp4"
#define VERSION "8.0.0"
#define STDC_HEADERS 1
#define HAVE_SYS_TYPES_H 1
#define HAVE_SYS_STAT_H 1
#define HAVE_STDLIB_H 1
#define HAVE_STRING_H 1
#define HAVE_MEMORY_H 1
#define HAVE_STRINGS_H 1
#define HAVE_INTTYPES_H 1
#define HAVE_STDINT_H 1
#define HAVE_UNISTD_H 1
#define HAVE_DLFCN_H 1
#define LT_OBJDIR ".libs/"
#define GFORTRAN 1
#define PACKAGE_ROOT "/home/jordan/dev/privateer/dependencies"

configure: exit 0
